[ 77%] Built target isae_robot_skillset
[100%] Built target isae_robot_node
-- Install configuration: ""
-- Up-to-date: /home/etdisc/ros2_ws/install/isae_robot_skillset/include
-- Up-to-date: /home/etdisc/ros2_ws/install/isae_robot_skillset/include/isae_robot_skillset
-- Up-to-date: /home/etdisc/ros2_ws/install/isae_robot_skillset/include/isae_robot_skillset/Resource.hpp
-- Up-to-date: /home/etdisc/ros2_ws/install/isae_robot_skillset/include/isae_robot_skillset/Node.hpp
-- Up-to-date: /home/etdisc/ros2_ws/install/isae_robot_skillset/include/isae_robot_skillset/NodeDebug.hpp
-- Up-to-date: /home/etdisc/ros2_ws/install/isae_robot_skillset/lib/libisae_robot_skillset.a
-- Up-to-date: /home/etdisc/ros2_ws/install/isae_robot_skillset/lib/isae_robot_skillset/isae_robot_node
-- Up-to-date: /home/etdisc/ros2_ws/install/isae_robot_skillset/share/ament_index/resource_index/package_run_dependencies/isae_robot_skillset
-- Up-to-date: /home/etdisc/ros2_ws/install/isae_robot_skillset/share/ament_index/resource_index/parent_prefix_path/isae_robot_skillset
-- Up-to-date: /home/etdisc/ros2_ws/install/isae_robot_skillset/share/isae_robot_skillset/environment/ament_prefix_path.sh
-- Up-to-date: /home/etdisc/ros2_ws/install/isae_robot_skillset/share/isae_robot_skillset/environment/ament_prefix_path.dsv
-- Up-to-date: /home/etdisc/ros2_ws/install/isae_robot_skillset/share/isae_robot_skillset/environment/path.sh
-- Up-to-date: /home/etdisc/ros2_ws/install/isae_robot_skillset/share/isae_robot_skillset/environment/path.dsv
-- Up-to-date: /home/etdisc/ros2_ws/install/isae_robot_skillset/share/isae_robot_skillset/local_setup.bash
-- Up-to-date: /home/etdisc/ros2_ws/install/isae_robot_skillset/share/isae_robot_skillset/local_setup.sh
-- Up-to-date: /home/etdisc/ros2_ws/install/isae_robot_skillset/share/isae_robot_skillset/local_setup.zsh
-- Up-to-date: /home/etdisc/ros2_ws/install/isae_robot_skillset/share/isae_robot_skillset/local_setup.dsv
-- Installing: /home/etdisc/ros2_ws/install/isae_robot_skillset/share/isae_robot_skillset/package.dsv
-- Up-to-date: /home/etdisc/ros2_ws/install/isae_robot_skillset/share/ament_index/resource_index/packages/isae_robot_skillset
-- Up-to-date: /home/etdisc/ros2_ws/install/isae_robot_skillset/share/isae_robot_skillset/cmake/isae_robot_skillsetExport.cmake
-- Up-to-date: /home/etdisc/ros2_ws/install/isae_robot_skillset/share/isae_robot_skillset/cmake/isae_robot_skillsetExport-noconfig.cmake
-- Up-to-date: /home/etdisc/ros2_ws/install/isae_robot_skillset/share/isae_robot_skillset/cmake/ament_cmake_export_targets-extras.cmake
-- Up-to-date: /home/etdisc/ros2_ws/install/isae_robot_skillset/share/isae_robot_skillset/cmake/isae_robot_skillsetConfig.cmake
-- Up-to-date: /home/etdisc/ros2_ws/install/isae_robot_skillset/share/isae_robot_skillset/cmake/isae_robot_skillsetConfig-version.cmake
-- Up-to-date: /home/etdisc/ros2_ws/install/isae_robot_skillset/share/isae_robot_skillset/package.xml
