[0.033s] Invoking command in '/home/etdisc/ros2_ws/build/isae_robot_skillset': CMAKE_PREFIX_PATH=/home/etdisc/ros2_ws/install/isae_robot_skillset_interfaces:/home/etdisc/ros2_ws/install/target_tracking:/home/etdisc/ros2_ws/install/autonomy_architecture:/home/etdisc/ros2_ws/install/visual_detection:/home/etdisc/ros2_ws/install/isae_simulations_package:/home/etdisc/ros2_ws/install/isae_robot_skillset_client:/home/etdisc/ros2_ws/install/isae_robot_skillset_gui_widgets:/home/etdisc/ros2_ws/install/isae_robot_skillset:/home/etdisc/ros2_ws/install/control_pkg:/home/etdisc/ros2_ws/install/aias_lab_skillset:/home/etdisc/depots/colcon_ws/install/topic_tools:/home/etdisc/depots/colcon_ws/install/topic_tools_interfaces:/home/etdisc/depots/colcon_ws/install/move_to:/home/etdisc/depots/colcon_ws/install/gui_tools:/opt/ros/humble LD_LIBRARY_PATH=/home/etdisc/ros2_ws/install/isae_robot_skillset_interfaces/lib:/home/etdisc/ros2_ws/install/isae_robot_skillset_gui_widgets/lib:/home/etdisc/depots/colcon_ws/install/topic_tools/lib:/home/etdisc/depots/colcon_ws/install/topic_tools_interfaces/lib:/home/etdisc/depots/colcon_ws/install/move_to/lib:/home/etdisc/depots/colcon_ws/install/gui_tools/lib:/usr/lib/x86_64-linux-gnu/gazebo-11/plugins:/opt/ros/humble/opt/rviz_ogre_vendor/lib:/opt/ros/humble/lib/x86_64-linux-gnu:/opt/ros/humble/lib:/usr/share/gazebo/../../lib/x86_64-linux-gnu/gazebo-11/plugins /usr/bin/cmake --build /home/etdisc/ros2_ws/build/isae_robot_skillset -- -j4 -l4
[0.200s] [ 77%] Built target isae_robot_skillset
[0.257s] [100%] Built target isae_robot_node
[0.287s] Invoked command in '/home/etdisc/ros2_ws/build/isae_robot_skillset' returned '0': CMAKE_PREFIX_PATH=/home/etdisc/ros2_ws/install/isae_robot_skillset_interfaces:/home/etdisc/ros2_ws/install/target_tracking:/home/etdisc/ros2_ws/install/autonomy_architecture:/home/etdisc/ros2_ws/install/visual_detection:/home/etdisc/ros2_ws/install/isae_simulations_package:/home/etdisc/ros2_ws/install/isae_robot_skillset_client:/home/etdisc/ros2_ws/install/isae_robot_skillset_gui_widgets:/home/etdisc/ros2_ws/install/isae_robot_skillset:/home/etdisc/ros2_ws/install/control_pkg:/home/etdisc/ros2_ws/install/aias_lab_skillset:/home/etdisc/depots/colcon_ws/install/topic_tools:/home/etdisc/depots/colcon_ws/install/topic_tools_interfaces:/home/etdisc/depots/colcon_ws/install/move_to:/home/etdisc/depots/colcon_ws/install/gui_tools:/opt/ros/humble LD_LIBRARY_PATH=/home/etdisc/ros2_ws/install/isae_robot_skillset_interfaces/lib:/home/etdisc/ros2_ws/install/isae_robot_skillset_gui_widgets/lib:/home/etdisc/depots/colcon_ws/install/topic_tools/lib:/home/etdisc/depots/colcon_ws/install/topic_tools_interfaces/lib:/home/etdisc/depots/colcon_ws/install/move_to/lib:/home/etdisc/depots/colcon_ws/install/gui_tools/lib:/usr/lib/x86_64-linux-gnu/gazebo-11/plugins:/opt/ros/humble/opt/rviz_ogre_vendor/lib:/opt/ros/humble/lib/x86_64-linux-gnu:/opt/ros/humble/lib:/usr/share/gazebo/../../lib/x86_64-linux-gnu/gazebo-11/plugins /usr/bin/cmake --build /home/etdisc/ros2_ws/build/isae_robot_skillset -- -j4 -l4
[0.406s] Invoking command in '/home/etdisc/ros2_ws/build/isae_robot_skillset': CMAKE_PREFIX_PATH=/home/etdisc/ros2_ws/install/isae_robot_skillset_interfaces:/home/etdisc/ros2_ws/install/target_tracking:/home/etdisc/ros2_ws/install/autonomy_architecture:/home/etdisc/ros2_ws/install/visual_detection:/home/etdisc/ros2_ws/install/isae_simulations_package:/home/etdisc/ros2_ws/install/isae_robot_skillset_client:/home/etdisc/ros2_ws/install/isae_robot_skillset_gui_widgets:/home/etdisc/ros2_ws/install/isae_robot_skillset:/home/etdisc/ros2_ws/install/control_pkg:/home/etdisc/ros2_ws/install/aias_lab_skillset:/home/etdisc/depots/colcon_ws/install/topic_tools:/home/etdisc/depots/colcon_ws/install/topic_tools_interfaces:/home/etdisc/depots/colcon_ws/install/move_to:/home/etdisc/depots/colcon_ws/install/gui_tools:/opt/ros/humble LD_LIBRARY_PATH=/home/etdisc/ros2_ws/install/isae_robot_skillset_interfaces/lib:/home/etdisc/ros2_ws/install/isae_robot_skillset_gui_widgets/lib:/home/etdisc/depots/colcon_ws/install/topic_tools/lib:/home/etdisc/depots/colcon_ws/install/topic_tools_interfaces/lib:/home/etdisc/depots/colcon_ws/install/move_to/lib:/home/etdisc/depots/colcon_ws/install/gui_tools/lib:/usr/lib/x86_64-linux-gnu/gazebo-11/plugins:/opt/ros/humble/opt/rviz_ogre_vendor/lib:/opt/ros/humble/lib/x86_64-linux-gnu:/opt/ros/humble/lib:/usr/share/gazebo/../../lib/x86_64-linux-gnu/gazebo-11/plugins /usr/bin/cmake --install /home/etdisc/ros2_ws/build/isae_robot_skillset
[0.438s] -- Install configuration: ""
[0.438s] -- Up-to-date: /home/etdisc/ros2_ws/install/isae_robot_skillset/include
[0.438s] -- Up-to-date: /home/etdisc/ros2_ws/install/isae_robot_skillset/include/isae_robot_skillset
[0.439s] -- Up-to-date: /home/etdisc/ros2_ws/install/isae_robot_skillset/include/isae_robot_skillset/Resource.hpp
[0.440s] -- Up-to-date: /home/etdisc/ros2_ws/install/isae_robot_skillset/include/isae_robot_skillset/Node.hpp
[0.440s] -- Up-to-date: /home/etdisc/ros2_ws/install/isae_robot_skillset/include/isae_robot_skillset/NodeDebug.hpp
[0.440s] -- Up-to-date: /home/etdisc/ros2_ws/install/isae_robot_skillset/lib/libisae_robot_skillset.a
[0.440s] -- Up-to-date: /home/etdisc/ros2_ws/install/isae_robot_skillset/lib/isae_robot_skillset/isae_robot_node
[0.441s] -- Up-to-date: /home/etdisc/ros2_ws/install/isae_robot_skillset/share/ament_index/resource_index/package_run_dependencies/isae_robot_skillset
[0.441s] -- Up-to-date: /home/etdisc/ros2_ws/install/isae_robot_skillset/share/ament_index/resource_index/parent_prefix_path/isae_robot_skillset
[0.441s] -- Up-to-date: /home/etdisc/ros2_ws/install/isae_robot_skillset/share/isae_robot_skillset/environment/ament_prefix_path.sh
[0.441s] -- Up-to-date: /home/etdisc/ros2_ws/install/isae_robot_skillset/share/isae_robot_skillset/environment/ament_prefix_path.dsv
[0.441s] -- Up-to-date: /home/etdisc/ros2_ws/install/isae_robot_skillset/share/isae_robot_skillset/environment/path.sh
[0.441s] -- Up-to-date: /home/etdisc/ros2_ws/install/isae_robot_skillset/share/isae_robot_skillset/environment/path.dsv
[0.441s] -- Up-to-date: /home/etdisc/ros2_ws/install/isae_robot_skillset/share/isae_robot_skillset/local_setup.bash
[0.441s] -- Up-to-date: /home/etdisc/ros2_ws/install/isae_robot_skillset/share/isae_robot_skillset/local_setup.sh
[0.441s] -- Up-to-date: /home/etdisc/ros2_ws/install/isae_robot_skillset/share/isae_robot_skillset/local_setup.zsh
[0.443s] -- Up-to-date: /home/etdisc/ros2_ws/install/isae_robot_skillset/share/isae_robot_skillset/local_setup.dsv
[0.443s] -- Installing: /home/etdisc/ros2_ws/install/isae_robot_skillset/share/isae_robot_skillset/package.dsv
[0.443s] -- Up-to-date: /home/etdisc/ros2_ws/install/isae_robot_skillset/share/ament_index/resource_index/packages/isae_robot_skillset
[0.443s] -- Up-to-date: /home/etdisc/ros2_ws/install/isae_robot_skillset/share/isae_robot_skillset/cmake/isae_robot_skillsetExport.cmake
[0.443s] -- Up-to-date: /home/etdisc/ros2_ws/install/isae_robot_skillset/share/isae_robot_skillset/cmake/isae_robot_skillsetExport-noconfig.cmake
[0.443s] -- Up-to-date: /home/etdisc/ros2_ws/install/isae_robot_skillset/share/isae_robot_skillset/cmake/ament_cmake_export_targets-extras.cmake
[0.443s] -- Up-to-date: /home/etdisc/ros2_ws/install/isae_robot_skillset/share/isae_robot_skillset/cmake/isae_robot_skillsetConfig.cmake
[0.444s] -- Up-to-date: /home/etdisc/ros2_ws/install/isae_robot_skillset/share/isae_robot_skillset/cmake/isae_robot_skillsetConfig-version.cmake
[0.444s] -- Up-to-date: /home/etdisc/ros2_ws/install/isae_robot_skillset/share/isae_robot_skillset/package.xml
[0.458s] Invoked command in '/home/etdisc/ros2_ws/build/isae_robot_skillset' returned '0': CMAKE_PREFIX_PATH=/home/etdisc/ros2_ws/install/isae_robot_skillset_interfaces:/home/etdisc/ros2_ws/install/target_tracking:/home/etdisc/ros2_ws/install/autonomy_architecture:/home/etdisc/ros2_ws/install/visual_detection:/home/etdisc/ros2_ws/install/isae_simulations_package:/home/etdisc/ros2_ws/install/isae_robot_skillset_client:/home/etdisc/ros2_ws/install/isae_robot_skillset_gui_widgets:/home/etdisc/ros2_ws/install/isae_robot_skillset:/home/etdisc/ros2_ws/install/control_pkg:/home/etdisc/ros2_ws/install/aias_lab_skillset:/home/etdisc/depots/colcon_ws/install/topic_tools:/home/etdisc/depots/colcon_ws/install/topic_tools_interfaces:/home/etdisc/depots/colcon_ws/install/move_to:/home/etdisc/depots/colcon_ws/install/gui_tools:/opt/ros/humble LD_LIBRARY_PATH=/home/etdisc/ros2_ws/install/isae_robot_skillset_interfaces/lib:/home/etdisc/ros2_ws/install/isae_robot_skillset_gui_widgets/lib:/home/etdisc/depots/colcon_ws/install/topic_tools/lib:/home/etdisc/depots/colcon_ws/install/topic_tools_interfaces/lib:/home/etdisc/depots/colcon_ws/install/move_to/lib:/home/etdisc/depots/colcon_ws/install/gui_tools/lib:/usr/lib/x86_64-linux-gnu/gazebo-11/plugins:/opt/ros/humble/opt/rviz_ogre_vendor/lib:/opt/ros/humble/lib/x86_64-linux-gnu:/opt/ros/humble/lib:/usr/share/gazebo/../../lib/x86_64-linux-gnu/gazebo-11/plugins /usr/bin/cmake --install /home/etdisc/ros2_ws/build/isae_robot_skillset
