[0.034s] Invoking command in '/home/etdisc/ros2_ws/build/autonomy_architecture': CMAKE_PREFIX_PATH=/home/etdisc/ros2_ws/install/visual_detection:/home/etdisc/ros2_ws/install/control_pkg:/home/etdisc/ros2_ws/install/target_tracking:/home/etdisc/ros2_ws/install/autonomy_architecture:/home/etdisc/ros2_ws/install/isae_simulations_package:/home/etdisc/ros2_ws/install/isae_robot_skillset_client:/home/etdisc/ros2_ws/install/isae_robot_skillset_interfaces:/home/etdisc/ros2_ws/install/isae_robot_skillset_gui_widgets:/home/etdisc/ros2_ws/install/isae_robot_skillset:/home/etdisc/ros2_ws/install/aias_lab_skillset:/home/etdisc/depots/colcon_ws/install/topic_tools:/home/etdisc/depots/colcon_ws/install/topic_tools_interfaces:/home/etdisc/depots/colcon_ws/install/move_to:/home/etdisc/depots/colcon_ws/install/gui_tools:/opt/ros/humble /usr/bin/cmake --build /home/etdisc/ros2_ws/build/autonomy_architecture -- -j4 -l4
[0.171s] [100%] Built target odom_to_pose
[0.214s] Invoked command in '/home/etdisc/ros2_ws/build/autonomy_architecture' returned '0': CMAKE_PREFIX_PATH=/home/etdisc/ros2_ws/install/visual_detection:/home/etdisc/ros2_ws/install/control_pkg:/home/etdisc/ros2_ws/install/target_tracking:/home/etdisc/ros2_ws/install/autonomy_architecture:/home/etdisc/ros2_ws/install/isae_simulations_package:/home/etdisc/ros2_ws/install/isae_robot_skillset_client:/home/etdisc/ros2_ws/install/isae_robot_skillset_interfaces:/home/etdisc/ros2_ws/install/isae_robot_skillset_gui_widgets:/home/etdisc/ros2_ws/install/isae_robot_skillset:/home/etdisc/ros2_ws/install/aias_lab_skillset:/home/etdisc/depots/colcon_ws/install/topic_tools:/home/etdisc/depots/colcon_ws/install/topic_tools_interfaces:/home/etdisc/depots/colcon_ws/install/move_to:/home/etdisc/depots/colcon_ws/install/gui_tools:/opt/ros/humble /usr/bin/cmake --build /home/etdisc/ros2_ws/build/autonomy_architecture -- -j4 -l4
[0.328s] Invoking command in '/home/etdisc/ros2_ws/build/autonomy_architecture': CMAKE_PREFIX_PATH=/home/etdisc/ros2_ws/install/visual_detection:/home/etdisc/ros2_ws/install/control_pkg:/home/etdisc/ros2_ws/install/target_tracking:/home/etdisc/ros2_ws/install/autonomy_architecture:/home/etdisc/ros2_ws/install/isae_simulations_package:/home/etdisc/ros2_ws/install/isae_robot_skillset_client:/home/etdisc/ros2_ws/install/isae_robot_skillset_interfaces:/home/etdisc/ros2_ws/install/isae_robot_skillset_gui_widgets:/home/etdisc/ros2_ws/install/isae_robot_skillset:/home/etdisc/ros2_ws/install/aias_lab_skillset:/home/etdisc/depots/colcon_ws/install/topic_tools:/home/etdisc/depots/colcon_ws/install/topic_tools_interfaces:/home/etdisc/depots/colcon_ws/install/move_to:/home/etdisc/depots/colcon_ws/install/gui_tools:/opt/ros/humble /usr/bin/cmake --install /home/etdisc/ros2_ws/build/autonomy_architecture
[0.356s] -- Install configuration: ""
[0.356s] -- Up-to-date: /home/etdisc/ros2_ws/install/autonomy_architecture/lib/autonomy_architecture/odom_to_pose
[0.356s] -- Up-to-date: /home/etdisc/ros2_ws/install/autonomy_architecture/share/autonomy_architecture//launch
[0.358s] -- Up-to-date: /home/etdisc/ros2_ws/install/autonomy_architecture/share/autonomy_architecture//launch/__pycache__
[0.359s] -- Installing: /home/etdisc/ros2_ws/install/autonomy_architecture/share/autonomy_architecture//launch/__pycache__/autonomy_architecture.launch.cpython-310.pyc
[0.359s] -- Up-to-date: /home/etdisc/ros2_ws/install/autonomy_architecture/share/autonomy_architecture//launch/autonomy_architecture.launch.py
[0.359s] -- Up-to-date: /home/etdisc/ros2_ws/install/autonomy_architecture/share/ament_index/resource_index/package_run_dependencies/autonomy_architecture
[0.359s] -- Up-to-date: /home/etdisc/ros2_ws/install/autonomy_architecture/share/ament_index/resource_index/parent_prefix_path/autonomy_architecture
[0.361s] -- Up-to-date: /home/etdisc/ros2_ws/install/autonomy_architecture/share/autonomy_architecture/environment/ament_prefix_path.sh
[0.361s] -- Up-to-date: /home/etdisc/ros2_ws/install/autonomy_architecture/share/autonomy_architecture/environment/ament_prefix_path.dsv
[0.361s] -- Up-to-date: /home/etdisc/ros2_ws/install/autonomy_architecture/share/autonomy_architecture/environment/path.sh
[0.361s] -- Up-to-date: /home/etdisc/ros2_ws/install/autonomy_architecture/share/autonomy_architecture/environment/path.dsv
[0.361s] -- Up-to-date: /home/etdisc/ros2_ws/install/autonomy_architecture/share/autonomy_architecture/local_setup.bash
[0.361s] -- Up-to-date: /home/etdisc/ros2_ws/install/autonomy_architecture/share/autonomy_architecture/local_setup.sh
[0.362s] -- Up-to-date: /home/etdisc/ros2_ws/install/autonomy_architecture/share/autonomy_architecture/local_setup.zsh
[0.362s] -- Up-to-date: /home/etdisc/ros2_ws/install/autonomy_architecture/share/autonomy_architecture/local_setup.dsv
[0.365s] -- Installing: /home/etdisc/ros2_ws/install/autonomy_architecture/share/autonomy_architecture/package.dsv
[0.367s] -- Up-to-date: /home/etdisc/ros2_ws/install/autonomy_architecture/share/ament_index/resource_index/packages/autonomy_architecture
[0.369s] -- Up-to-date: /home/etdisc/ros2_ws/install/autonomy_architecture/share/autonomy_architecture/cmake/autonomy_architectureConfig.cmake
[0.371s] -- Up-to-date: /home/etdisc/ros2_ws/install/autonomy_architecture/share/autonomy_architecture/cmake/autonomy_architectureConfig-version.cmake
[0.371s] -- Up-to-date: /home/etdisc/ros2_ws/install/autonomy_architecture/share/autonomy_architecture/package.xml
[0.376s] Invoked command in '/home/etdisc/ros2_ws/build/autonomy_architecture' returned '0': CMAKE_PREFIX_PATH=/home/etdisc/ros2_ws/install/visual_detection:/home/etdisc/ros2_ws/install/control_pkg:/home/etdisc/ros2_ws/install/target_tracking:/home/etdisc/ros2_ws/install/autonomy_architecture:/home/etdisc/ros2_ws/install/isae_simulations_package:/home/etdisc/ros2_ws/install/isae_robot_skillset_client:/home/etdisc/ros2_ws/install/isae_robot_skillset_interfaces:/home/etdisc/ros2_ws/install/isae_robot_skillset_gui_widgets:/home/etdisc/ros2_ws/install/isae_robot_skillset:/home/etdisc/ros2_ws/install/aias_lab_skillset:/home/etdisc/depots/colcon_ws/install/topic_tools:/home/etdisc/depots/colcon_ws/install/topic_tools_interfaces:/home/etdisc/depots/colcon_ws/install/move_to:/home/etdisc/depots/colcon_ws/install/gui_tools:/opt/ros/humble /usr/bin/cmake --install /home/etdisc/ros2_ws/build/autonomy_architecture
