-- The C compiler identification is GNU 11.4.0
-- The CXX compiler identification is GNU 11.4.0
-- Detecting C compiler ABI info
-- Detecting C compiler ABI info - done
-- Check for working C compiler: /usr/bin/cc - skipped
-- Detecting C compile features
-- Detecting C compile features - done
-- Detecting CXX compiler ABI info
-- Detecting CXX compiler ABI info - done
-- Check for working CXX compiler: /usr/bin/c++ - skipped
-- Detecting CXX compile features
-- Detecting CXX compile features - done
-- Found ament_cmake: 1.3.9 (/opt/ros/humble/share/ament_cmake/cmake)
-- Found Python3: /usr/bin/python3 (found version "3.10.12") found components: Interpreter 
-- Found gazebo_ros_pkgs: 3.7.0 (/opt/ros/humble/share/gazebo_ros_pkgs/cmake)
-- Found rviz2: 11.2.12 (/opt/ros/humble/share/rviz2/cmake)
-- Found ament_lint_auto: 0.12.11 (/opt/ros/humble/share/ament_lint_auto/cmake)
-- Added test 'copyright' to check source files copyright and LICENSE
-- Added test 'flake8' to check Python code syntax and style conventions
-- Added test 'lint_cmake' to check CMake code style
-- Added test 'pep257' to check Python code against some of the docstring style conventions in PEP 257
-- Added test 'xmllint' to check XML markup files
-- Configuring done
-- Generating done
-- Build files have been written to: /home/etdisc/ros2_ws/build/isae_simulations_package
-- Install configuration: ""
-- Installing: /home/etdisc/ros2_ws/install/isae_simulations_package/share/isae_simulations_package//launch
-- Installing: /home/etdisc/ros2_ws/install/isae_simulations_package/share/isae_simulations_package//launch/load_isae_prex_camera_into_gazebo.launch.py
-- Installing: /home/etdisc/ros2_ws/install/isae_simulations_package/share/isae_simulations_package//launch/prex_pc.py
-- Installing: /home/etdisc/ros2_ws/install/isae_simulations_package/share/isae_simulations_package//launch/load_isae_world_into_gazebo.launch.py
-- Installing: /home/etdisc/ros2_ws/install/isae_simulations_package/share/isae_simulations_package//launch/load_isae_prex_telemetre_into_gazebo.launch.py
-- Installing: /home/etdisc/ros2_ws/install/isae_simulations_package/share/isae_simulations_package//launch/teleop-isae-launch.py
-- Installing: /home/etdisc/ros2_ws/install/isae_simulations_package/share/isae_simulations_package//models
-- Installing: /home/etdisc/ros2_ws/install/isae_simulations_package/share/isae_simulations_package//models/greenBox
-- Installing: /home/etdisc/ros2_ws/install/isae_simulations_package/share/isae_simulations_package//models/greenBox/model.config
-- Installing: /home/etdisc/ros2_ws/install/isae_simulations_package/share/isae_simulations_package//models/greenBox/model.sdf
-- Installing: /home/etdisc/ros2_ws/install/isae_simulations_package/share/isae_simulations_package//models/roversensor
-- Installing: /home/etdisc/ros2_ws/install/isae_simulations_package/share/isae_simulations_package//models/roversensor/model.config
-- Installing: /home/etdisc/ros2_ws/install/isae_simulations_package/share/isae_simulations_package//models/roversensor/model.sdf
-- Installing: /home/etdisc/ros2_ws/install/isae_simulations_package/share/isae_simulations_package//models/rover
-- Installing: /home/etdisc/ros2_ws/install/isae_simulations_package/share/isae_simulations_package//models/rover/model.config
-- Installing: /home/etdisc/ros2_ws/install/isae_simulations_package/share/isae_simulations_package//models/rover/model.sdf
-- Installing: /home/etdisc/ros2_ws/install/isae_simulations_package/share/isae_simulations_package//models/red_box
-- Installing: /home/etdisc/ros2_ws/install/isae_simulations_package/share/isae_simulations_package//models/red_box/model.config
-- Installing: /home/etdisc/ros2_ws/install/isae_simulations_package/share/isae_simulations_package//models/red_box/model.sdf
-- Installing: /home/etdisc/ros2_ws/install/isae_simulations_package/share/isae_simulations_package//models/mat_prex_cam
-- Installing: /home/etdisc/ros2_ws/install/isae_simulations_package/share/isae_simulations_package//models/mat_prex_cam/model.config
-- Installing: /home/etdisc/ros2_ws/install/isae_simulations_package/share/isae_simulations_package//models/mat_prex_cam/meshes
-- Installing: /home/etdisc/ros2_ws/install/isae_simulations_package/share/isae_simulations_package//models/mat_prex_cam/meshes/mat_irobot_prex.dae
-- Installing: /home/etdisc/ros2_ws/install/isae_simulations_package/share/isae_simulations_package//models/mat_prex_cam/meshes/mat.dae
-- Installing: /home/etdisc/ros2_ws/install/isae_simulations_package/share/isae_simulations_package//models/mat_prex_cam/meshes/untitled.dae
-- Installing: /home/etdisc/ros2_ws/install/isae_simulations_package/share/isae_simulations_package//models/mat_prex_cam/model.sdf
-- Installing: /home/etdisc/ros2_ws/install/isae_simulations_package/share/isae_simulations_package//models/greyBoxIsae
-- Installing: /home/etdisc/ros2_ws/install/isae_simulations_package/share/isae_simulations_package//models/greyBoxIsae/model.config
-- Installing: /home/etdisc/ros2_ws/install/isae_simulations_package/share/isae_simulations_package//models/greyBoxIsae/model.sdf
-- Installing: /home/etdisc/ros2_ws/install/isae_simulations_package/share/isae_simulations_package//models/Irobot_01_prex_cam
-- Installing: /home/etdisc/ros2_ws/install/isae_simulations_package/share/isae_simulations_package//models/Irobot_01_prex_cam/model.config
-- Installing: /home/etdisc/ros2_ws/install/isae_simulations_package/share/isae_simulations_package//models/Irobot_01_prex_cam/model_V2.sdf
-- Installing: /home/etdisc/ros2_ws/install/isae_simulations_package/share/isae_simulations_package//models/Irobot_01_prex_cam/model.sdf
-- Installing: /home/etdisc/ros2_ws/install/isae_simulations_package/share/isae_simulations_package//models/helibox
-- Installing: /home/etdisc/ros2_ws/install/isae_simulations_package/share/isae_simulations_package//models/helibox/model.config
-- Installing: /home/etdisc/ros2_ws/install/isae_simulations_package/share/isae_simulations_package//models/helibox/materials
-- Installing: /home/etdisc/ros2_ws/install/isae_simulations_package/share/isae_simulations_package//models/helibox/materials/scripts
-- Installing: /home/etdisc/ros2_ws/install/isae_simulations_package/share/isae_simulations_package//models/helibox/materials/scripts/repeated.material
-- Installing: /home/etdisc/ros2_ws/install/isae_simulations_package/share/isae_simulations_package//models/helibox/materials/textures
-- Installing: /home/etdisc/ros2_ws/install/isae_simulations_package/share/isae_simulations_package//models/helibox/materials/textures/H.png
-- Installing: /home/etdisc/ros2_ws/install/isae_simulations_package/share/isae_simulations_package//models/helibox/materials/textures/H.jpg
-- Installing: /home/etdisc/ros2_ws/install/isae_simulations_package/share/isae_simulations_package//models/helibox/model.sdf
-- Installing: /home/etdisc/ros2_ws/install/isae_simulations_package/share/isae_simulations_package//models/camera
-- Installing: /home/etdisc/ros2_ws/install/isae_simulations_package/share/isae_simulations_package//models/camera/model.config
-- Installing: /home/etdisc/ros2_ws/install/isae_simulations_package/share/isae_simulations_package//models/camera/__model.sdf
-- Installing: /home/etdisc/ros2_ws/install/isae_simulations_package/share/isae_simulations_package//models/camera/model.sdf
-- Installing: /home/etdisc/ros2_ws/install/isae_simulations_package/share/isae_simulations_package//models/batiment_residence_01
-- Installing: /home/etdisc/ros2_ws/install/isae_simulations_package/share/isae_simulations_package//models/batiment_residence_01/model.config
-- Installing: /home/etdisc/ros2_ws/install/isae_simulations_package/share/isae_simulations_package//models/batiment_residence_01/dae_bat_residence_01
-- Installing: /home/etdisc/ros2_ws/install/isae_simulations_package/share/isae_simulations_package//models/batiment_residence_01/dae_bat_residence_01/bat_residence_01.dae
-- Installing: /home/etdisc/ros2_ws/install/isae_simulations_package/share/isae_simulations_package//models/batiment_residence_01/dae_bat_residence_01/gazebo_res_01.jpg
-- Installing: /home/etdisc/ros2_ws/install/isae_simulations_package/share/isae_simulations_package//models/batiment_residence_01/dae_bat_residence_01/toit_noir.jpg
-- Installing: /home/etdisc/ros2_ws/install/isae_simulations_package/share/isae_simulations_package//models/batiment_residence_01/dae_bat_residence_02
-- Installing: /home/etdisc/ros2_ws/install/isae_simulations_package/share/isae_simulations_package//models/batiment_residence_01/dae_bat_residence_02/bat_residence_02.dae
-- Installing: /home/etdisc/ros2_ws/install/isae_simulations_package/share/isae_simulations_package//models/batiment_residence_01/dae_bat_residence_02/gazebo_res_01.jpg
-- Installing: /home/etdisc/ros2_ws/install/isae_simulations_package/share/isae_simulations_package//models/batiment_residence_01/dae_bat_residence_02/toit_noir.jpg
-- Installing: /home/etdisc/ros2_ws/install/isae_simulations_package/share/isae_simulations_package//models/batiment_residence_01/bat_res_01
-- Installing: /home/etdisc/ros2_ws/install/isae_simulations_package/share/isae_simulations_package//models/batiment_residence_01/bat_res_01/gazebo_res_01__.jpg
-- Installing: /home/etdisc/ros2_ws/install/isae_simulations_package/share/isae_simulations_package//models/batiment_residence_01/bat_res_01/bat_residence_01.dae
-- Installing: /home/etdisc/ros2_ws/install/isae_simulations_package/share/isae_simulations_package//models/batiment_residence_01/bat_res_01/gazebo_res_01.jpg
-- Installing: /home/etdisc/ros2_ws/install/isae_simulations_package/share/isae_simulations_package//models/batiment_residence_01/bat_res_01/toit_noir.jpg
-- Installing: /home/etdisc/ros2_ws/install/isae_simulations_package/share/isae_simulations_package//models/batiment_residence_01/model.sdf
-- Installing: /home/etdisc/ros2_ws/install/isae_simulations_package/share/isae_simulations_package//models/hokuyo_ros2_sensor
-- Installing: /home/etdisc/ros2_ws/install/isae_simulations_package/share/isae_simulations_package//models/hokuyo_ros2_sensor/model.config
-- Installing: /home/etdisc/ros2_ws/install/isae_simulations_package/share/isae_simulations_package//models/hokuyo_ros2_sensor/model.sdf
-- Installing: /home/etdisc/ros2_ws/install/isae_simulations_package/share/isae_simulations_package//models/green_decor
-- Installing: /home/etdisc/ros2_ws/install/isae_simulations_package/share/isae_simulations_package//models/green_decor/model.config
-- Installing: /home/etdisc/ros2_ws/install/isae_simulations_package/share/isae_simulations_package//models/green_decor/model.sdf
-- Installing: /home/etdisc/ros2_ws/install/isae_simulations_package/share/isae_simulations_package//models/greencube
-- Installing: /home/etdisc/ros2_ws/install/isae_simulations_package/share/isae_simulations_package//models/greencube/model.config
-- Installing: /home/etdisc/ros2_ws/install/isae_simulations_package/share/isae_simulations_package//models/greencube/model.sdf
-- Installing: /home/etdisc/ros2_ws/install/isae_simulations_package/share/isae_simulations_package//models/bat_res_avion
-- Installing: /home/etdisc/ros2_ws/install/isae_simulations_package/share/isae_simulations_package//models/bat_res_avion/model.config
-- Installing: /home/etdisc/ros2_ws/install/isae_simulations_package/share/isae_simulations_package//models/bat_res_avion/bat_res_avion
-- Installing: /home/etdisc/ros2_ws/install/isae_simulations_package/share/isae_simulations_package//models/bat_res_avion/bat_res_avion/gazebo_res_01__.jpg
-- Installing: /home/etdisc/ros2_ws/install/isae_simulations_package/share/isae_simulations_package//models/bat_res_avion/bat_res_avion/avion.jpeg
-- Installing: /home/etdisc/ros2_ws/install/isae_simulations_package/share/isae_simulations_package//models/bat_res_avion/bat_res_avion/bat_res_avion.dae
-- Installing: /home/etdisc/ros2_ws/install/isae_simulations_package/share/isae_simulations_package//models/bat_res_avion/bat_res_avion/gazebo_res_01.jpg
-- Installing: /home/etdisc/ros2_ws/install/isae_simulations_package/share/isae_simulations_package//models/bat_res_avion/bat_res_avion/toit_noir.jpg
-- Installing: /home/etdisc/ros2_ws/install/isae_simulations_package/share/isae_simulations_package//models/bat_res_avion/model.sdf
-- Installing: /home/etdisc/ros2_ws/install/isae_simulations_package/share/isae_simulations_package//models/whiteBoxIsae
-- Installing: /home/etdisc/ros2_ws/install/isae_simulations_package/share/isae_simulations_package//models/whiteBoxIsae/model.config
-- Installing: /home/etdisc/ros2_ws/install/isae_simulations_package/share/isae_simulations_package//models/whiteBoxIsae/model.sdf
-- Installing: /home/etdisc/ros2_ws/install/isae_simulations_package/share/isae_simulations_package//models/greyBox
-- Installing: /home/etdisc/ros2_ws/install/isae_simulations_package/share/isae_simulations_package//models/greyBox/model.config
-- Installing: /home/etdisc/ros2_ws/install/isae_simulations_package/share/isae_simulations_package//models/greyBox/model.sdf
-- Installing: /home/etdisc/ros2_ws/install/isae_simulations_package/share/isae_simulations_package//models/bat_psa
-- Installing: /home/etdisc/ros2_ws/install/isae_simulations_package/share/isae_simulations_package//models/bat_psa/model.config
-- Installing: /home/etdisc/ros2_ws/install/isae_simulations_package/share/isae_simulations_package//models/bat_psa/bat_psa
-- Installing: /home/etdisc/ros2_ws/install/isae_simulations_package/share/isae_simulations_package//models/bat_psa/bat_psa/room_07_009_without_roof.dae
-- Installing: /home/etdisc/ros2_ws/install/isae_simulations_package/share/isae_simulations_package//models/bat_psa/model.sdf
-- Installing: /home/etdisc/ros2_ws/install/isae_simulations_package/share/isae_simulations_package//models/bat_res_isae
-- Installing: /home/etdisc/ros2_ws/install/isae_simulations_package/share/isae_simulations_package//models/bat_res_isae/model.config
-- Installing: /home/etdisc/ros2_ws/install/isae_simulations_package/share/isae_simulations_package//models/bat_res_isae/bat_isae
-- Installing: /home/etdisc/ros2_ws/install/isae_simulations_package/share/isae_simulations_package//models/bat_res_isae/bat_isae/ecole__.jpg
-- Installing: /home/etdisc/ros2_ws/install/isae_simulations_package/share/isae_simulations_package//models/bat_res_isae/bat_isae/toit_gris.jpg
-- Installing: /home/etdisc/ros2_ws/install/isae_simulations_package/share/isae_simulations_package//models/bat_res_isae/bat_isae/ecole2.jpg
-- Installing: /home/etdisc/ros2_ws/install/isae_simulations_package/share/isae_simulations_package//models/bat_res_isae/bat_isae/bat_isae.dae
-- Installing: /home/etdisc/ros2_ws/install/isae_simulations_package/share/isae_simulations_package//models/bat_res_isae/bat_isae/ecole.jpg
-- Installing: /home/etdisc/ros2_ws/install/isae_simulations_package/share/isae_simulations_package//models/bat_res_isae/bat_isae/ecole_.jpg
-- Installing: /home/etdisc/ros2_ws/install/isae_simulations_package/share/isae_simulations_package//models/bat_res_isae/model.sdf
-- Installing: /home/etdisc/ros2_ws/install/isae_simulations_package/share/isae_simulations_package//models/rover_camera
-- Installing: /home/etdisc/ros2_ws/install/isae_simulations_package/share/isae_simulations_package//models/rover_camera/model.config
-- Installing: /home/etdisc/ros2_ws/install/isae_simulations_package/share/isae_simulations_package//models/rover_camera/model.sdf
-- Installing: /home/etdisc/ros2_ws/install/isae_simulations_package/share/isae_simulations_package//models/Irobot_02_prex
-- Installing: /home/etdisc/ros2_ws/install/isae_simulations_package/share/isae_simulations_package//models/Irobot_02_prex/model.config
-- Installing: /home/etdisc/ros2_ws/install/isae_simulations_package/share/isae_simulations_package//models/Irobot_02_prex/model_V2.sdf
-- Installing: /home/etdisc/ros2_ws/install/isae_simulations_package/share/isae_simulations_package//models/Irobot_02_prex/model.sdf
-- Installing: /home/etdisc/ros2_ws/install/isae_simulations_package/share/isae_simulations_package//models/external_area
-- Installing: /home/etdisc/ros2_ws/install/isae_simulations_package/share/isae_simulations_package//models/external_area/model.config
-- Installing: /home/etdisc/ros2_ws/install/isae_simulations_package/share/isae_simulations_package//models/external_area/model.sdf
-- Installing: /home/etdisc/ros2_ws/install/isae_simulations_package/share/isae_simulations_package//models/brownBox
-- Installing: /home/etdisc/ros2_ws/install/isae_simulations_package/share/isae_simulations_package//models/brownBox/model.config
-- Installing: /home/etdisc/ros2_ws/install/isae_simulations_package/share/isae_simulations_package//models/brownBox/model.sdf
-- Installing: /home/etdisc/ros2_ws/install/isae_simulations_package/share/isae_simulations_package//models/kinect_ros2_sensor
-- Installing: /home/etdisc/ros2_ws/install/isae_simulations_package/share/isae_simulations_package//models/kinect_ros2_sensor/model.config
-- Installing: /home/etdisc/ros2_ws/install/isae_simulations_package/share/isae_simulations_package//models/kinect_ros2_sensor/materials
-- Installing: /home/etdisc/ros2_ws/install/isae_simulations_package/share/isae_simulations_package//models/kinect_ros2_sensor/materials/textures
-- Installing: /home/etdisc/ros2_ws/install/isae_simulations_package/share/isae_simulations_package//models/kinect_ros2_sensor/materials/textures/kinect.png
-- Installing: /home/etdisc/ros2_ws/install/isae_simulations_package/share/isae_simulations_package//models/kinect_ros2_sensor/meshes
-- Installing: /home/etdisc/ros2_ws/install/isae_simulations_package/share/isae_simulations_package//models/kinect_ros2_sensor/meshes/kinect.dae
-- Installing: /home/etdisc/ros2_ws/install/isae_simulations_package/share/isae_simulations_package//models/kinect_ros2_sensor/model.sdf
-- Installing: /home/etdisc/ros2_ws/install/isae_simulations_package/share/isae_simulations_package//models/d435_ros2_sensor
-- Installing: /home/etdisc/ros2_ws/install/isae_simulations_package/share/isae_simulations_package//models/d435_ros2_sensor/model_V1.sdf
-- Installing: /home/etdisc/ros2_ws/install/isae_simulations_package/share/isae_simulations_package//models/d435_ros2_sensor/model.config
-- Installing: /home/etdisc/ros2_ws/install/isae_simulations_package/share/isae_simulations_package//models/d435_ros2_sensor/model_V2.sdf
-- Installing: /home/etdisc/ros2_ws/install/isae_simulations_package/share/isae_simulations_package//models/d435_ros2_sensor/meshes
-- Installing: /home/etdisc/ros2_ws/install/isae_simulations_package/share/isae_simulations_package//models/d435_ros2_sensor/meshes/d435_2.dae
-- Installing: /home/etdisc/ros2_ws/install/isae_simulations_package/share/isae_simulations_package//models/d435_ros2_sensor/meshes/d435.dae
-- Installing: /home/etdisc/ros2_ws/install/isae_simulations_package/share/isae_simulations_package//models/blue_box
-- Installing: /home/etdisc/ros2_ws/install/isae_simulations_package/share/isae_simulations_package//models/blue_box/model.config
-- Installing: /home/etdisc/ros2_ws/install/isae_simulations_package/share/isae_simulations_package//models/blue_box/model.sdf
-- Installing: /home/etdisc/ros2_ws/install/isae_simulations_package/share/isae_simulations_package//models/sensor
-- Installing: /home/etdisc/ros2_ws/install/isae_simulations_package/share/isae_simulations_package//models/sensor/model.config
-- Installing: /home/etdisc/ros2_ws/install/isae_simulations_package/share/isae_simulations_package//models/sensor/model.sdf
-- Installing: /home/etdisc/ros2_ws/install/isae_simulations_package/share/isae_simulations_package//models/brownBoxIsae
-- Installing: /home/etdisc/ros2_ws/install/isae_simulations_package/share/isae_simulations_package//models/brownBoxIsae/model.config
-- Installing: /home/etdisc/ros2_ws/install/isae_simulations_package/share/isae_simulations_package//models/brownBoxIsae/model.sdf
-- Installing: /home/etdisc/ros2_ws/install/isae_simulations_package/share/isae_simulations_package//models/greenBoxtesttextures
-- Installing: /home/etdisc/ros2_ws/install/isae_simulations_package/share/isae_simulations_package//models/greenBoxtesttextures/model.config
-- Installing: /home/etdisc/ros2_ws/install/isae_simulations_package/share/isae_simulations_package//models/greenBoxtesttextures/model.sdf
-- Installing: /home/etdisc/ros2_ws/install/isae_simulations_package/share/isae_simulations_package//models/greenBoxIsae
-- Installing: /home/etdisc/ros2_ws/install/isae_simulations_package/share/isae_simulations_package//models/greenBoxIsae/model.config
-- Installing: /home/etdisc/ros2_ws/install/isae_simulations_package/share/isae_simulations_package//models/greenBoxIsae/model.sdf
-- Installing: /home/etdisc/ros2_ws/install/isae_simulations_package/share/isae_simulations_package//worlds
-- Installing: /home/etdisc/ros2_ws/install/isae_simulations_package/share/isae_simulations_package//worlds/isae_room-07009
-- Installing: /home/etdisc/ros2_ws/install/isae_simulations_package/share/isae_simulations_package//worlds/isae_room-07009/isae_prex_telemetre.world
-- Installing: /home/etdisc/ros2_ws/install/isae_simulations_package/share/isae_simulations_package//worlds/isae_room-07009/room_07_009_08.dae
-- Installing: /home/etdisc/ros2_ws/install/isae_simulations_package/share/isae_simulations_package//worlds/isae_room-07009/isae_prex_camera_only_kinect.world
-- Installing: /home/etdisc/ros2_ws/install/isae_simulations_package/share/isae_simulations_package//worlds/isae_room-07009/P10003342.JPG
-- Installing: /home/etdisc/ros2_ws/install/isae_simulations_package/share/isae_simulations_package//worlds/isae_room-07009/isaetest.world
-- Installing: /home/etdisc/ros2_ws/install/isae_simulations_package/share/isae_simulations_package//worlds/isae_room-07009/leaves_alpha.jpg
-- Installing: /home/etdisc/ros2_ws/install/isae_simulations_package/share/isae_simulations_package//worlds/isae_room-07009/room_07_009.dae
-- Installing: /home/etdisc/ros2_ws/install/isae_simulations_package/share/isae_simulations_package//worlds/isae_room-07009/room_07_009_without_roof.dae
-- Installing: /home/etdisc/ros2_ws/install/isae_simulations_package/share/isae_simulations_package//worlds/isae_room-07009/room_07_009_09.dae
-- Installing: /home/etdisc/ros2_ws/install/isae_simulations_package/share/isae_simulations_package//worlds/isae_room-07009/isae_prex_telemetre_et_camera_full.world
-- Installing: /home/etdisc/ros2_ws/install/isae_simulations_package/share/isae_simulations_package//worlds/isae_room-07009/SkyBox-Mountain.jpg
-- Installing: /home/etdisc/ros2_ws/install/isae_simulations_package/share/isae_simulations_package//worlds/isae_room-07009/myWorld.world
-- Installing: /home/etdisc/ros2_ws/install/isae_simulations_package/share/isae_simulations_package//worlds/isae_room-07009/Dirty Concrete.png
-- Installing: /home/etdisc/ros2_ws/install/isae_simulations_package/share/isae_simulations_package//worlds/isae_room-07009/isae_BE.world
-- Installing: /home/etdisc/ros2_ws/install/isae_simulations_package/share/isae_simulations_package//worlds/isae_room-07009/leaves.jpg
-- Installing: /home/etdisc/ros2_ws/install/isae_simulations_package/share/isae_simulations_package//worlds/isae_room-07009/isae.world
-- Installing: /home/etdisc/ros2_ws/install/isae_simulations_package/share/isae_simulations_package//worlds/isae_room-07009/isae_prex_camera.world
-- Installing: /home/etdisc/ros2_ws/install/isae_simulations_package/share/isae_simulations_package//worlds/isae_room-07009/isae_fisa.world
-- Installing: /home/etdisc/ros2_ws/install/isae_simulations_package/share/isae_simulations_package//config
-- Installing: /home/etdisc/ros2_ws/install/isae_simulations_package/share/isae_simulations_package//config/isae_parameters.yaml
-- Installing: /home/etdisc/ros2_ws/install/isae_simulations_package/share/isae_simulations_package//config/ps3.config.yaml
-- Installing: /home/etdisc/ros2_ws/install/isae_simulations_package/share/isae_simulations_package/environment/isae_simulations_package.sh
-- Installing: /home/etdisc/ros2_ws/install/isae_simulations_package/share/isae_simulations_package/environment/isae_simulations_package.dsv
-- Installing: /home/etdisc/ros2_ws/install/isae_simulations_package/share/ament_index/resource_index/package_run_dependencies/isae_simulations_package
-- Installing: /home/etdisc/ros2_ws/install/isae_simulations_package/share/ament_index/resource_index/parent_prefix_path/isae_simulations_package
-- Installing: /home/etdisc/ros2_ws/install/isae_simulations_package/share/isae_simulations_package/environment/ament_prefix_path.sh
-- Installing: /home/etdisc/ros2_ws/install/isae_simulations_package/share/isae_simulations_package/environment/ament_prefix_path.dsv
-- Installing: /home/etdisc/ros2_ws/install/isae_simulations_package/share/isae_simulations_package/environment/path.sh
-- Installing: /home/etdisc/ros2_ws/install/isae_simulations_package/share/isae_simulations_package/environment/path.dsv
-- Installing: /home/etdisc/ros2_ws/install/isae_simulations_package/share/isae_simulations_package/local_setup.bash
-- Installing: /home/etdisc/ros2_ws/install/isae_simulations_package/share/isae_simulations_package/local_setup.sh
-- Installing: /home/etdisc/ros2_ws/install/isae_simulations_package/share/isae_simulations_package/local_setup.zsh
-- Installing: /home/etdisc/ros2_ws/install/isae_simulations_package/share/isae_simulations_package/local_setup.dsv
-- Installing: /home/etdisc/ros2_ws/install/isae_simulations_package/share/isae_simulations_package/package.dsv
-- Installing: /home/etdisc/ros2_ws/install/isae_simulations_package/share/ament_index/resource_index/packages/isae_simulations_package
-- Installing: /home/etdisc/ros2_ws/install/isae_simulations_package/share/isae_simulations_package/cmake/isae_simulations_packageConfig.cmake
-- Installing: /home/etdisc/ros2_ws/install/isae_simulations_package/share/isae_simulations_package/cmake/isae_simulations_packageConfig-version.cmake
-- Installing: /home/etdisc/ros2_ws/install/isae_simulations_package/share/isae_simulations_package/package.xml
