[0.061s] Invoking command in '/home/etdisc/ros2_ws/build/isae_simulations_package': CMAKE_PREFIX_PATH=${CMAKE_PREFIX_PATH}:/opt/ros/humble /usr/bin/cmake /home/etdisc/ros2_ws/src/isae_simulations_package -DCMAKE_INSTALL_PREFIX=/home/etdisc/ros2_ws/install/isae_simulations_package
[1.337s] -- The C compiler identification is GNU 11.4.0
[2.029s] -- The CXX compiler identification is GNU 11.4.0
[2.103s] -- Detecting C compiler ABI info
[2.361s] -- Detecting C compiler ABI info - done
[2.370s] -- Check for working C compiler: /usr/bin/cc - skipped
[2.371s] -- Detecting C compile features
[2.385s] -- Detecting C compile features - done
[2.393s] -- Detecting CXX compiler ABI info
[2.553s] -- Detecting CXX compiler ABI info - done
[2.561s] -- Check for working CXX compiler: /usr/bin/c++ - skipped
[2.561s] -- Detecting CXX compile features
[2.562s] -- Detecting CXX compile features - done
[2.635s] -- Found ament_cmake: 1.3.9 (/opt/ros/humble/share/ament_cmake/cmake)
[2.917s] -- Found Python3: /usr/bin/python3 (found version "3.10.12") found components: Interpreter 
[3.255s] -- Found gazebo_ros_pkgs: 3.7.0 (/opt/ros/humble/share/gazebo_ros_pkgs/cmake)
[3.308s] -- Found rviz2: 11.2.12 (/opt/ros/humble/share/rviz2/cmake)
[3.368s] -- Found ament_lint_auto: 0.12.11 (/opt/ros/humble/share/ament_lint_auto/cmake)
[3.562s] -- Added test 'copyright' to check source files copyright and LICENSE
[3.595s] -- Added test 'flake8' to check Python code syntax and style conventions
[3.600s] -- Added test 'lint_cmake' to check CMake code style
[3.604s] -- Added test 'pep257' to check Python code against some of the docstring style conventions in PEP 257
[3.622s] -- Added test 'xmllint' to check XML markup files
[3.627s] -- Configuring done
[3.631s] -- Generating done
[3.632s] -- Build files have been written to: /home/etdisc/ros2_ws/build/isae_simulations_package
[3.637s] Invoked command in '/home/etdisc/ros2_ws/build/isae_simulations_package' returned '0': CMAKE_PREFIX_PATH=${CMAKE_PREFIX_PATH}:/opt/ros/humble /usr/bin/cmake /home/etdisc/ros2_ws/src/isae_simulations_package -DCMAKE_INSTALL_PREFIX=/home/etdisc/ros2_ws/install/isae_simulations_package
[3.639s] Invoking command in '/home/etdisc/ros2_ws/build/isae_simulations_package': CMAKE_PREFIX_PATH=${CMAKE_PREFIX_PATH}:/opt/ros/humble /usr/bin/cmake --build /home/etdisc/ros2_ws/build/isae_simulations_package -- -j8 -l8
[3.693s] Invoked command in '/home/etdisc/ros2_ws/build/isae_simulations_package' returned '0': CMAKE_PREFIX_PATH=${CMAKE_PREFIX_PATH}:/opt/ros/humble /usr/bin/cmake --build /home/etdisc/ros2_ws/build/isae_simulations_package -- -j8 -l8
[3.743s] Invoking command in '/home/etdisc/ros2_ws/build/isae_simulations_package': CMAKE_PREFIX_PATH=${CMAKE_PREFIX_PATH}:/opt/ros/humble /usr/bin/cmake --install /home/etdisc/ros2_ws/build/isae_simulations_package
[3.753s] -- Install configuration: ""
[3.754s] -- Installing: /home/etdisc/ros2_ws/install/isae_simulations_package/share/isae_simulations_package//launch
[3.754s] -- Installing: /home/etdisc/ros2_ws/install/isae_simulations_package/share/isae_simulations_package//launch/load_isae_prex_camera_into_gazebo.launch.py
[3.754s] -- Installing: /home/etdisc/ros2_ws/install/isae_simulations_package/share/isae_simulations_package//launch/prex_pc.py
[3.754s] -- Installing: /home/etdisc/ros2_ws/install/isae_simulations_package/share/isae_simulations_package//launch/load_isae_world_into_gazebo.launch.py
[3.755s] -- Installing: /home/etdisc/ros2_ws/install/isae_simulations_package/share/isae_simulations_package//launch/load_isae_prex_telemetre_into_gazebo.launch.py
[3.755s] -- Installing: /home/etdisc/ros2_ws/install/isae_simulations_package/share/isae_simulations_package//launch/teleop-isae-launch.py
[3.755s] -- Installing: /home/etdisc/ros2_ws/install/isae_simulations_package/share/isae_simulations_package//models
[3.755s] -- Installing: /home/etdisc/ros2_ws/install/isae_simulations_package/share/isae_simulations_package//models/greenBox
[3.755s] -- Installing: /home/etdisc/ros2_ws/install/isae_simulations_package/share/isae_simulations_package//models/greenBox/model.config
[3.756s] -- Installing: /home/etdisc/ros2_ws/install/isae_simulations_package/share/isae_simulations_package//models/greenBox/model.sdf
[3.756s] -- Installing: /home/etdisc/ros2_ws/install/isae_simulations_package/share/isae_simulations_package//models/roversensor
[3.756s] -- Installing: /home/etdisc/ros2_ws/install/isae_simulations_package/share/isae_simulations_package//models/roversensor/model.config
[3.756s] -- Installing: /home/etdisc/ros2_ws/install/isae_simulations_package/share/isae_simulations_package//models/roversensor/model.sdf
[3.756s] -- Installing: /home/etdisc/ros2_ws/install/isae_simulations_package/share/isae_simulations_package//models/rover
[3.756s] -- Installing: /home/etdisc/ros2_ws/install/isae_simulations_package/share/isae_simulations_package//models/rover/model.config
[3.756s] -- Installing: /home/etdisc/ros2_ws/install/isae_simulations_package/share/isae_simulations_package//models/rover/model.sdf
[3.757s] -- Installing: /home/etdisc/ros2_ws/install/isae_simulations_package/share/isae_simulations_package//models/red_box
[3.757s] -- Installing: /home/etdisc/ros2_ws/install/isae_simulations_package/share/isae_simulations_package//models/red_box/model.config
[3.757s] -- Installing: /home/etdisc/ros2_ws/install/isae_simulations_package/share/isae_simulations_package//models/red_box/model.sdf
[3.757s] -- Installing: /home/etdisc/ros2_ws/install/isae_simulations_package/share/isae_simulations_package//models/mat_prex_cam
[3.758s] -- Installing: /home/etdisc/ros2_ws/install/isae_simulations_package/share/isae_simulations_package//models/mat_prex_cam/model.config
[3.758s] -- Installing: /home/etdisc/ros2_ws/install/isae_simulations_package/share/isae_simulations_package//models/mat_prex_cam/meshes
[3.758s] -- Installing: /home/etdisc/ros2_ws/install/isae_simulations_package/share/isae_simulations_package//models/mat_prex_cam/meshes/mat_irobot_prex.dae
[3.962s] -- Installing: /home/etdisc/ros2_ws/install/isae_simulations_package/share/isae_simulations_package//models/mat_prex_cam/meshes/mat.dae
[4.223s] -- Installing: /home/etdisc/ros2_ws/install/isae_simulations_package/share/isae_simulations_package//models/mat_prex_cam/meshes/untitled.dae
[4.270s] -- Installing: /home/etdisc/ros2_ws/install/isae_simulations_package/share/isae_simulations_package//models/mat_prex_cam/model.sdf
[4.271s] -- Installing: /home/etdisc/ros2_ws/install/isae_simulations_package/share/isae_simulations_package//models/greyBoxIsae
[4.271s] -- Installing: /home/etdisc/ros2_ws/install/isae_simulations_package/share/isae_simulations_package//models/greyBoxIsae/model.config
[4.271s] -- Installing: /home/etdisc/ros2_ws/install/isae_simulations_package/share/isae_simulations_package//models/greyBoxIsae/model.sdf
[4.271s] -- Installing: /home/etdisc/ros2_ws/install/isae_simulations_package/share/isae_simulations_package//models/Irobot_01_prex_cam
[4.272s] -- Installing: /home/etdisc/ros2_ws/install/isae_simulations_package/share/isae_simulations_package//models/Irobot_01_prex_cam/model.config
[4.272s] -- Installing: /home/etdisc/ros2_ws/install/isae_simulations_package/share/isae_simulations_package//models/Irobot_01_prex_cam/model_V2.sdf
[4.272s] -- Installing: /home/etdisc/ros2_ws/install/isae_simulations_package/share/isae_simulations_package//models/Irobot_01_prex_cam/model.sdf
[4.272s] -- Installing: /home/etdisc/ros2_ws/install/isae_simulations_package/share/isae_simulations_package//models/helibox
[4.273s] -- Installing: /home/etdisc/ros2_ws/install/isae_simulations_package/share/isae_simulations_package//models/helibox/model.config
[4.273s] -- Installing: /home/etdisc/ros2_ws/install/isae_simulations_package/share/isae_simulations_package//models/helibox/materials
[4.273s] -- Installing: /home/etdisc/ros2_ws/install/isae_simulations_package/share/isae_simulations_package//models/helibox/materials/scripts
[4.273s] -- Installing: /home/etdisc/ros2_ws/install/isae_simulations_package/share/isae_simulations_package//models/helibox/materials/scripts/repeated.material
[4.274s] -- Installing: /home/etdisc/ros2_ws/install/isae_simulations_package/share/isae_simulations_package//models/helibox/materials/textures
[4.274s] -- Installing: /home/etdisc/ros2_ws/install/isae_simulations_package/share/isae_simulations_package//models/helibox/materials/textures/H.png
[4.274s] -- Installing: /home/etdisc/ros2_ws/install/isae_simulations_package/share/isae_simulations_package//models/helibox/materials/textures/H.jpg
[4.274s] -- Installing: /home/etdisc/ros2_ws/install/isae_simulations_package/share/isae_simulations_package//models/helibox/model.sdf
[4.275s] -- Installing: /home/etdisc/ros2_ws/install/isae_simulations_package/share/isae_simulations_package//models/camera
[4.275s] -- Installing: /home/etdisc/ros2_ws/install/isae_simulations_package/share/isae_simulations_package//models/camera/model.config
[4.276s] -- Installing: /home/etdisc/ros2_ws/install/isae_simulations_package/share/isae_simulations_package//models/camera/__model.sdf
[4.276s] -- Installing: /home/etdisc/ros2_ws/install/isae_simulations_package/share/isae_simulations_package//models/camera/model.sdf
[4.276s] -- Installing: /home/etdisc/ros2_ws/install/isae_simulations_package/share/isae_simulations_package//models/batiment_residence_01
[4.276s] -- Installing: /home/etdisc/ros2_ws/install/isae_simulations_package/share/isae_simulations_package//models/batiment_residence_01/model.config
[4.276s] -- Installing: /home/etdisc/ros2_ws/install/isae_simulations_package/share/isae_simulations_package//models/batiment_residence_01/dae_bat_residence_01
[4.277s] -- Installing: /home/etdisc/ros2_ws/install/isae_simulations_package/share/isae_simulations_package//models/batiment_residence_01/dae_bat_residence_01/bat_residence_01.dae
[4.277s] -- Installing: /home/etdisc/ros2_ws/install/isae_simulations_package/share/isae_simulations_package//models/batiment_residence_01/dae_bat_residence_01/gazebo_res_01.jpg
[4.297s] -- Installing: /home/etdisc/ros2_ws/install/isae_simulations_package/share/isae_simulations_package//models/batiment_residence_01/dae_bat_residence_01/toit_noir.jpg
[4.297s] -- Installing: /home/etdisc/ros2_ws/install/isae_simulations_package/share/isae_simulations_package//models/batiment_residence_01/dae_bat_residence_02
[4.297s] -- Installing: /home/etdisc/ros2_ws/install/isae_simulations_package/share/isae_simulations_package//models/batiment_residence_01/dae_bat_residence_02/bat_residence_02.dae
[4.298s] -- Installing: /home/etdisc/ros2_ws/install/isae_simulations_package/share/isae_simulations_package//models/batiment_residence_01/dae_bat_residence_02/gazebo_res_01.jpg
[4.318s] -- Installing: /home/etdisc/ros2_ws/install/isae_simulations_package/share/isae_simulations_package//models/batiment_residence_01/dae_bat_residence_02/toit_noir.jpg
[4.318s] -- Installing: /home/etdisc/ros2_ws/install/isae_simulations_package/share/isae_simulations_package//models/batiment_residence_01/bat_res_01
[4.318s] -- Installing: /home/etdisc/ros2_ws/install/isae_simulations_package/share/isae_simulations_package//models/batiment_residence_01/bat_res_01/gazebo_res_01__.jpg
[4.339s] -- Installing: /home/etdisc/ros2_ws/install/isae_simulations_package/share/isae_simulations_package//models/batiment_residence_01/bat_res_01/bat_residence_01.dae
[4.340s] -- Installing: /home/etdisc/ros2_ws/install/isae_simulations_package/share/isae_simulations_package//models/batiment_residence_01/bat_res_01/gazebo_res_01.jpg
[4.341s] -- Installing: /home/etdisc/ros2_ws/install/isae_simulations_package/share/isae_simulations_package//models/batiment_residence_01/bat_res_01/toit_noir.jpg
[4.342s] -- Installing: /home/etdisc/ros2_ws/install/isae_simulations_package/share/isae_simulations_package//models/batiment_residence_01/model.sdf
[4.342s] -- Installing: /home/etdisc/ros2_ws/install/isae_simulations_package/share/isae_simulations_package//models/hokuyo_ros2_sensor
[4.342s] -- Installing: /home/etdisc/ros2_ws/install/isae_simulations_package/share/isae_simulations_package//models/hokuyo_ros2_sensor/model.config
[4.342s] -- Installing: /home/etdisc/ros2_ws/install/isae_simulations_package/share/isae_simulations_package//models/hokuyo_ros2_sensor/model.sdf
[4.343s] -- Installing: /home/etdisc/ros2_ws/install/isae_simulations_package/share/isae_simulations_package//models/green_decor
[4.343s] -- Installing: /home/etdisc/ros2_ws/install/isae_simulations_package/share/isae_simulations_package//models/green_decor/model.config
[4.343s] -- Installing: /home/etdisc/ros2_ws/install/isae_simulations_package/share/isae_simulations_package//models/green_decor/model.sdf
[4.343s] -- Installing: /home/etdisc/ros2_ws/install/isae_simulations_package/share/isae_simulations_package//models/greencube
[4.343s] -- Installing: /home/etdisc/ros2_ws/install/isae_simulations_package/share/isae_simulations_package//models/greencube/model.config
[4.344s] -- Installing: /home/etdisc/ros2_ws/install/isae_simulations_package/share/isae_simulations_package//models/greencube/model.sdf
[4.344s] -- Installing: /home/etdisc/ros2_ws/install/isae_simulations_package/share/isae_simulations_package//models/bat_res_avion
[4.344s] -- Installing: /home/etdisc/ros2_ws/install/isae_simulations_package/share/isae_simulations_package//models/bat_res_avion/model.config
[4.344s] -- Installing: /home/etdisc/ros2_ws/install/isae_simulations_package/share/isae_simulations_package//models/bat_res_avion/bat_res_avion
[4.345s] -- Installing: /home/etdisc/ros2_ws/install/isae_simulations_package/share/isae_simulations_package//models/bat_res_avion/bat_res_avion/gazebo_res_01__.jpg
[4.365s] -- Installing: /home/etdisc/ros2_ws/install/isae_simulations_package/share/isae_simulations_package//models/bat_res_avion/bat_res_avion/avion.jpeg
[4.366s] -- Installing: /home/etdisc/ros2_ws/install/isae_simulations_package/share/isae_simulations_package//models/bat_res_avion/bat_res_avion/bat_res_avion.dae
[4.367s] -- Installing: /home/etdisc/ros2_ws/install/isae_simulations_package/share/isae_simulations_package//models/bat_res_avion/bat_res_avion/gazebo_res_01.jpg
[4.368s] -- Installing: /home/etdisc/ros2_ws/install/isae_simulations_package/share/isae_simulations_package//models/bat_res_avion/bat_res_avion/toit_noir.jpg
[4.369s] -- Installing: /home/etdisc/ros2_ws/install/isae_simulations_package/share/isae_simulations_package//models/bat_res_avion/model.sdf
[4.369s] -- Installing: /home/etdisc/ros2_ws/install/isae_simulations_package/share/isae_simulations_package//models/whiteBoxIsae
[4.369s] -- Installing: /home/etdisc/ros2_ws/install/isae_simulations_package/share/isae_simulations_package//models/whiteBoxIsae/model.config
[4.370s] -- Installing: /home/etdisc/ros2_ws/install/isae_simulations_package/share/isae_simulations_package//models/whiteBoxIsae/model.sdf
[4.370s] -- Installing: /home/etdisc/ros2_ws/install/isae_simulations_package/share/isae_simulations_package//models/greyBox
[4.370s] -- Installing: /home/etdisc/ros2_ws/install/isae_simulations_package/share/isae_simulations_package//models/greyBox/model.config
[4.371s] -- Installing: /home/etdisc/ros2_ws/install/isae_simulations_package/share/isae_simulations_package//models/greyBox/model.sdf
[4.371s] -- Installing: /home/etdisc/ros2_ws/install/isae_simulations_package/share/isae_simulations_package//models/bat_psa
[4.371s] -- Installing: /home/etdisc/ros2_ws/install/isae_simulations_package/share/isae_simulations_package//models/bat_psa/model.config
[4.371s] -- Installing: /home/etdisc/ros2_ws/install/isae_simulations_package/share/isae_simulations_package//models/bat_psa/bat_psa
[4.371s] -- Installing: /home/etdisc/ros2_ws/install/isae_simulations_package/share/isae_simulations_package//models/bat_psa/bat_psa/room_07_009_without_roof.dae
[4.401s] -- Installing: /home/etdisc/ros2_ws/install/isae_simulations_package/share/isae_simulations_package//models/bat_psa/model.sdf
[4.401s] -- Installing: /home/etdisc/ros2_ws/install/isae_simulations_package/share/isae_simulations_package//models/bat_res_isae
[4.402s] -- Installing: /home/etdisc/ros2_ws/install/isae_simulations_package/share/isae_simulations_package//models/bat_res_isae/model.config
[4.402s] -- Installing: /home/etdisc/ros2_ws/install/isae_simulations_package/share/isae_simulations_package//models/bat_res_isae/bat_isae
[4.402s] -- Installing: /home/etdisc/ros2_ws/install/isae_simulations_package/share/isae_simulations_package//models/bat_res_isae/bat_isae/ecole__.jpg
[4.530s] -- Installing: /home/etdisc/ros2_ws/install/isae_simulations_package/share/isae_simulations_package//models/bat_res_isae/bat_isae/toit_gris.jpg
[4.539s] -- Installing: /home/etdisc/ros2_ws/install/isae_simulations_package/share/isae_simulations_package//models/bat_res_isae/bat_isae/ecole2.jpg
[4.656s] -- Installing: /home/etdisc/ros2_ws/install/isae_simulations_package/share/isae_simulations_package//models/bat_res_isae/bat_isae/bat_isae.dae
[4.656s] -- Installing: /home/etdisc/ros2_ws/install/isae_simulations_package/share/isae_simulations_package//models/bat_res_isae/bat_isae/ecole.jpg
[4.659s] -- Installing: /home/etdisc/ros2_ws/install/isae_simulations_package/share/isae_simulations_package//models/bat_res_isae/bat_isae/ecole_.jpg
[4.686s] -- Installing: /home/etdisc/ros2_ws/install/isae_simulations_package/share/isae_simulations_package//models/bat_res_isae/model.sdf
[4.687s] -- Installing: /home/etdisc/ros2_ws/install/isae_simulations_package/share/isae_simulations_package//models/rover_camera
[4.687s] -- Installing: /home/etdisc/ros2_ws/install/isae_simulations_package/share/isae_simulations_package//models/rover_camera/model.config
[4.687s] -- Installing: /home/etdisc/ros2_ws/install/isae_simulations_package/share/isae_simulations_package//models/rover_camera/model.sdf
[4.688s] -- Installing: /home/etdisc/ros2_ws/install/isae_simulations_package/share/isae_simulations_package//models/Irobot_02_prex
[4.688s] -- Installing: /home/etdisc/ros2_ws/install/isae_simulations_package/share/isae_simulations_package//models/Irobot_02_prex/model.config
[4.688s] -- Installing: /home/etdisc/ros2_ws/install/isae_simulations_package/share/isae_simulations_package//models/Irobot_02_prex/model_V2.sdf
[4.688s] -- Installing: /home/etdisc/ros2_ws/install/isae_simulations_package/share/isae_simulations_package//models/Irobot_02_prex/model.sdf
[4.689s] -- Installing: /home/etdisc/ros2_ws/install/isae_simulations_package/share/isae_simulations_package//models/external_area
[4.689s] -- Installing: /home/etdisc/ros2_ws/install/isae_simulations_package/share/isae_simulations_package//models/external_area/model.config
[4.689s] -- Installing: /home/etdisc/ros2_ws/install/isae_simulations_package/share/isae_simulations_package//models/external_area/model.sdf
[4.689s] -- Installing: /home/etdisc/ros2_ws/install/isae_simulations_package/share/isae_simulations_package//models/brownBox
[4.690s] -- Installing: /home/etdisc/ros2_ws/install/isae_simulations_package/share/isae_simulations_package//models/brownBox/model.config
[4.690s] -- Installing: /home/etdisc/ros2_ws/install/isae_simulations_package/share/isae_simulations_package//models/brownBox/model.sdf
[4.690s] -- Installing: /home/etdisc/ros2_ws/install/isae_simulations_package/share/isae_simulations_package//models/kinect_ros2_sensor
[4.690s] -- Installing: /home/etdisc/ros2_ws/install/isae_simulations_package/share/isae_simulations_package//models/kinect_ros2_sensor/model.config
[4.691s] -- Installing: /home/etdisc/ros2_ws/install/isae_simulations_package/share/isae_simulations_package//models/kinect_ros2_sensor/materials
[4.691s] -- Installing: /home/etdisc/ros2_ws/install/isae_simulations_package/share/isae_simulations_package//models/kinect_ros2_sensor/materials/textures
[4.691s] -- Installing: /home/etdisc/ros2_ws/install/isae_simulations_package/share/isae_simulations_package//models/kinect_ros2_sensor/materials/textures/kinect.png
[4.692s] -- Installing: /home/etdisc/ros2_ws/install/isae_simulations_package/share/isae_simulations_package//models/kinect_ros2_sensor/meshes
[4.692s] -- Installing: /home/etdisc/ros2_ws/install/isae_simulations_package/share/isae_simulations_package//models/kinect_ros2_sensor/meshes/kinect.dae
[4.698s] -- Installing: /home/etdisc/ros2_ws/install/isae_simulations_package/share/isae_simulations_package//models/kinect_ros2_sensor/model.sdf
[4.699s] -- Installing: /home/etdisc/ros2_ws/install/isae_simulations_package/share/isae_simulations_package//models/d435_ros2_sensor
[4.699s] -- Installing: /home/etdisc/ros2_ws/install/isae_simulations_package/share/isae_simulations_package//models/d435_ros2_sensor/model_V1.sdf
[4.699s] -- Installing: /home/etdisc/ros2_ws/install/isae_simulations_package/share/isae_simulations_package//models/d435_ros2_sensor/model.config
[4.700s] -- Installing: /home/etdisc/ros2_ws/install/isae_simulations_package/share/isae_simulations_package//models/d435_ros2_sensor/model_V2.sdf
[4.700s] -- Installing: /home/etdisc/ros2_ws/install/isae_simulations_package/share/isae_simulations_package//models/d435_ros2_sensor/meshes
[4.700s] -- Installing: /home/etdisc/ros2_ws/install/isae_simulations_package/share/isae_simulations_package//models/d435_ros2_sensor/meshes/d435_2.dae
[4.863s] -- Installing: /home/etdisc/ros2_ws/install/isae_simulations_package/share/isae_simulations_package//models/d435_ros2_sensor/meshes/d435.dae
[4.991s] -- Installing: /home/etdisc/ros2_ws/install/isae_simulations_package/share/isae_simulations_package//models/blue_box
[4.991s] -- Installing: /home/etdisc/ros2_ws/install/isae_simulations_package/share/isae_simulations_package//models/blue_box/model.config
[4.992s] -- Installing: /home/etdisc/ros2_ws/install/isae_simulations_package/share/isae_simulations_package//models/blue_box/model.sdf
[4.992s] -- Installing: /home/etdisc/ros2_ws/install/isae_simulations_package/share/isae_simulations_package//models/sensor
[4.992s] -- Installing: /home/etdisc/ros2_ws/install/isae_simulations_package/share/isae_simulations_package//models/sensor/model.config
[4.993s] -- Installing: /home/etdisc/ros2_ws/install/isae_simulations_package/share/isae_simulations_package//models/sensor/model.sdf
[4.993s] -- Installing: /home/etdisc/ros2_ws/install/isae_simulations_package/share/isae_simulations_package//models/brownBoxIsae
[4.993s] -- Installing: /home/etdisc/ros2_ws/install/isae_simulations_package/share/isae_simulations_package//models/brownBoxIsae/model.config
[4.994s] -- Installing: /home/etdisc/ros2_ws/install/isae_simulations_package/share/isae_simulations_package//models/brownBoxIsae/model.sdf
[4.994s] -- Installing: /home/etdisc/ros2_ws/install/isae_simulations_package/share/isae_simulations_package//models/greenBoxtesttextures
[4.994s] -- Installing: /home/etdisc/ros2_ws/install/isae_simulations_package/share/isae_simulations_package//models/greenBoxtesttextures/model.config
[4.994s] -- Installing: /home/etdisc/ros2_ws/install/isae_simulations_package/share/isae_simulations_package//models/greenBoxtesttextures/model.sdf
[4.995s] -- Installing: /home/etdisc/ros2_ws/install/isae_simulations_package/share/isae_simulations_package//models/greenBoxIsae
[4.995s] -- Installing: /home/etdisc/ros2_ws/install/isae_simulations_package/share/isae_simulations_package//models/greenBoxIsae/model.config
[4.995s] -- Installing: /home/etdisc/ros2_ws/install/isae_simulations_package/share/isae_simulations_package//models/greenBoxIsae/model.sdf
[4.995s] -- Installing: /home/etdisc/ros2_ws/install/isae_simulations_package/share/isae_simulations_package//worlds
[4.995s] -- Installing: /home/etdisc/ros2_ws/install/isae_simulations_package/share/isae_simulations_package//worlds/isae_room-07009
[4.996s] -- Installing: /home/etdisc/ros2_ws/install/isae_simulations_package/share/isae_simulations_package//worlds/isae_room-07009/isae_prex_telemetre.world
[4.997s] -- Installing: /home/etdisc/ros2_ws/install/isae_simulations_package/share/isae_simulations_package//worlds/isae_room-07009/room_07_009_08.dae
[5.031s] -- Installing: /home/etdisc/ros2_ws/install/isae_simulations_package/share/isae_simulations_package//worlds/isae_room-07009/isae_prex_camera_only_kinect.world
[5.032s] -- Installing: /home/etdisc/ros2_ws/install/isae_simulations_package/share/isae_simulations_package//worlds/isae_room-07009/P10003342.JPG
[5.034s] -- Installing: /home/etdisc/ros2_ws/install/isae_simulations_package/share/isae_simulations_package//worlds/isae_room-07009/isaetest.world
[5.034s] -- Installing: /home/etdisc/ros2_ws/install/isae_simulations_package/share/isae_simulations_package//worlds/isae_room-07009/leaves_alpha.jpg
[5.035s] -- Installing: /home/etdisc/ros2_ws/install/isae_simulations_package/share/isae_simulations_package//worlds/isae_room-07009/room_07_009.dae
[5.072s] -- Installing: /home/etdisc/ros2_ws/install/isae_simulations_package/share/isae_simulations_package//worlds/isae_room-07009/room_07_009_without_roof.dae
[5.103s] -- Installing: /home/etdisc/ros2_ws/install/isae_simulations_package/share/isae_simulations_package//worlds/isae_room-07009/room_07_009_09.dae
[5.138s] -- Installing: /home/etdisc/ros2_ws/install/isae_simulations_package/share/isae_simulations_package//worlds/isae_room-07009/isae_prex_telemetre_et_camera_full.world
[5.139s] -- Installing: /home/etdisc/ros2_ws/install/isae_simulations_package/share/isae_simulations_package//worlds/isae_room-07009/SkyBox-Mountain.jpg
[5.140s] -- Installing: /home/etdisc/ros2_ws/install/isae_simulations_package/share/isae_simulations_package//worlds/isae_room-07009/myWorld.world
[5.140s] -- Installing: /home/etdisc/ros2_ws/install/isae_simulations_package/share/isae_simulations_package//worlds/isae_room-07009/Dirty Concrete.png
[5.156s] -- Installing: /home/etdisc/ros2_ws/install/isae_simulations_package/share/isae_simulations_package//worlds/isae_room-07009/isae_BE.world
[5.157s] -- Installing: /home/etdisc/ros2_ws/install/isae_simulations_package/share/isae_simulations_package//worlds/isae_room-07009/leaves.jpg
[5.157s] -- Installing: /home/etdisc/ros2_ws/install/isae_simulations_package/share/isae_simulations_package//worlds/isae_room-07009/isae.world
[5.158s] -- Installing: /home/etdisc/ros2_ws/install/isae_simulations_package/share/isae_simulations_package//worlds/isae_room-07009/isae_prex_camera.world
[5.159s] -- Installing: /home/etdisc/ros2_ws/install/isae_simulations_package/share/isae_simulations_package//worlds/isae_room-07009/isae_fisa.world
[5.159s] -- Installing: /home/etdisc/ros2_ws/install/isae_simulations_package/share/isae_simulations_package//config
[5.159s] -- Installing: /home/etdisc/ros2_ws/install/isae_simulations_package/share/isae_simulations_package//config/isae_parameters.yaml
[5.159s] -- Installing: /home/etdisc/ros2_ws/install/isae_simulations_package/share/isae_simulations_package//config/ps3.config.yaml
[5.160s] -- Installing: /home/etdisc/ros2_ws/install/isae_simulations_package/share/isae_simulations_package/environment/isae_simulations_package.sh
[5.160s] -- Installing: /home/etdisc/ros2_ws/install/isae_simulations_package/share/isae_simulations_package/environment/isae_simulations_package.dsv
[5.161s] -- Installing: /home/etdisc/ros2_ws/install/isae_simulations_package/share/ament_index/resource_index/package_run_dependencies/isae_simulations_package
[5.161s] -- Installing: /home/etdisc/ros2_ws/install/isae_simulations_package/share/ament_index/resource_index/parent_prefix_path/isae_simulations_package
[5.162s] -- Installing: /home/etdisc/ros2_ws/install/isae_simulations_package/share/isae_simulations_package/environment/ament_prefix_path.sh
[5.162s] -- Installing: /home/etdisc/ros2_ws/install/isae_simulations_package/share/isae_simulations_package/environment/ament_prefix_path.dsv
[5.162s] -- Installing: /home/etdisc/ros2_ws/install/isae_simulations_package/share/isae_simulations_package/environment/path.sh
[5.163s] -- Installing: /home/etdisc/ros2_ws/install/isae_simulations_package/share/isae_simulations_package/environment/path.dsv
[5.163s] -- Installing: /home/etdisc/ros2_ws/install/isae_simulations_package/share/isae_simulations_package/local_setup.bash
[5.163s] -- Installing: /home/etdisc/ros2_ws/install/isae_simulations_package/share/isae_simulations_package/local_setup.sh
[5.164s] -- Installing: /home/etdisc/ros2_ws/install/isae_simulations_package/share/isae_simulations_package/local_setup.zsh
[5.164s] -- Installing: /home/etdisc/ros2_ws/install/isae_simulations_package/share/isae_simulations_package/local_setup.dsv
[5.164s] -- Installing: /home/etdisc/ros2_ws/install/isae_simulations_package/share/isae_simulations_package/package.dsv
[5.165s] -- Installing: /home/etdisc/ros2_ws/install/isae_simulations_package/share/ament_index/resource_index/packages/isae_simulations_package
[5.165s] -- Installing: /home/etdisc/ros2_ws/install/isae_simulations_package/share/isae_simulations_package/cmake/isae_simulations_packageConfig.cmake
[5.165s] -- Installing: /home/etdisc/ros2_ws/install/isae_simulations_package/share/isae_simulations_package/cmake/isae_simulations_packageConfig-version.cmake
[5.166s] -- Installing: /home/etdisc/ros2_ws/install/isae_simulations_package/share/isae_simulations_package/package.xml
[5.169s] Invoked command in '/home/etdisc/ros2_ws/build/isae_simulations_package' returned '0': CMAKE_PREFIX_PATH=${CMAKE_PREFIX_PATH}:/opt/ros/humble /usr/bin/cmake --install /home/etdisc/ros2_ws/build/isae_simulations_package
