[3.285s] DEBUG:colcon:Command line arguments: ['/usr/bin/colcon', 'build']
[3.285s] DEBUG:colcon:Parsed command line arguments: Namespace(log_base=None, log_level=None, verb_name='build', build_base='build', install_base='install', merge_install=False, symlink_install=False, test_result_base=None, continue_on_error=False, executor='parallel', parallel_workers=8, event_handlers=None, ignore_user_meta=False, metas=['./colcon.meta'], base_paths=['.'], packages_ignore=None, packages_ignore_regex=None, paths=None, packages_up_to=None, packages_up_to_regex=None, packages_above=None, packages_above_and_dependencies=None, packages_above_depth=None, packages_select_by_dep=None, packages_skip_by_dep=None, packages_skip_up_to=None, packages_select_build_failed=False, packages_skip_build_finished=False, packages_select_test_failures=False, packages_skip_test_passed=False, packages_select=None, packages_skip=None, packages_select_regex=None, packages_skip_regex=None, packages_start=None, packages_end=None, allow_overriding=[], cmake_args=None, cmake_target=None, cmake_target_skip_unavailable=False, cmake_clean_cache=False, cmake_clean_first=False, cmake_force_configure=False, ament_cmake_args=None, catkin_cmake_args=None, catkin_skip_building_tests=False, verb_parser=<colcon_defaults.argument_parser.defaults.DefaultArgumentsDecorator object at 0x753633f407c0>, verb_extension=<colcon_core.verb.build.BuildVerb object at 0x7536340493f0>, main=<bound method BuildVerb.main of <colcon_core.verb.build.BuildVerb object at 0x7536340493f0>>)
[6.587s] Level 1:colcon.colcon_core.package_discovery:discover_packages(colcon_meta) check parameters
[6.588s] Level 1:colcon.colcon_core.package_discovery:discover_packages(recursive) check parameters
[6.588s] Level 1:colcon.colcon_core.package_discovery:discover_packages(ignore) check parameters
[6.588s] Level 1:colcon.colcon_core.package_discovery:discover_packages(path) check parameters
[6.588s] Level 1:colcon.colcon_core.package_discovery:discover_packages(colcon_meta) discover
[6.588s] Level 1:colcon.colcon_core.package_discovery:discover_packages(recursive) discover
[6.588s] INFO:colcon.colcon_core.package_discovery:Crawling recursively for packages in '/home/etdisc/ros2_ws'
[6.588s] Level 1:colcon.colcon_core.package_identification:_identify(.) by extensions ['ignore', 'ignore_ament_install']
[6.588s] Level 1:colcon.colcon_core.package_identification:_identify(.) by extension 'ignore'
[6.588s] Level 1:colcon.colcon_core.package_identification:_identify(.) by extension 'ignore_ament_install'
[6.588s] Level 1:colcon.colcon_core.package_identification:_identify(.) by extensions ['colcon_pkg']
[6.588s] Level 1:colcon.colcon_core.package_identification:_identify(.) by extension 'colcon_pkg'
[6.588s] Level 1:colcon.colcon_core.package_identification:_identify(.) by extensions ['colcon_meta']
[6.589s] Level 1:colcon.colcon_core.package_identification:_identify(.) by extension 'colcon_meta'
[6.589s] Level 1:colcon.colcon_core.package_identification:_identify(.) by extensions ['ros']
[6.589s] Level 1:colcon.colcon_core.package_identification:_identify(.) by extension 'ros'
[6.622s] Level 1:colcon.colcon_core.package_identification:_identify(.) by extensions ['cmake', 'python']
[6.622s] Level 1:colcon.colcon_core.package_identification:_identify(.) by extension 'cmake'
[6.622s] Level 1:colcon.colcon_core.package_identification:_identify(.) by extension 'python'
[6.623s] Level 1:colcon.colcon_core.package_identification:_identify(.) by extensions ['python_setup_py']
[6.623s] Level 1:colcon.colcon_core.package_identification:_identify(.) by extension 'python_setup_py'
[6.623s] Level 1:colcon.colcon_core.package_identification:_identify(build) by extensions ['ignore', 'ignore_ament_install']
[6.623s] Level 1:colcon.colcon_core.package_identification:_identify(build) by extension 'ignore'
[6.623s] Level 1:colcon.colcon_core.package_identification:_identify(build) ignored
[6.623s] Level 1:colcon.colcon_core.package_identification:_identify(install) by extensions ['ignore', 'ignore_ament_install']
[6.623s] Level 1:colcon.colcon_core.package_identification:_identify(install) by extension 'ignore'
[6.623s] Level 1:colcon.colcon_core.package_identification:_identify(install) ignored
[6.623s] Level 1:colcon.colcon_core.package_identification:_identify(log) by extensions ['ignore', 'ignore_ament_install']
[6.623s] Level 1:colcon.colcon_core.package_identification:_identify(log) by extension 'ignore'
[6.623s] Level 1:colcon.colcon_core.package_identification:_identify(log) ignored
[6.623s] Level 1:colcon.colcon_core.package_identification:_identify(src) by extensions ['ignore', 'ignore_ament_install']
[6.624s] Level 1:colcon.colcon_core.package_identification:_identify(src) by extension 'ignore'
[6.624s] Level 1:colcon.colcon_core.package_identification:_identify(src) by extension 'ignore_ament_install'
[6.624s] Level 1:colcon.colcon_core.package_identification:_identify(src) by extensions ['colcon_pkg']
[6.624s] Level 1:colcon.colcon_core.package_identification:_identify(src) by extension 'colcon_pkg'
[6.624s] Level 1:colcon.colcon_core.package_identification:_identify(src) by extensions ['colcon_meta']
[6.624s] Level 1:colcon.colcon_core.package_identification:_identify(src) by extension 'colcon_meta'
[6.624s] Level 1:colcon.colcon_core.package_identification:_identify(src) by extensions ['ros']
[6.624s] Level 1:colcon.colcon_core.package_identification:_identify(src) by extension 'ros'
[6.624s] Level 1:colcon.colcon_core.package_identification:_identify(src) by extensions ['cmake', 'python']
[6.624s] Level 1:colcon.colcon_core.package_identification:_identify(src) by extension 'cmake'
[6.624s] Level 1:colcon.colcon_core.package_identification:_identify(src) by extension 'python'
[6.624s] Level 1:colcon.colcon_core.package_identification:_identify(src) by extensions ['python_setup_py']
[6.624s] Level 1:colcon.colcon_core.package_identification:_identify(src) by extension 'python_setup_py'
[6.624s] Level 1:colcon.colcon_core.package_identification:_identify(src/isae_simulations_package) by extensions ['ignore', 'ignore_ament_install']
[6.624s] Level 1:colcon.colcon_core.package_identification:_identify(src/isae_simulations_package) by extension 'ignore'
[6.624s] Level 1:colcon.colcon_core.package_identification:_identify(src/isae_simulations_package) by extension 'ignore_ament_install'
[6.624s] Level 1:colcon.colcon_core.package_identification:_identify(src/isae_simulations_package) by extensions ['colcon_pkg']
[6.625s] Level 1:colcon.colcon_core.package_identification:_identify(src/isae_simulations_package) by extension 'colcon_pkg'
[6.625s] Level 1:colcon.colcon_core.package_identification:_identify(src/isae_simulations_package) by extensions ['colcon_meta']
[6.625s] Level 1:colcon.colcon_core.package_identification:_identify(src/isae_simulations_package) by extension 'colcon_meta'
[6.625s] Level 1:colcon.colcon_core.package_identification:_identify(src/isae_simulations_package) by extensions ['ros']
[6.625s] Level 1:colcon.colcon_core.package_identification:_identify(src/isae_simulations_package) by extension 'ros'
[6.637s] DEBUG:colcon.colcon_core.package_identification:Package 'src/isae_simulations_package' with type 'ros.ament_cmake' and name 'isae_simulations_package'
[6.637s] Level 1:colcon.colcon_core.package_discovery:discover_packages(recursive) using defaults
[6.637s] Level 1:colcon.colcon_core.package_discovery:discover_packages(ignore) discover
[6.637s] Level 1:colcon.colcon_core.package_discovery:discover_packages(ignore) using defaults
[6.637s] Level 1:colcon.colcon_core.package_discovery:discover_packages(path) discover
[6.637s] Level 1:colcon.colcon_core.package_discovery:discover_packages(path) using defaults
[6.895s] Level 1:colcon.colcon_core.package_discovery:discover_packages(prefix_path) check parameters
[6.895s] Level 1:colcon.colcon_core.package_discovery:discover_packages(prefix_path) discover
[6.921s] DEBUG:colcon.colcon_installed_package_information.package_discovery:Found 4 installed packages in /home/etdisc/depots/colcon_ws/install
[6.923s] DEBUG:colcon.colcon_installed_package_information.package_discovery:Found 286 installed packages in /opt/ros/humble
[6.934s] Level 1:colcon.colcon_core.package_discovery:discover_packages(prefix_path) using defaults
[7.185s] Level 5:colcon.colcon_core.verb:set package 'isae_simulations_package' build argument 'cmake_args' from command line to 'None'
[7.185s] Level 5:colcon.colcon_core.verb:set package 'isae_simulations_package' build argument 'cmake_target' from command line to 'None'
[7.185s] Level 5:colcon.colcon_core.verb:set package 'isae_simulations_package' build argument 'cmake_target_skip_unavailable' from command line to 'False'
[7.185s] Level 5:colcon.colcon_core.verb:set package 'isae_simulations_package' build argument 'cmake_clean_cache' from command line to 'False'
[7.185s] Level 5:colcon.colcon_core.verb:set package 'isae_simulations_package' build argument 'cmake_clean_first' from command line to 'False'
[7.185s] Level 5:colcon.colcon_core.verb:set package 'isae_simulations_package' build argument 'cmake_force_configure' from command line to 'False'
[7.185s] Level 5:colcon.colcon_core.verb:set package 'isae_simulations_package' build argument 'ament_cmake_args' from command line to 'None'
[7.185s] Level 5:colcon.colcon_core.verb:set package 'isae_simulations_package' build argument 'catkin_cmake_args' from command line to 'None'
[7.185s] Level 5:colcon.colcon_core.verb:set package 'isae_simulations_package' build argument 'catkin_skip_building_tests' from command line to 'False'
[7.185s] DEBUG:colcon.colcon_core.verb:Building package 'isae_simulations_package' with the following arguments: {'ament_cmake_args': None, 'build_base': '/home/etdisc/ros2_ws/build/isae_simulations_package', 'catkin_cmake_args': None, 'catkin_skip_building_tests': False, 'cmake_args': None, 'cmake_clean_cache': False, 'cmake_clean_first': False, 'cmake_force_configure': False, 'cmake_target': None, 'cmake_target_skip_unavailable': False, 'install_base': '/home/etdisc/ros2_ws/install/isae_simulations_package', 'merge_install': False, 'path': '/home/etdisc/ros2_ws/src/isae_simulations_package', 'symlink_install': False, 'test_result_base': None}
[7.185s] INFO:colcon.colcon_core.executor:Executing jobs using 'parallel' executor
[7.186s] DEBUG:colcon.colcon_parallel_executor.executor.parallel:run_until_complete
[7.187s] INFO:colcon.colcon_ros.task.ament_cmake.build:Building ROS package in '/home/etdisc/ros2_ws/src/isae_simulations_package' with build type 'ament_cmake'
[7.187s] INFO:colcon.colcon_cmake.task.cmake.build:Building CMake package in '/home/etdisc/ros2_ws/src/isae_simulations_package'
[7.230s] INFO:colcon.colcon_core.plugin_system:Skipping extension 'colcon_core.shell.bat': Not used on non-Windows systems
[7.230s] INFO:colcon.colcon_core.shell:Skip shell extension 'powershell' for command environment: Not usable outside of PowerShell
[7.230s] DEBUG:colcon.colcon_core.shell:Skip shell extension 'dsv' for command environment
[7.249s] DEBUG:colcon.colcon_core.event_handler.log_command:Invoking command in '/home/etdisc/ros2_ws/build/isae_simulations_package': CMAKE_PREFIX_PATH=${CMAKE_PREFIX_PATH}:/opt/ros/humble /usr/bin/cmake /home/etdisc/ros2_ws/src/isae_simulations_package -DCMAKE_INSTALL_PREFIX=/home/etdisc/ros2_ws/install/isae_simulations_package
[10.824s] DEBUG:colcon.colcon_core.event_handler.log_command:Invoked command in '/home/etdisc/ros2_ws/build/isae_simulations_package' returned '0': CMAKE_PREFIX_PATH=${CMAKE_PREFIX_PATH}:/opt/ros/humble /usr/bin/cmake /home/etdisc/ros2_ws/src/isae_simulations_package -DCMAKE_INSTALL_PREFIX=/home/etdisc/ros2_ws/install/isae_simulations_package
[10.827s] DEBUG:colcon.colcon_core.event_handler.log_command:Invoking command in '/home/etdisc/ros2_ws/build/isae_simulations_package': CMAKE_PREFIX_PATH=${CMAKE_PREFIX_PATH}:/opt/ros/humble /usr/bin/cmake --build /home/etdisc/ros2_ws/build/isae_simulations_package -- -j8 -l8
[10.881s] DEBUG:colcon.colcon_core.event_handler.log_command:Invoked command in '/home/etdisc/ros2_ws/build/isae_simulations_package' returned '0': CMAKE_PREFIX_PATH=${CMAKE_PREFIX_PATH}:/opt/ros/humble /usr/bin/cmake --build /home/etdisc/ros2_ws/build/isae_simulations_package -- -j8 -l8
[10.931s] DEBUG:colcon.colcon_core.event_handler.log_command:Invoking command in '/home/etdisc/ros2_ws/build/isae_simulations_package': CMAKE_PREFIX_PATH=${CMAKE_PREFIX_PATH}:/opt/ros/humble /usr/bin/cmake --install /home/etdisc/ros2_ws/build/isae_simulations_package
[12.356s] Level 1:colcon.colcon_core.environment:create_environment_scripts_only(isae_simulations_package)
[12.356s] DEBUG:colcon.colcon_core.event_handler.log_command:Invoked command in '/home/etdisc/ros2_ws/build/isae_simulations_package' returned '0': CMAKE_PREFIX_PATH=${CMAKE_PREFIX_PATH}:/opt/ros/humble /usr/bin/cmake --install /home/etdisc/ros2_ws/build/isae_simulations_package
[12.556s] Level 1:colcon.colcon_core.environment:checking '/home/etdisc/ros2_ws/install/isae_simulations_package' for CMake module files
[12.557s] Level 1:colcon.colcon_core.environment:checking '/home/etdisc/ros2_ws/install/isae_simulations_package' for CMake config files
[12.557s] Level 1:colcon.colcon_core.shell:create_environment_hook('isae_simulations_package', 'cmake_prefix_path')
[12.557s] INFO:colcon.colcon_core.shell:Creating environment hook '/home/etdisc/ros2_ws/install/isae_simulations_package/share/isae_simulations_package/hook/cmake_prefix_path.ps1'
[12.569s] INFO:colcon.colcon_core.shell:Creating environment descriptor '/home/etdisc/ros2_ws/install/isae_simulations_package/share/isae_simulations_package/hook/cmake_prefix_path.dsv'
[12.582s] INFO:colcon.colcon_core.shell:Creating environment hook '/home/etdisc/ros2_ws/install/isae_simulations_package/share/isae_simulations_package/hook/cmake_prefix_path.sh'
[12.585s] Level 1:colcon.colcon_core.environment:checking '/home/etdisc/ros2_ws/install/isae_simulations_package/bin'
[12.585s] Level 1:colcon.colcon_core.environment:checking '/home/etdisc/ros2_ws/install/isae_simulations_package/lib/pkgconfig/isae_simulations_package.pc'
[12.585s] Level 1:colcon.colcon_core.environment:checking '/home/etdisc/ros2_ws/install/isae_simulations_package/lib/python3.10/site-packages'
[12.585s] Level 1:colcon.colcon_core.environment:checking '/home/etdisc/ros2_ws/install/isae_simulations_package/bin'
[12.586s] INFO:colcon.colcon_core.shell:Creating package script '/home/etdisc/ros2_ws/install/isae_simulations_package/share/isae_simulations_package/package.ps1'
[12.588s] INFO:colcon.colcon_core.shell:Creating package descriptor '/home/etdisc/ros2_ws/install/isae_simulations_package/share/isae_simulations_package/package.dsv'
[12.590s] INFO:colcon.colcon_core.shell:Creating package script '/home/etdisc/ros2_ws/install/isae_simulations_package/share/isae_simulations_package/package.sh'
[12.591s] INFO:colcon.colcon_core.shell:Creating package script '/home/etdisc/ros2_ws/install/isae_simulations_package/share/isae_simulations_package/package.bash'
[12.598s] INFO:colcon.colcon_core.shell:Creating package script '/home/etdisc/ros2_ws/install/isae_simulations_package/share/isae_simulations_package/package.zsh'
[12.611s] Level 1:colcon.colcon_core.environment:create_file_with_runtime_dependencies(/home/etdisc/ros2_ws/install/isae_simulations_package/share/colcon-core/packages/isae_simulations_package)
[12.649s] Level 1:colcon.colcon_core.environment:create_environment_scripts_only(isae_simulations_package)
[12.649s] Level 1:colcon.colcon_core.environment:checking '/home/etdisc/ros2_ws/install/isae_simulations_package' for CMake module files
[12.650s] Level 1:colcon.colcon_core.environment:checking '/home/etdisc/ros2_ws/install/isae_simulations_package' for CMake config files
[12.650s] Level 1:colcon.colcon_core.shell:create_environment_hook('isae_simulations_package', 'cmake_prefix_path')
[12.650s] INFO:colcon.colcon_core.shell:Creating environment hook '/home/etdisc/ros2_ws/install/isae_simulations_package/share/isae_simulations_package/hook/cmake_prefix_path.ps1'
[12.651s] INFO:colcon.colcon_core.shell:Creating environment descriptor '/home/etdisc/ros2_ws/install/isae_simulations_package/share/isae_simulations_package/hook/cmake_prefix_path.dsv'
[12.651s] INFO:colcon.colcon_core.shell:Creating environment hook '/home/etdisc/ros2_ws/install/isae_simulations_package/share/isae_simulations_package/hook/cmake_prefix_path.sh'
[12.652s] Level 1:colcon.colcon_core.environment:checking '/home/etdisc/ros2_ws/install/isae_simulations_package/bin'
[12.652s] Level 1:colcon.colcon_core.environment:checking '/home/etdisc/ros2_ws/install/isae_simulations_package/lib/pkgconfig/isae_simulations_package.pc'
[12.653s] Level 1:colcon.colcon_core.environment:checking '/home/etdisc/ros2_ws/install/isae_simulations_package/lib/python3.10/site-packages'
[12.653s] Level 1:colcon.colcon_core.environment:checking '/home/etdisc/ros2_ws/install/isae_simulations_package/bin'
[12.654s] INFO:colcon.colcon_core.shell:Creating package script '/home/etdisc/ros2_ws/install/isae_simulations_package/share/isae_simulations_package/package.ps1'
[12.655s] INFO:colcon.colcon_core.shell:Creating package descriptor '/home/etdisc/ros2_ws/install/isae_simulations_package/share/isae_simulations_package/package.dsv'
[12.656s] INFO:colcon.colcon_core.shell:Creating package script '/home/etdisc/ros2_ws/install/isae_simulations_package/share/isae_simulations_package/package.sh'
[12.657s] INFO:colcon.colcon_core.shell:Creating package script '/home/etdisc/ros2_ws/install/isae_simulations_package/share/isae_simulations_package/package.bash'
[12.658s] INFO:colcon.colcon_core.shell:Creating package script '/home/etdisc/ros2_ws/install/isae_simulations_package/share/isae_simulations_package/package.zsh'
[12.658s] Level 1:colcon.colcon_core.environment:create_file_with_runtime_dependencies(/home/etdisc/ros2_ws/install/isae_simulations_package/share/colcon-core/packages/isae_simulations_package)
[12.659s] DEBUG:colcon.colcon_parallel_executor.executor.parallel:closing loop
[12.659s] DEBUG:colcon.colcon_parallel_executor.executor.parallel:loop closed
[12.659s] DEBUG:colcon.colcon_parallel_executor.executor.parallel:run_until_complete finished with '0'
[12.659s] DEBUG:colcon.colcon_core.event_reactor:joining thread
[12.686s] INFO:colcon.colcon_core.plugin_system:Skipping extension 'colcon_notification.desktop_notification.terminal_notifier': Not used on non-Darwin systems
[12.686s] INFO:colcon.colcon_core.plugin_system:Skipping extension 'colcon_notification.desktop_notification.win32': Not used on non-Windows systems
[12.686s] INFO:colcon.colcon_notification.desktop_notification:Sending desktop notification using 'notify2'
[12.715s] DEBUG:colcon.colcon_core.event_reactor:joined thread
[12.715s] INFO:colcon.colcon_core.shell:Creating prefix script '/home/etdisc/ros2_ws/install/local_setup.ps1'
[12.717s] INFO:colcon.colcon_core.shell:Creating prefix util module '/home/etdisc/ros2_ws/install/_local_setup_util_ps1.py'
[12.719s] INFO:colcon.colcon_core.shell:Creating prefix chain script '/home/etdisc/ros2_ws/install/setup.ps1'
[12.723s] INFO:colcon.colcon_core.shell:Creating prefix script '/home/etdisc/ros2_ws/install/local_setup.sh'
[12.724s] INFO:colcon.colcon_core.shell:Creating prefix util module '/home/etdisc/ros2_ws/install/_local_setup_util_sh.py'
[12.725s] INFO:colcon.colcon_core.shell:Creating prefix chain script '/home/etdisc/ros2_ws/install/setup.sh'
[12.727s] INFO:colcon.colcon_core.shell:Creating prefix script '/home/etdisc/ros2_ws/install/local_setup.bash'
[12.728s] INFO:colcon.colcon_core.shell:Creating prefix chain script '/home/etdisc/ros2_ws/install/setup.bash'
[12.730s] INFO:colcon.colcon_core.shell:Creating prefix script '/home/etdisc/ros2_ws/install/local_setup.zsh'
[12.732s] INFO:colcon.colcon_core.shell:Creating prefix chain script '/home/etdisc/ros2_ws/install/setup.zsh'
