Built target ament_cmake_python_copy_isae_robot_skillset_client
running egg_info
writing isae_robot_skillset_client.egg-info/PKG-INFO
writing dependency_links to isae_robot_skillset_client.egg-info/dependency_links.txt
writing top-level names to isae_robot_skillset_client.egg-info/top_level.txt
reading manifest file 'isae_robot_skillset_client.egg-info/SOURCES.txt'
writing manifest file 'isae_robot_skillset_client.egg-info/SOURCES.txt'
Built target ament_cmake_python_build_isae_robot_skillset_client_egg
-- Install configuration: ""
-- Up-to-date: /home/etdisc/ros2_ws/install/isae_robot_skillset_client/share/isae_robot_skillset_client/environment/pythonpath.sh
-- Up-to-date: /home/etdisc/ros2_ws/install/isae_robot_skillset_client/share/isae_robot_skillset_client/environment/pythonpath.dsv
-- Up-to-date: /home/etdisc/ros2_ws/install/isae_robot_skillset_client/local/lib/python3.10/dist-packages/isae_robot_skillset_client-0.0.0-py3.10.egg-info
-- Installing: /home/etdisc/ros2_ws/install/isae_robot_skillset_client/local/lib/python3.10/dist-packages/isae_robot_skillset_client-0.0.0-py3.10.egg-info/PKG-INFO
-- Installing: /home/etdisc/ros2_ws/install/isae_robot_skillset_client/local/lib/python3.10/dist-packages/isae_robot_skillset_client-0.0.0-py3.10.egg-info/dependency_links.txt
-- Installing: /home/etdisc/ros2_ws/install/isae_robot_skillset_client/local/lib/python3.10/dist-packages/isae_robot_skillset_client-0.0.0-py3.10.egg-info/SOURCES.txt
-- Installing: /home/etdisc/ros2_ws/install/isae_robot_skillset_client/local/lib/python3.10/dist-packages/isae_robot_skillset_client-0.0.0-py3.10.egg-info/top_level.txt
-- Up-to-date: /home/etdisc/ros2_ws/install/isae_robot_skillset_client/local/lib/python3.10/dist-packages/isae_robot_skillset_client
-- Up-to-date: /home/etdisc/ros2_ws/install/isae_robot_skillset_client/local/lib/python3.10/dist-packages/isae_robot_skillset_client/uid.py
-- Up-to-date: /home/etdisc/ros2_ws/install/isae_robot_skillset_client/local/lib/python3.10/dist-packages/isae_robot_skillset_client/qos.py
-- Up-to-date: /home/etdisc/ros2_ws/install/isae_robot_skillset_client/local/lib/python3.10/dist-packages/isae_robot_skillset_client/__init__.py
-- Up-to-date: /home/etdisc/ros2_ws/install/isae_robot_skillset_client/local/lib/python3.10/dist-packages/isae_robot_skillset_client/data.py
-- Up-to-date: /home/etdisc/ros2_ws/install/isae_robot_skillset_client/local/lib/python3.10/dist-packages/isae_robot_skillset_client/resources.py
-- Up-to-date: /home/etdisc/ros2_ws/install/isae_robot_skillset_client/local/lib/python3.10/dist-packages/isae_robot_skillset_client/client.py
-- Up-to-date: /home/etdisc/ros2_ws/install/isae_robot_skillset_client/local/lib/python3.10/dist-packages/isae_robot_skillset_client/events.py
-- Up-to-date: /home/etdisc/ros2_ws/install/isae_robot_skillset_client/local/lib/python3.10/dist-packages/isae_robot_skillset_client/skills.py
Listing '/home/etdisc/ros2_ws/install/isae_robot_skillset_client/local/lib/python3.10/dist-packages/isae_robot_skillset_client'...
-- Up-to-date: /home/etdisc/ros2_ws/install/isae_robot_skillset_client/share/ament_index/resource_index/package_run_dependencies/isae_robot_skillset_client
-- Up-to-date: /home/etdisc/ros2_ws/install/isae_robot_skillset_client/share/ament_index/resource_index/parent_prefix_path/isae_robot_skillset_client
-- Up-to-date: /home/etdisc/ros2_ws/install/isae_robot_skillset_client/share/isae_robot_skillset_client/environment/ament_prefix_path.sh
-- Up-to-date: /home/etdisc/ros2_ws/install/isae_robot_skillset_client/share/isae_robot_skillset_client/environment/ament_prefix_path.dsv
-- Up-to-date: /home/etdisc/ros2_ws/install/isae_robot_skillset_client/share/isae_robot_skillset_client/environment/path.sh
-- Up-to-date: /home/etdisc/ros2_ws/install/isae_robot_skillset_client/share/isae_robot_skillset_client/environment/path.dsv
-- Up-to-date: /home/etdisc/ros2_ws/install/isae_robot_skillset_client/share/isae_robot_skillset_client/local_setup.bash
-- Up-to-date: /home/etdisc/ros2_ws/install/isae_robot_skillset_client/share/isae_robot_skillset_client/local_setup.sh
-- Up-to-date: /home/etdisc/ros2_ws/install/isae_robot_skillset_client/share/isae_robot_skillset_client/local_setup.zsh
-- Up-to-date: /home/etdisc/ros2_ws/install/isae_robot_skillset_client/share/isae_robot_skillset_client/local_setup.dsv
-- Installing: /home/etdisc/ros2_ws/install/isae_robot_skillset_client/share/isae_robot_skillset_client/package.dsv
-- Up-to-date: /home/etdisc/ros2_ws/install/isae_robot_skillset_client/share/ament_index/resource_index/packages/isae_robot_skillset_client
-- Up-to-date: /home/etdisc/ros2_ws/install/isae_robot_skillset_client/share/isae_robot_skillset_client/cmake/isae_robot_skillset_clientConfig.cmake
-- Up-to-date: /home/etdisc/ros2_ws/install/isae_robot_skillset_client/share/isae_robot_skillset_client/cmake/isae_robot_skillset_clientConfig-version.cmake
-- Up-to-date: /home/etdisc/ros2_ws/install/isae_robot_skillset_client/share/isae_robot_skillset_client/package.xml
