[0.065s] Invoking command in '/home/etdisc/ros2_ws/build/isae_robot_skillset_client': CMAKE_PREFIX_PATH=/home/etdisc/ros2_ws/install/isae_robot_skillset_interfaces:/home/etdisc/ros2_ws/install/target_tracking:/home/etdisc/ros2_ws/install/autonomy_architecture:/home/etdisc/ros2_ws/install/visual_detection:/home/etdisc/ros2_ws/install/isae_simulations_package:/home/etdisc/ros2_ws/install/isae_robot_skillset_client:/home/etdisc/ros2_ws/install/isae_robot_skillset_gui_widgets:/home/etdisc/ros2_ws/install/isae_robot_skillset:/home/etdisc/ros2_ws/install/control_pkg:/home/etdisc/ros2_ws/install/aias_lab_skillset:/home/etdisc/depots/colcon_ws/install/topic_tools:/home/etdisc/depots/colcon_ws/install/topic_tools_interfaces:/home/etdisc/depots/colcon_ws/install/move_to:/home/etdisc/depots/colcon_ws/install/gui_tools:/opt/ros/humble LD_LIBRARY_PATH=/home/etdisc/ros2_ws/install/isae_robot_skillset_interfaces/lib:/home/etdisc/ros2_ws/install/isae_robot_skillset_gui_widgets/lib:/home/etdisc/depots/colcon_ws/install/topic_tools/lib:/home/etdisc/depots/colcon_ws/install/topic_tools_interfaces/lib:/home/etdisc/depots/colcon_ws/install/move_to/lib:/home/etdisc/depots/colcon_ws/install/gui_tools/lib:/usr/lib/x86_64-linux-gnu/gazebo-11/plugins:/opt/ros/humble/opt/rviz_ogre_vendor/lib:/opt/ros/humble/lib/x86_64-linux-gnu:/opt/ros/humble/lib:/usr/share/gazebo/../../lib/x86_64-linux-gnu/gazebo-11/plugins /usr/bin/cmake --build /home/etdisc/ros2_ws/build/isae_robot_skillset_client -- -j4 -l4
[0.229s] Built target ament_cmake_python_copy_isae_robot_skillset_client
[0.717s] running egg_info
[0.717s] writing isae_robot_skillset_client.egg-info/PKG-INFO
[0.717s] writing dependency_links to isae_robot_skillset_client.egg-info/dependency_links.txt
[0.717s] writing top-level names to isae_robot_skillset_client.egg-info/top_level.txt
[0.720s] reading manifest file 'isae_robot_skillset_client.egg-info/SOURCES.txt'
[0.720s] writing manifest file 'isae_robot_skillset_client.egg-info/SOURCES.txt'
[0.756s] Built target ament_cmake_python_build_isae_robot_skillset_client_egg
[0.778s] Invoked command in '/home/etdisc/ros2_ws/build/isae_robot_skillset_client' returned '0': CMAKE_PREFIX_PATH=/home/etdisc/ros2_ws/install/isae_robot_skillset_interfaces:/home/etdisc/ros2_ws/install/target_tracking:/home/etdisc/ros2_ws/install/autonomy_architecture:/home/etdisc/ros2_ws/install/visual_detection:/home/etdisc/ros2_ws/install/isae_simulations_package:/home/etdisc/ros2_ws/install/isae_robot_skillset_client:/home/etdisc/ros2_ws/install/isae_robot_skillset_gui_widgets:/home/etdisc/ros2_ws/install/isae_robot_skillset:/home/etdisc/ros2_ws/install/control_pkg:/home/etdisc/ros2_ws/install/aias_lab_skillset:/home/etdisc/depots/colcon_ws/install/topic_tools:/home/etdisc/depots/colcon_ws/install/topic_tools_interfaces:/home/etdisc/depots/colcon_ws/install/move_to:/home/etdisc/depots/colcon_ws/install/gui_tools:/opt/ros/humble LD_LIBRARY_PATH=/home/etdisc/ros2_ws/install/isae_robot_skillset_interfaces/lib:/home/etdisc/ros2_ws/install/isae_robot_skillset_gui_widgets/lib:/home/etdisc/depots/colcon_ws/install/topic_tools/lib:/home/etdisc/depots/colcon_ws/install/topic_tools_interfaces/lib:/home/etdisc/depots/colcon_ws/install/move_to/lib:/home/etdisc/depots/colcon_ws/install/gui_tools/lib:/usr/lib/x86_64-linux-gnu/gazebo-11/plugins:/opt/ros/humble/opt/rviz_ogre_vendor/lib:/opt/ros/humble/lib/x86_64-linux-gnu:/opt/ros/humble/lib:/usr/share/gazebo/../../lib/x86_64-linux-gnu/gazebo-11/plugins /usr/bin/cmake --build /home/etdisc/ros2_ws/build/isae_robot_skillset_client -- -j4 -l4
[0.832s] Invoking command in '/home/etdisc/ros2_ws/build/isae_robot_skillset_client': CMAKE_PREFIX_PATH=/home/etdisc/ros2_ws/install/isae_robot_skillset_interfaces:/home/etdisc/ros2_ws/install/target_tracking:/home/etdisc/ros2_ws/install/autonomy_architecture:/home/etdisc/ros2_ws/install/visual_detection:/home/etdisc/ros2_ws/install/isae_simulations_package:/home/etdisc/ros2_ws/install/isae_robot_skillset_client:/home/etdisc/ros2_ws/install/isae_robot_skillset_gui_widgets:/home/etdisc/ros2_ws/install/isae_robot_skillset:/home/etdisc/ros2_ws/install/control_pkg:/home/etdisc/ros2_ws/install/aias_lab_skillset:/home/etdisc/depots/colcon_ws/install/topic_tools:/home/etdisc/depots/colcon_ws/install/topic_tools_interfaces:/home/etdisc/depots/colcon_ws/install/move_to:/home/etdisc/depots/colcon_ws/install/gui_tools:/opt/ros/humble LD_LIBRARY_PATH=/home/etdisc/ros2_ws/install/isae_robot_skillset_interfaces/lib:/home/etdisc/ros2_ws/install/isae_robot_skillset_gui_widgets/lib:/home/etdisc/depots/colcon_ws/install/topic_tools/lib:/home/etdisc/depots/colcon_ws/install/topic_tools_interfaces/lib:/home/etdisc/depots/colcon_ws/install/move_to/lib:/home/etdisc/depots/colcon_ws/install/gui_tools/lib:/usr/lib/x86_64-linux-gnu/gazebo-11/plugins:/opt/ros/humble/opt/rviz_ogre_vendor/lib:/opt/ros/humble/lib/x86_64-linux-gnu:/opt/ros/humble/lib:/usr/share/gazebo/../../lib/x86_64-linux-gnu/gazebo-11/plugins /usr/bin/cmake --install /home/etdisc/ros2_ws/build/isae_robot_skillset_client
[0.846s] -- Install configuration: ""
[0.847s] -- Up-to-date: /home/etdisc/ros2_ws/install/isae_robot_skillset_client/share/isae_robot_skillset_client/environment/pythonpath.sh
[0.847s] -- Up-to-date: /home/etdisc/ros2_ws/install/isae_robot_skillset_client/share/isae_robot_skillset_client/environment/pythonpath.dsv
[0.847s] -- Up-to-date: /home/etdisc/ros2_ws/install/isae_robot_skillset_client/local/lib/python3.10/dist-packages/isae_robot_skillset_client-0.0.0-py3.10.egg-info
[0.849s] -- Installing: /home/etdisc/ros2_ws/install/isae_robot_skillset_client/local/lib/python3.10/dist-packages/isae_robot_skillset_client-0.0.0-py3.10.egg-info/PKG-INFO
[0.850s] -- Installing: /home/etdisc/ros2_ws/install/isae_robot_skillset_client/local/lib/python3.10/dist-packages/isae_robot_skillset_client-0.0.0-py3.10.egg-info/dependency_links.txt
[0.850s] -- Installing: /home/etdisc/ros2_ws/install/isae_robot_skillset_client/local/lib/python3.10/dist-packages/isae_robot_skillset_client-0.0.0-py3.10.egg-info/SOURCES.txt
[0.850s] -- Installing: /home/etdisc/ros2_ws/install/isae_robot_skillset_client/local/lib/python3.10/dist-packages/isae_robot_skillset_client-0.0.0-py3.10.egg-info/top_level.txt
[0.851s] -- Up-to-date: /home/etdisc/ros2_ws/install/isae_robot_skillset_client/local/lib/python3.10/dist-packages/isae_robot_skillset_client
[0.851s] -- Up-to-date: /home/etdisc/ros2_ws/install/isae_robot_skillset_client/local/lib/python3.10/dist-packages/isae_robot_skillset_client/uid.py
[0.851s] -- Up-to-date: /home/etdisc/ros2_ws/install/isae_robot_skillset_client/local/lib/python3.10/dist-packages/isae_robot_skillset_client/qos.py
[0.851s] -- Up-to-date: /home/etdisc/ros2_ws/install/isae_robot_skillset_client/local/lib/python3.10/dist-packages/isae_robot_skillset_client/__init__.py
[0.851s] -- Up-to-date: /home/etdisc/ros2_ws/install/isae_robot_skillset_client/local/lib/python3.10/dist-packages/isae_robot_skillset_client/data.py
[0.851s] -- Up-to-date: /home/etdisc/ros2_ws/install/isae_robot_skillset_client/local/lib/python3.10/dist-packages/isae_robot_skillset_client/resources.py
[0.851s] -- Up-to-date: /home/etdisc/ros2_ws/install/isae_robot_skillset_client/local/lib/python3.10/dist-packages/isae_robot_skillset_client/client.py
[0.851s] -- Up-to-date: /home/etdisc/ros2_ws/install/isae_robot_skillset_client/local/lib/python3.10/dist-packages/isae_robot_skillset_client/events.py
[0.851s] -- Up-to-date: /home/etdisc/ros2_ws/install/isae_robot_skillset_client/local/lib/python3.10/dist-packages/isae_robot_skillset_client/skills.py
[0.918s] Listing '/home/etdisc/ros2_ws/install/isae_robot_skillset_client/local/lib/python3.10/dist-packages/isae_robot_skillset_client'...
[0.925s] -- Up-to-date: /home/etdisc/ros2_ws/install/isae_robot_skillset_client/share/ament_index/resource_index/package_run_dependencies/isae_robot_skillset_client
[0.925s] -- Up-to-date: /home/etdisc/ros2_ws/install/isae_robot_skillset_client/share/ament_index/resource_index/parent_prefix_path/isae_robot_skillset_client
[0.926s] -- Up-to-date: /home/etdisc/ros2_ws/install/isae_robot_skillset_client/share/isae_robot_skillset_client/environment/ament_prefix_path.sh
[0.926s] -- Up-to-date: /home/etdisc/ros2_ws/install/isae_robot_skillset_client/share/isae_robot_skillset_client/environment/ament_prefix_path.dsv
[0.926s] -- Up-to-date: /home/etdisc/ros2_ws/install/isae_robot_skillset_client/share/isae_robot_skillset_client/environment/path.sh
[0.926s] -- Up-to-date: /home/etdisc/ros2_ws/install/isae_robot_skillset_client/share/isae_robot_skillset_client/environment/path.dsv
[0.926s] -- Up-to-date: /home/etdisc/ros2_ws/install/isae_robot_skillset_client/share/isae_robot_skillset_client/local_setup.bash
[0.926s] -- Up-to-date: /home/etdisc/ros2_ws/install/isae_robot_skillset_client/share/isae_robot_skillset_client/local_setup.sh
[0.926s] -- Up-to-date: /home/etdisc/ros2_ws/install/isae_robot_skillset_client/share/isae_robot_skillset_client/local_setup.zsh
[0.926s] -- Up-to-date: /home/etdisc/ros2_ws/install/isae_robot_skillset_client/share/isae_robot_skillset_client/local_setup.dsv
[0.926s] -- Installing: /home/etdisc/ros2_ws/install/isae_robot_skillset_client/share/isae_robot_skillset_client/package.dsv
[0.926s] -- Up-to-date: /home/etdisc/ros2_ws/install/isae_robot_skillset_client/share/ament_index/resource_index/packages/isae_robot_skillset_client
[0.926s] -- Up-to-date: /home/etdisc/ros2_ws/install/isae_robot_skillset_client/share/isae_robot_skillset_client/cmake/isae_robot_skillset_clientConfig.cmake
[0.926s] -- Up-to-date: /home/etdisc/ros2_ws/install/isae_robot_skillset_client/share/isae_robot_skillset_client/cmake/isae_robot_skillset_clientConfig-version.cmake
[0.926s] -- Up-to-date: /home/etdisc/ros2_ws/install/isae_robot_skillset_client/share/isae_robot_skillset_client/package.xml
[0.932s] Invoked command in '/home/etdisc/ros2_ws/build/isae_robot_skillset_client' returned '0': CMAKE_PREFIX_PATH=/home/etdisc/ros2_ws/install/isae_robot_skillset_interfaces:/home/etdisc/ros2_ws/install/target_tracking:/home/etdisc/ros2_ws/install/autonomy_architecture:/home/etdisc/ros2_ws/install/visual_detection:/home/etdisc/ros2_ws/install/isae_simulations_package:/home/etdisc/ros2_ws/install/isae_robot_skillset_client:/home/etdisc/ros2_ws/install/isae_robot_skillset_gui_widgets:/home/etdisc/ros2_ws/install/isae_robot_skillset:/home/etdisc/ros2_ws/install/control_pkg:/home/etdisc/ros2_ws/install/aias_lab_skillset:/home/etdisc/depots/colcon_ws/install/topic_tools:/home/etdisc/depots/colcon_ws/install/topic_tools_interfaces:/home/etdisc/depots/colcon_ws/install/move_to:/home/etdisc/depots/colcon_ws/install/gui_tools:/opt/ros/humble LD_LIBRARY_PATH=/home/etdisc/ros2_ws/install/isae_robot_skillset_interfaces/lib:/home/etdisc/ros2_ws/install/isae_robot_skillset_gui_widgets/lib:/home/etdisc/depots/colcon_ws/install/topic_tools/lib:/home/etdisc/depots/colcon_ws/install/topic_tools_interfaces/lib:/home/etdisc/depots/colcon_ws/install/move_to/lib:/home/etdisc/depots/colcon_ws/install/gui_tools/lib:/usr/lib/x86_64-linux-gnu/gazebo-11/plugins:/opt/ros/humble/opt/rviz_ogre_vendor/lib:/opt/ros/humble/lib/x86_64-linux-gnu:/opt/ros/humble/lib:/usr/share/gazebo/../../lib/x86_64-linux-gnu/gazebo-11/plugins /usr/bin/cmake --install /home/etdisc/ros2_ws/build/isae_robot_skillset_client
