[ 60%] Built target isae_robot_skillset_gui_widgets
[100%] Built target isae_robot_skillset_gui_widgets_node
-- Install configuration: ""
-- Up-to-date: /home/etdisc/ros2_ws/install/isae_robot_skillset_gui_widgets/include
-- Up-to-date: /home/etdisc/ros2_ws/install/isae_robot_skillset_gui_widgets/include/isae_robot_skillset_gui_widgets
-- Up-to-date: /home/etdisc/ros2_ws/install/isae_robot_skillset_gui_widgets/include/isae_robot_skillset_gui_widgets/widget.hpp
-- Up-to-date: /home/etdisc/ros2_ws/install/isae_robot_skillset_gui_widgets/include/isae_robot_skillset_gui_widgets/client.hpp
-- Up-to-date: /home/etdisc/ros2_ws/install/isae_robot_skillset_gui_widgets/lib/libisae_robot_skillset_gui_widgets.so
-- Up-to-date: /home/etdisc/ros2_ws/install/isae_robot_skillset_gui_widgets/lib/isae_robot_skillset_gui_widgets/isae_robot_skillset_gui_widgets_node
-- Up-to-date: /home/etdisc/ros2_ws/install/isae_robot_skillset_gui_widgets/share/ament_index/resource_index/package_run_dependencies/isae_robot_skillset_gui_widgets
-- Up-to-date: /home/etdisc/ros2_ws/install/isae_robot_skillset_gui_widgets/share/ament_index/resource_index/parent_prefix_path/isae_robot_skillset_gui_widgets
-- Up-to-date: /home/etdisc/ros2_ws/install/isae_robot_skillset_gui_widgets/share/isae_robot_skillset_gui_widgets/environment/ament_prefix_path.sh
-- Up-to-date: /home/etdisc/ros2_ws/install/isae_robot_skillset_gui_widgets/share/isae_robot_skillset_gui_widgets/environment/ament_prefix_path.dsv
-- Up-to-date: /home/etdisc/ros2_ws/install/isae_robot_skillset_gui_widgets/share/isae_robot_skillset_gui_widgets/environment/path.sh
-- Up-to-date: /home/etdisc/ros2_ws/install/isae_robot_skillset_gui_widgets/share/isae_robot_skillset_gui_widgets/environment/path.dsv
-- Up-to-date: /home/etdisc/ros2_ws/install/isae_robot_skillset_gui_widgets/share/isae_robot_skillset_gui_widgets/local_setup.bash
-- Up-to-date: /home/etdisc/ros2_ws/install/isae_robot_skillset_gui_widgets/share/isae_robot_skillset_gui_widgets/local_setup.sh
-- Up-to-date: /home/etdisc/ros2_ws/install/isae_robot_skillset_gui_widgets/share/isae_robot_skillset_gui_widgets/local_setup.zsh
-- Up-to-date: /home/etdisc/ros2_ws/install/isae_robot_skillset_gui_widgets/share/isae_robot_skillset_gui_widgets/local_setup.dsv
-- Installing: /home/etdisc/ros2_ws/install/isae_robot_skillset_gui_widgets/share/isae_robot_skillset_gui_widgets/package.dsv
-- Up-to-date: /home/etdisc/ros2_ws/install/isae_robot_skillset_gui_widgets/share/ament_index/resource_index/packages/isae_robot_skillset_gui_widgets
-- Up-to-date: /home/etdisc/ros2_ws/install/isae_robot_skillset_gui_widgets/share/isae_robot_skillset_gui_widgets/cmake/isae_robot_skillset_gui_widgetsExport.cmake
-- Up-to-date: /home/etdisc/ros2_ws/install/isae_robot_skillset_gui_widgets/share/isae_robot_skillset_gui_widgets/cmake/isae_robot_skillset_gui_widgetsExport-noconfig.cmake
-- Up-to-date: /home/etdisc/ros2_ws/install/isae_robot_skillset_gui_widgets/share/isae_robot_skillset_gui_widgets/cmake/ament_cmake_export_targets-extras.cmake
-- Up-to-date: /home/etdisc/ros2_ws/install/isae_robot_skillset_gui_widgets/share/isae_robot_skillset_gui_widgets/cmake/isae_robot_skillset_gui_widgetsConfig.cmake
-- Up-to-date: /home/etdisc/ros2_ws/install/isae_robot_skillset_gui_widgets/share/isae_robot_skillset_gui_widgets/cmake/isae_robot_skillset_gui_widgetsConfig-version.cmake
-- Up-to-date: /home/etdisc/ros2_ws/install/isae_robot_skillset_gui_widgets/share/isae_robot_skillset_gui_widgets/package.xml
