-- Install configuration: ""
-- Up-to-date: /home/etdisc/ros2_ws/install/isae_simulations_package/share/isae_simulations_package//launch
-- Up-to-date: /home/etdisc/ros2_ws/install/isae_simulations_package/share/isae_simulations_package//launch/load_isae_prex_camera_into_gazebo.launch.py
-- Up-to-date: /home/etdisc/ros2_ws/install/isae_simulations_package/share/isae_simulations_package//launch/prex_pc.py
-- Up-to-date: /home/etdisc/ros2_ws/install/isae_simulations_package/share/isae_simulations_package//launch/load_isae_world_into_gazebo.launch.py
-- Up-to-date: /home/etdisc/ros2_ws/install/isae_simulations_package/share/isae_simulations_package//launch/load_isae_prex_telemetre_into_gazebo.launch.py
-- Up-to-date: /home/etdisc/ros2_ws/install/isae_simulations_package/share/isae_simulations_package//launch/teleop-isae-launch.py
-- Up-to-date: /home/etdisc/ros2_ws/install/isae_simulations_package/share/isae_simulations_package//models
-- Up-to-date: /home/etdisc/ros2_ws/install/isae_simulations_package/share/isae_simulations_package//models/greenBox
-- Up-to-date: /home/etdisc/ros2_ws/install/isae_simulations_package/share/isae_simulations_package//models/greenBox/model.config
-- Up-to-date: /home/etdisc/ros2_ws/install/isae_simulations_package/share/isae_simulations_package//models/greenBox/model.sdf
-- Up-to-date: /home/etdisc/ros2_ws/install/isae_simulations_package/share/isae_simulations_package//models/roversensor
-- Up-to-date: /home/etdisc/ros2_ws/install/isae_simulations_package/share/isae_simulations_package//models/roversensor/model.config
-- Up-to-date: /home/etdisc/ros2_ws/install/isae_simulations_package/share/isae_simulations_package//models/roversensor/model.sdf
-- Up-to-date: /home/etdisc/ros2_ws/install/isae_simulations_package/share/isae_simulations_package//models/rover
-- Up-to-date: /home/etdisc/ros2_ws/install/isae_simulations_package/share/isae_simulations_package//models/rover/model.config
-- Up-to-date: /home/etdisc/ros2_ws/install/isae_simulations_package/share/isae_simulations_package//models/rover/model.sdf
-- Up-to-date: /home/etdisc/ros2_ws/install/isae_simulations_package/share/isae_simulations_package//models/red_box
-- Up-to-date: /home/etdisc/ros2_ws/install/isae_simulations_package/share/isae_simulations_package//models/red_box/model.config
-- Up-to-date: /home/etdisc/ros2_ws/install/isae_simulations_package/share/isae_simulations_package//models/red_box/model.sdf
-- Up-to-date: /home/etdisc/ros2_ws/install/isae_simulations_package/share/isae_simulations_package//models/mat_prex_cam
-- Up-to-date: /home/etdisc/ros2_ws/install/isae_simulations_package/share/isae_simulations_package//models/mat_prex_cam/model.config
-- Up-to-date: /home/etdisc/ros2_ws/install/isae_simulations_package/share/isae_simulations_package//models/mat_prex_cam/meshes
-- Up-to-date: /home/etdisc/ros2_ws/install/isae_simulations_package/share/isae_simulations_package//models/mat_prex_cam/meshes/mat_irobot_prex.dae
-- Up-to-date: /home/etdisc/ros2_ws/install/isae_simulations_package/share/isae_simulations_package//models/mat_prex_cam/meshes/mat.dae
-- Up-to-date: /home/etdisc/ros2_ws/install/isae_simulations_package/share/isae_simulations_package//models/mat_prex_cam/meshes/untitled.dae
-- Up-to-date: /home/etdisc/ros2_ws/install/isae_simulations_package/share/isae_simulations_package//models/mat_prex_cam/model.sdf
-- Up-to-date: /home/etdisc/ros2_ws/install/isae_simulations_package/share/isae_simulations_package//models/greyBoxIsae
-- Up-to-date: /home/etdisc/ros2_ws/install/isae_simulations_package/share/isae_simulations_package//models/greyBoxIsae/model.config
-- Up-to-date: /home/etdisc/ros2_ws/install/isae_simulations_package/share/isae_simulations_package//models/greyBoxIsae/model.sdf
-- Up-to-date: /home/etdisc/ros2_ws/install/isae_simulations_package/share/isae_simulations_package//models/Irobot_01_prex_cam
-- Up-to-date: /home/etdisc/ros2_ws/install/isae_simulations_package/share/isae_simulations_package//models/Irobot_01_prex_cam/model.config
-- Up-to-date: /home/etdisc/ros2_ws/install/isae_simulations_package/share/isae_simulations_package//models/Irobot_01_prex_cam/model_V2.sdf
-- Up-to-date: /home/etdisc/ros2_ws/install/isae_simulations_package/share/isae_simulations_package//models/Irobot_01_prex_cam/model.sdf
-- Up-to-date: /home/etdisc/ros2_ws/install/isae_simulations_package/share/isae_simulations_package//models/helibox
-- Up-to-date: /home/etdisc/ros2_ws/install/isae_simulations_package/share/isae_simulations_package//models/helibox/model.config
-- Up-to-date: /home/etdisc/ros2_ws/install/isae_simulations_package/share/isae_simulations_package//models/helibox/materials
-- Up-to-date: /home/etdisc/ros2_ws/install/isae_simulations_package/share/isae_simulations_package//models/helibox/materials/scripts
-- Up-to-date: /home/etdisc/ros2_ws/install/isae_simulations_package/share/isae_simulations_package//models/helibox/materials/scripts/repeated.material
-- Up-to-date: /home/etdisc/ros2_ws/install/isae_simulations_package/share/isae_simulations_package//models/helibox/materials/textures
-- Up-to-date: /home/etdisc/ros2_ws/install/isae_simulations_package/share/isae_simulations_package//models/helibox/materials/textures/H.png
-- Up-to-date: /home/etdisc/ros2_ws/install/isae_simulations_package/share/isae_simulations_package//models/helibox/materials/textures/H.jpg
-- Up-to-date: /home/etdisc/ros2_ws/install/isae_simulations_package/share/isae_simulations_package//models/helibox/model.sdf
-- Up-to-date: /home/etdisc/ros2_ws/install/isae_simulations_package/share/isae_simulations_package//models/camera
-- Up-to-date: /home/etdisc/ros2_ws/install/isae_simulations_package/share/isae_simulations_package//models/camera/model.config
-- Up-to-date: /home/etdisc/ros2_ws/install/isae_simulations_package/share/isae_simulations_package//models/camera/__model.sdf
-- Up-to-date: /home/etdisc/ros2_ws/install/isae_simulations_package/share/isae_simulations_package//models/camera/model.sdf
-- Up-to-date: /home/etdisc/ros2_ws/install/isae_simulations_package/share/isae_simulations_package//models/batiment_residence_01
-- Up-to-date: /home/etdisc/ros2_ws/install/isae_simulations_package/share/isae_simulations_package//models/batiment_residence_01/model.config
-- Up-to-date: /home/etdisc/ros2_ws/install/isae_simulations_package/share/isae_simulations_package//models/batiment_residence_01/dae_bat_residence_01
-- Up-to-date: /home/etdisc/ros2_ws/install/isae_simulations_package/share/isae_simulations_package//models/batiment_residence_01/dae_bat_residence_01/bat_residence_01.dae
-- Up-to-date: /home/etdisc/ros2_ws/install/isae_simulations_package/share/isae_simulations_package//models/batiment_residence_01/dae_bat_residence_01/gazebo_res_01.jpg
-- Up-to-date: /home/etdisc/ros2_ws/install/isae_simulations_package/share/isae_simulations_package//models/batiment_residence_01/dae_bat_residence_01/toit_noir.jpg
-- Up-to-date: /home/etdisc/ros2_ws/install/isae_simulations_package/share/isae_simulations_package//models/batiment_residence_01/dae_bat_residence_02
-- Up-to-date: /home/etdisc/ros2_ws/install/isae_simulations_package/share/isae_simulations_package//models/batiment_residence_01/dae_bat_residence_02/bat_residence_02.dae
-- Up-to-date: /home/etdisc/ros2_ws/install/isae_simulations_package/share/isae_simulations_package//models/batiment_residence_01/dae_bat_residence_02/gazebo_res_01.jpg
-- Up-to-date: /home/etdisc/ros2_ws/install/isae_simulations_package/share/isae_simulations_package//models/batiment_residence_01/dae_bat_residence_02/toit_noir.jpg
-- Up-to-date: /home/etdisc/ros2_ws/install/isae_simulations_package/share/isae_simulations_package//models/batiment_residence_01/bat_res_01
-- Up-to-date: /home/etdisc/ros2_ws/install/isae_simulations_package/share/isae_simulations_package//models/batiment_residence_01/bat_res_01/gazebo_res_01__.jpg
-- Up-to-date: /home/etdisc/ros2_ws/install/isae_simulations_package/share/isae_simulations_package//models/batiment_residence_01/bat_res_01/bat_residence_01.dae
-- Up-to-date: /home/etdisc/ros2_ws/install/isae_simulations_package/share/isae_simulations_package//models/batiment_residence_01/bat_res_01/gazebo_res_01.jpg
-- Up-to-date: /home/etdisc/ros2_ws/install/isae_simulations_package/share/isae_simulations_package//models/batiment_residence_01/bat_res_01/toit_noir.jpg
-- Up-to-date: /home/etdisc/ros2_ws/install/isae_simulations_package/share/isae_simulations_package//models/batiment_residence_01/model.sdf
-- Up-to-date: /home/etdisc/ros2_ws/install/isae_simulations_package/share/isae_simulations_package//models/hokuyo_ros2_sensor
-- Up-to-date: /home/etdisc/ros2_ws/install/isae_simulations_package/share/isae_simulations_package//models/hokuyo_ros2_sensor/model.config
-- Up-to-date: /home/etdisc/ros2_ws/install/isae_simulations_package/share/isae_simulations_package//models/hokuyo_ros2_sensor/model.sdf
-- Up-to-date: /home/etdisc/ros2_ws/install/isae_simulations_package/share/isae_simulations_package//models/green_decor
-- Up-to-date: /home/etdisc/ros2_ws/install/isae_simulations_package/share/isae_simulations_package//models/green_decor/model.config
-- Up-to-date: /home/etdisc/ros2_ws/install/isae_simulations_package/share/isae_simulations_package//models/green_decor/model.sdf
-- Up-to-date: /home/etdisc/ros2_ws/install/isae_simulations_package/share/isae_simulations_package//models/greencube
-- Up-to-date: /home/etdisc/ros2_ws/install/isae_simulations_package/share/isae_simulations_package//models/greencube/model.config
-- Up-to-date: /home/etdisc/ros2_ws/install/isae_simulations_package/share/isae_simulations_package//models/greencube/model.sdf
-- Up-to-date: /home/etdisc/ros2_ws/install/isae_simulations_package/share/isae_simulations_package//models/bat_res_avion
-- Up-to-date: /home/etdisc/ros2_ws/install/isae_simulations_package/share/isae_simulations_package//models/bat_res_avion/model.config
-- Up-to-date: /home/etdisc/ros2_ws/install/isae_simulations_package/share/isae_simulations_package//models/bat_res_avion/bat_res_avion
-- Up-to-date: /home/etdisc/ros2_ws/install/isae_simulations_package/share/isae_simulations_package//models/bat_res_avion/bat_res_avion/gazebo_res_01__.jpg
-- Up-to-date: /home/etdisc/ros2_ws/install/isae_simulations_package/share/isae_simulations_package//models/bat_res_avion/bat_res_avion/avion.jpeg
-- Up-to-date: /home/etdisc/ros2_ws/install/isae_simulations_package/share/isae_simulations_package//models/bat_res_avion/bat_res_avion/bat_res_avion.dae
-- Up-to-date: /home/etdisc/ros2_ws/install/isae_simulations_package/share/isae_simulations_package//models/bat_res_avion/bat_res_avion/gazebo_res_01.jpg
-- Up-to-date: /home/etdisc/ros2_ws/install/isae_simulations_package/share/isae_simulations_package//models/bat_res_avion/bat_res_avion/toit_noir.jpg
-- Up-to-date: /home/etdisc/ros2_ws/install/isae_simulations_package/share/isae_simulations_package//models/bat_res_avion/model.sdf
-- Up-to-date: /home/etdisc/ros2_ws/install/isae_simulations_package/share/isae_simulations_package//models/whiteBoxIsae
-- Up-to-date: /home/etdisc/ros2_ws/install/isae_simulations_package/share/isae_simulations_package//models/whiteBoxIsae/model.config
-- Up-to-date: /home/etdisc/ros2_ws/install/isae_simulations_package/share/isae_simulations_package//models/whiteBoxIsae/model.sdf
-- Up-to-date: /home/etdisc/ros2_ws/install/isae_simulations_package/share/isae_simulations_package//models/greyBox
-- Up-to-date: /home/etdisc/ros2_ws/install/isae_simulations_package/share/isae_simulations_package//models/greyBox/model.config
-- Up-to-date: /home/etdisc/ros2_ws/install/isae_simulations_package/share/isae_simulations_package//models/greyBox/model.sdf
-- Up-to-date: /home/etdisc/ros2_ws/install/isae_simulations_package/share/isae_simulations_package//models/bat_psa
-- Up-to-date: /home/etdisc/ros2_ws/install/isae_simulations_package/share/isae_simulations_package//models/bat_psa/model.config
-- Up-to-date: /home/etdisc/ros2_ws/install/isae_simulations_package/share/isae_simulations_package//models/bat_psa/bat_psa
-- Up-to-date: /home/etdisc/ros2_ws/install/isae_simulations_package/share/isae_simulations_package//models/bat_psa/bat_psa/room_07_009_without_roof.dae
-- Up-to-date: /home/etdisc/ros2_ws/install/isae_simulations_package/share/isae_simulations_package//models/bat_psa/model.sdf
-- Up-to-date: /home/etdisc/ros2_ws/install/isae_simulations_package/share/isae_simulations_package//models/bat_res_isae
-- Up-to-date: /home/etdisc/ros2_ws/install/isae_simulations_package/share/isae_simulations_package//models/bat_res_isae/model.config
-- Up-to-date: /home/etdisc/ros2_ws/install/isae_simulations_package/share/isae_simulations_package//models/bat_res_isae/bat_isae
-- Up-to-date: /home/etdisc/ros2_ws/install/isae_simulations_package/share/isae_simulations_package//models/bat_res_isae/bat_isae/ecole__.jpg
-- Up-to-date: /home/etdisc/ros2_ws/install/isae_simulations_package/share/isae_simulations_package//models/bat_res_isae/bat_isae/toit_gris.jpg
-- Up-to-date: /home/etdisc/ros2_ws/install/isae_simulations_package/share/isae_simulations_package//models/bat_res_isae/bat_isae/ecole2.jpg
-- Up-to-date: /home/etdisc/ros2_ws/install/isae_simulations_package/share/isae_simulations_package//models/bat_res_isae/bat_isae/bat_isae.dae
-- Up-to-date: /home/etdisc/ros2_ws/install/isae_simulations_package/share/isae_simulations_package//models/bat_res_isae/bat_isae/ecole.jpg
-- Up-to-date: /home/etdisc/ros2_ws/install/isae_simulations_package/share/isae_simulations_package//models/bat_res_isae/bat_isae/ecole_.jpg
-- Up-to-date: /home/etdisc/ros2_ws/install/isae_simulations_package/share/isae_simulations_package//models/bat_res_isae/model.sdf
-- Up-to-date: /home/etdisc/ros2_ws/install/isae_simulations_package/share/isae_simulations_package//models/rover_camera
-- Up-to-date: /home/etdisc/ros2_ws/install/isae_simulations_package/share/isae_simulations_package//models/rover_camera/model.config
-- Up-to-date: /home/etdisc/ros2_ws/install/isae_simulations_package/share/isae_simulations_package//models/rover_camera/model.sdf
-- Up-to-date: /home/etdisc/ros2_ws/install/isae_simulations_package/share/isae_simulations_package//models/Irobot_02_prex
-- Up-to-date: /home/etdisc/ros2_ws/install/isae_simulations_package/share/isae_simulations_package//models/Irobot_02_prex/model.config
-- Up-to-date: /home/etdisc/ros2_ws/install/isae_simulations_package/share/isae_simulations_package//models/Irobot_02_prex/model_V2.sdf
-- Up-to-date: /home/etdisc/ros2_ws/install/isae_simulations_package/share/isae_simulations_package//models/Irobot_02_prex/model.sdf
-- Up-to-date: /home/etdisc/ros2_ws/install/isae_simulations_package/share/isae_simulations_package//models/external_area
-- Up-to-date: /home/etdisc/ros2_ws/install/isae_simulations_package/share/isae_simulations_package//models/external_area/model.config
-- Up-to-date: /home/etdisc/ros2_ws/install/isae_simulations_package/share/isae_simulations_package//models/external_area/model.sdf
-- Up-to-date: /home/etdisc/ros2_ws/install/isae_simulations_package/share/isae_simulations_package//models/brownBox
-- Up-to-date: /home/etdisc/ros2_ws/install/isae_simulations_package/share/isae_simulations_package//models/brownBox/model.config
-- Up-to-date: /home/etdisc/ros2_ws/install/isae_simulations_package/share/isae_simulations_package//models/brownBox/model.sdf
-- Up-to-date: /home/etdisc/ros2_ws/install/isae_simulations_package/share/isae_simulations_package//models/kinect_ros2_sensor
-- Up-to-date: /home/etdisc/ros2_ws/install/isae_simulations_package/share/isae_simulations_package//models/kinect_ros2_sensor/model.config
-- Up-to-date: /home/etdisc/ros2_ws/install/isae_simulations_package/share/isae_simulations_package//models/kinect_ros2_sensor/materials
-- Up-to-date: /home/etdisc/ros2_ws/install/isae_simulations_package/share/isae_simulations_package//models/kinect_ros2_sensor/materials/textures
-- Up-to-date: /home/etdisc/ros2_ws/install/isae_simulations_package/share/isae_simulations_package//models/kinect_ros2_sensor/materials/textures/kinect.png
-- Up-to-date: /home/etdisc/ros2_ws/install/isae_simulations_package/share/isae_simulations_package//models/kinect_ros2_sensor/meshes
-- Up-to-date: /home/etdisc/ros2_ws/install/isae_simulations_package/share/isae_simulations_package//models/kinect_ros2_sensor/meshes/kinect.dae
-- Up-to-date: /home/etdisc/ros2_ws/install/isae_simulations_package/share/isae_simulations_package//models/kinect_ros2_sensor/model.sdf
-- Up-to-date: /home/etdisc/ros2_ws/install/isae_simulations_package/share/isae_simulations_package//models/d435_ros2_sensor
-- Up-to-date: /home/etdisc/ros2_ws/install/isae_simulations_package/share/isae_simulations_package//models/d435_ros2_sensor/model_V1.sdf
-- Up-to-date: /home/etdisc/ros2_ws/install/isae_simulations_package/share/isae_simulations_package//models/d435_ros2_sensor/model.config
-- Up-to-date: /home/etdisc/ros2_ws/install/isae_simulations_package/share/isae_simulations_package//models/d435_ros2_sensor/model_V2.sdf
-- Up-to-date: /home/etdisc/ros2_ws/install/isae_simulations_package/share/isae_simulations_package//models/d435_ros2_sensor/meshes
-- Up-to-date: /home/etdisc/ros2_ws/install/isae_simulations_package/share/isae_simulations_package//models/d435_ros2_sensor/meshes/d435_2.dae
-- Up-to-date: /home/etdisc/ros2_ws/install/isae_simulations_package/share/isae_simulations_package//models/d435_ros2_sensor/meshes/d435.dae
-- Up-to-date: /home/etdisc/ros2_ws/install/isae_simulations_package/share/isae_simulations_package//models/blue_box
-- Up-to-date: /home/etdisc/ros2_ws/install/isae_simulations_package/share/isae_simulations_package//models/blue_box/model.config
-- Up-to-date: /home/etdisc/ros2_ws/install/isae_simulations_package/share/isae_simulations_package//models/blue_box/model.sdf
-- Up-to-date: /home/etdisc/ros2_ws/install/isae_simulations_package/share/isae_simulations_package//models/sensor
-- Up-to-date: /home/etdisc/ros2_ws/install/isae_simulations_package/share/isae_simulations_package//models/sensor/model.config
-- Up-to-date: /home/etdisc/ros2_ws/install/isae_simulations_package/share/isae_simulations_package//models/sensor/model.sdf
-- Up-to-date: /home/etdisc/ros2_ws/install/isae_simulations_package/share/isae_simulations_package//models/brownBoxIsae
-- Up-to-date: /home/etdisc/ros2_ws/install/isae_simulations_package/share/isae_simulations_package//models/brownBoxIsae/model.config
-- Up-to-date: /home/etdisc/ros2_ws/install/isae_simulations_package/share/isae_simulations_package//models/brownBoxIsae/model.sdf
-- Up-to-date: /home/etdisc/ros2_ws/install/isae_simulations_package/share/isae_simulations_package//models/greenBoxtesttextures
-- Up-to-date: /home/etdisc/ros2_ws/install/isae_simulations_package/share/isae_simulations_package//models/greenBoxtesttextures/model.config
-- Up-to-date: /home/etdisc/ros2_ws/install/isae_simulations_package/share/isae_simulations_package//models/greenBoxtesttextures/model.sdf
-- Up-to-date: /home/etdisc/ros2_ws/install/isae_simulations_package/share/isae_simulations_package//models/greenBoxIsae
-- Up-to-date: /home/etdisc/ros2_ws/install/isae_simulations_package/share/isae_simulations_package//models/greenBoxIsae/model.config
-- Up-to-date: /home/etdisc/ros2_ws/install/isae_simulations_package/share/isae_simulations_package//models/greenBoxIsae/model.sdf
-- Up-to-date: /home/etdisc/ros2_ws/install/isae_simulations_package/share/isae_simulations_package//worlds
-- Up-to-date: /home/etdisc/ros2_ws/install/isae_simulations_package/share/isae_simulations_package//worlds/isae_room-07009
-- Up-to-date: /home/etdisc/ros2_ws/install/isae_simulations_package/share/isae_simulations_package//worlds/isae_room-07009/isae_prex_telemetre.world
-- Up-to-date: /home/etdisc/ros2_ws/install/isae_simulations_package/share/isae_simulations_package//worlds/isae_room-07009/room_07_009_08.dae
-- Up-to-date: /home/etdisc/ros2_ws/install/isae_simulations_package/share/isae_simulations_package//worlds/isae_room-07009/isae_prex_camera_only_kinect.world
-- Up-to-date: /home/etdisc/ros2_ws/install/isae_simulations_package/share/isae_simulations_package//worlds/isae_room-07009/P10003342.JPG
-- Up-to-date: /home/etdisc/ros2_ws/install/isae_simulations_package/share/isae_simulations_package//worlds/isae_room-07009/isaetest.world
-- Up-to-date: /home/etdisc/ros2_ws/install/isae_simulations_package/share/isae_simulations_package//worlds/isae_room-07009/leaves_alpha.jpg
-- Up-to-date: /home/etdisc/ros2_ws/install/isae_simulations_package/share/isae_simulations_package//worlds/isae_room-07009/room_07_009.dae
-- Up-to-date: /home/etdisc/ros2_ws/install/isae_simulations_package/share/isae_simulations_package//worlds/isae_room-07009/room_07_009_without_roof.dae
-- Up-to-date: /home/etdisc/ros2_ws/install/isae_simulations_package/share/isae_simulations_package//worlds/isae_room-07009/room_07_009_09.dae
-- Up-to-date: /home/etdisc/ros2_ws/install/isae_simulations_package/share/isae_simulations_package//worlds/isae_room-07009/isae_prex_telemetre_et_camera_full.world
-- Up-to-date: /home/etdisc/ros2_ws/install/isae_simulations_package/share/isae_simulations_package//worlds/isae_room-07009/SkyBox-Mountain.jpg
-- Up-to-date: /home/etdisc/ros2_ws/install/isae_simulations_package/share/isae_simulations_package//worlds/isae_room-07009/myWorld.world
-- Up-to-date: /home/etdisc/ros2_ws/install/isae_simulations_package/share/isae_simulations_package//worlds/isae_room-07009/Dirty Concrete.png
-- Up-to-date: /home/etdisc/ros2_ws/install/isae_simulations_package/share/isae_simulations_package//worlds/isae_room-07009/isae_BE.world
-- Up-to-date: /home/etdisc/ros2_ws/install/isae_simulations_package/share/isae_simulations_package//worlds/isae_room-07009/leaves.jpg
-- Up-to-date: /home/etdisc/ros2_ws/install/isae_simulations_package/share/isae_simulations_package//worlds/isae_room-07009/isae.world
-- Up-to-date: /home/etdisc/ros2_ws/install/isae_simulations_package/share/isae_simulations_package//worlds/isae_room-07009/isae_prex_camera.world
-- Up-to-date: /home/etdisc/ros2_ws/install/isae_simulations_package/share/isae_simulations_package//worlds/isae_room-07009/isae_fisa.world
-- Up-to-date: /home/etdisc/ros2_ws/install/isae_simulations_package/share/isae_simulations_package//config
-- Up-to-date: /home/etdisc/ros2_ws/install/isae_simulations_package/share/isae_simulations_package//config/isae_parameters.yaml
-- Up-to-date: /home/etdisc/ros2_ws/install/isae_simulations_package/share/isae_simulations_package//config/ps3.config.yaml
-- Up-to-date: /home/etdisc/ros2_ws/install/isae_simulations_package/share/isae_simulations_package/environment/isae_simulations_package.sh
-- Up-to-date: /home/etdisc/ros2_ws/install/isae_simulations_package/share/isae_simulations_package/environment/isae_simulations_package.dsv
-- Up-to-date: /home/etdisc/ros2_ws/install/isae_simulations_package/share/ament_index/resource_index/package_run_dependencies/isae_simulations_package
-- Up-to-date: /home/etdisc/ros2_ws/install/isae_simulations_package/share/ament_index/resource_index/parent_prefix_path/isae_simulations_package
-- Up-to-date: /home/etdisc/ros2_ws/install/isae_simulations_package/share/isae_simulations_package/environment/ament_prefix_path.sh
-- Up-to-date: /home/etdisc/ros2_ws/install/isae_simulations_package/share/isae_simulations_package/environment/ament_prefix_path.dsv
-- Up-to-date: /home/etdisc/ros2_ws/install/isae_simulations_package/share/isae_simulations_package/environment/path.sh
-- Up-to-date: /home/etdisc/ros2_ws/install/isae_simulations_package/share/isae_simulations_package/environment/path.dsv
-- Up-to-date: /home/etdisc/ros2_ws/install/isae_simulations_package/share/isae_simulations_package/local_setup.bash
-- Up-to-date: /home/etdisc/ros2_ws/install/isae_simulations_package/share/isae_simulations_package/local_setup.sh
-- Up-to-date: /home/etdisc/ros2_ws/install/isae_simulations_package/share/isae_simulations_package/local_setup.zsh
-- Up-to-date: /home/etdisc/ros2_ws/install/isae_simulations_package/share/isae_simulations_package/local_setup.dsv
-- Installing: /home/etdisc/ros2_ws/install/isae_simulations_package/share/isae_simulations_package/package.dsv
-- Up-to-date: /home/etdisc/ros2_ws/install/isae_simulations_package/share/ament_index/resource_index/packages/isae_simulations_package
-- Up-to-date: /home/etdisc/ros2_ws/install/isae_simulations_package/share/isae_simulations_package/cmake/isae_simulations_packageConfig.cmake
-- Up-to-date: /home/etdisc/ros2_ws/install/isae_simulations_package/share/isae_simulations_package/cmake/isae_simulations_packageConfig-version.cmake
-- Up-to-date: /home/etdisc/ros2_ws/install/isae_simulations_package/share/isae_simulations_package/package.xml
