[0.055s] Invoking command in '/home/etdisc/ros2_ws/build/isae_simulations_package': CMAKE_PREFIX_PATH=${CMAKE_PREFIX_PATH}:/opt/ros/humble /usr/bin/cmake --build /home/etdisc/ros2_ws/build/isae_simulations_package -- -j4 -l4
[0.128s] Invoked command in '/home/etdisc/ros2_ws/build/isae_simulations_package' returned '0': CMAKE_PREFIX_PATH=${CMAKE_PREFIX_PATH}:/opt/ros/humble /usr/bin/cmake --build /home/etdisc/ros2_ws/build/isae_simulations_package -- -j4 -l4
[0.248s] Invoking command in '/home/etdisc/ros2_ws/build/isae_simulations_package': CMAKE_PREFIX_PATH=${CMAKE_PREFIX_PATH}:/opt/ros/humble /usr/bin/cmake --install /home/etdisc/ros2_ws/build/isae_simulations_package
[0.269s] -- Install configuration: ""
[0.269s] -- Up-to-date: /home/etdisc/ros2_ws/install/isae_simulations_package/share/isae_simulations_package//launch
[0.269s] -- Up-to-date: /home/etdisc/ros2_ws/install/isae_simulations_package/share/isae_simulations_package//launch/load_isae_prex_camera_into_gazebo.launch.py
[0.270s] -- Up-to-date: /home/etdisc/ros2_ws/install/isae_simulations_package/share/isae_simulations_package//launch/prex_pc.py
[0.270s] -- Up-to-date: /home/etdisc/ros2_ws/install/isae_simulations_package/share/isae_simulations_package//launch/load_isae_world_into_gazebo.launch.py
[0.270s] -- Up-to-date: /home/etdisc/ros2_ws/install/isae_simulations_package/share/isae_simulations_package//launch/load_isae_prex_telemetre_into_gazebo.launch.py
[0.270s] -- Up-to-date: /home/etdisc/ros2_ws/install/isae_simulations_package/share/isae_simulations_package//launch/teleop-isae-launch.py
[0.270s] -- Up-to-date: /home/etdisc/ros2_ws/install/isae_simulations_package/share/isae_simulations_package//models
[0.271s] -- Up-to-date: /home/etdisc/ros2_ws/install/isae_simulations_package/share/isae_simulations_package//models/greenBox
[0.271s] -- Up-to-date: /home/etdisc/ros2_ws/install/isae_simulations_package/share/isae_simulations_package//models/greenBox/model.config
[0.272s] -- Up-to-date: /home/etdisc/ros2_ws/install/isae_simulations_package/share/isae_simulations_package//models/greenBox/model.sdf
[0.272s] -- Up-to-date: /home/etdisc/ros2_ws/install/isae_simulations_package/share/isae_simulations_package//models/roversensor
[0.272s] -- Up-to-date: /home/etdisc/ros2_ws/install/isae_simulations_package/share/isae_simulations_package//models/roversensor/model.config
[0.272s] -- Up-to-date: /home/etdisc/ros2_ws/install/isae_simulations_package/share/isae_simulations_package//models/roversensor/model.sdf
[0.272s] -- Up-to-date: /home/etdisc/ros2_ws/install/isae_simulations_package/share/isae_simulations_package//models/rover
[0.272s] -- Up-to-date: /home/etdisc/ros2_ws/install/isae_simulations_package/share/isae_simulations_package//models/rover/model.config
[0.272s] -- Up-to-date: /home/etdisc/ros2_ws/install/isae_simulations_package/share/isae_simulations_package//models/rover/model.sdf
[0.274s] -- Up-to-date: /home/etdisc/ros2_ws/install/isae_simulations_package/share/isae_simulations_package//models/red_box
[0.274s] -- Up-to-date: /home/etdisc/ros2_ws/install/isae_simulations_package/share/isae_simulations_package//models/red_box/model.config
[0.274s] -- Up-to-date: /home/etdisc/ros2_ws/install/isae_simulations_package/share/isae_simulations_package//models/red_box/model.sdf
[0.274s] -- Up-to-date: /home/etdisc/ros2_ws/install/isae_simulations_package/share/isae_simulations_package//models/mat_prex_cam
[0.274s] -- Up-to-date: /home/etdisc/ros2_ws/install/isae_simulations_package/share/isae_simulations_package//models/mat_prex_cam/model.config
[0.274s] -- Up-to-date: /home/etdisc/ros2_ws/install/isae_simulations_package/share/isae_simulations_package//models/mat_prex_cam/meshes
[0.274s] -- Up-to-date: /home/etdisc/ros2_ws/install/isae_simulations_package/share/isae_simulations_package//models/mat_prex_cam/meshes/mat_irobot_prex.dae
[0.274s] -- Up-to-date: /home/etdisc/ros2_ws/install/isae_simulations_package/share/isae_simulations_package//models/mat_prex_cam/meshes/mat.dae
[0.274s] -- Up-to-date: /home/etdisc/ros2_ws/install/isae_simulations_package/share/isae_simulations_package//models/mat_prex_cam/meshes/untitled.dae
[0.274s] -- Up-to-date: /home/etdisc/ros2_ws/install/isae_simulations_package/share/isae_simulations_package//models/mat_prex_cam/model.sdf
[0.275s] -- Up-to-date: /home/etdisc/ros2_ws/install/isae_simulations_package/share/isae_simulations_package//models/greyBoxIsae
[0.276s] -- Up-to-date: /home/etdisc/ros2_ws/install/isae_simulations_package/share/isae_simulations_package//models/greyBoxIsae/model.config
[0.276s] -- Up-to-date: /home/etdisc/ros2_ws/install/isae_simulations_package/share/isae_simulations_package//models/greyBoxIsae/model.sdf
[0.276s] -- Up-to-date: /home/etdisc/ros2_ws/install/isae_simulations_package/share/isae_simulations_package//models/Irobot_01_prex_cam
[0.276s] -- Up-to-date: /home/etdisc/ros2_ws/install/isae_simulations_package/share/isae_simulations_package//models/Irobot_01_prex_cam/model.config
[0.277s] -- Up-to-date: /home/etdisc/ros2_ws/install/isae_simulations_package/share/isae_simulations_package//models/Irobot_01_prex_cam/model_V2.sdf
[0.277s] -- Up-to-date: /home/etdisc/ros2_ws/install/isae_simulations_package/share/isae_simulations_package//models/Irobot_01_prex_cam/model.sdf
[0.277s] -- Up-to-date: /home/etdisc/ros2_ws/install/isae_simulations_package/share/isae_simulations_package//models/helibox
[0.277s] -- Up-to-date: /home/etdisc/ros2_ws/install/isae_simulations_package/share/isae_simulations_package//models/helibox/model.config
[0.279s] -- Up-to-date: /home/etdisc/ros2_ws/install/isae_simulations_package/share/isae_simulations_package//models/helibox/materials
[0.279s] -- Up-to-date: /home/etdisc/ros2_ws/install/isae_simulations_package/share/isae_simulations_package//models/helibox/materials/scripts
[0.279s] -- Up-to-date: /home/etdisc/ros2_ws/install/isae_simulations_package/share/isae_simulations_package//models/helibox/materials/scripts/repeated.material
[0.280s] -- Up-to-date: /home/etdisc/ros2_ws/install/isae_simulations_package/share/isae_simulations_package//models/helibox/materials/textures
[0.280s] -- Up-to-date: /home/etdisc/ros2_ws/install/isae_simulations_package/share/isae_simulations_package//models/helibox/materials/textures/H.png
[0.280s] -- Up-to-date: /home/etdisc/ros2_ws/install/isae_simulations_package/share/isae_simulations_package//models/helibox/materials/textures/H.jpg
[0.281s] -- Up-to-date: /home/etdisc/ros2_ws/install/isae_simulations_package/share/isae_simulations_package//models/helibox/model.sdf
[0.283s] -- Up-to-date: /home/etdisc/ros2_ws/install/isae_simulations_package/share/isae_simulations_package//models/camera
[0.283s] -- Up-to-date: /home/etdisc/ros2_ws/install/isae_simulations_package/share/isae_simulations_package//models/camera/model.config
[0.285s] -- Up-to-date: /home/etdisc/ros2_ws/install/isae_simulations_package/share/isae_simulations_package//models/camera/__model.sdf
[0.285s] -- Up-to-date: /home/etdisc/ros2_ws/install/isae_simulations_package/share/isae_simulations_package//models/camera/model.sdf
[0.285s] -- Up-to-date: /home/etdisc/ros2_ws/install/isae_simulations_package/share/isae_simulations_package//models/batiment_residence_01
[0.285s] -- Up-to-date: /home/etdisc/ros2_ws/install/isae_simulations_package/share/isae_simulations_package//models/batiment_residence_01/model.config
[0.286s] -- Up-to-date: /home/etdisc/ros2_ws/install/isae_simulations_package/share/isae_simulations_package//models/batiment_residence_01/dae_bat_residence_01
[0.286s] -- Up-to-date: /home/etdisc/ros2_ws/install/isae_simulations_package/share/isae_simulations_package//models/batiment_residence_01/dae_bat_residence_01/bat_residence_01.dae
[0.286s] -- Up-to-date: /home/etdisc/ros2_ws/install/isae_simulations_package/share/isae_simulations_package//models/batiment_residence_01/dae_bat_residence_01/gazebo_res_01.jpg
[0.286s] -- Up-to-date: /home/etdisc/ros2_ws/install/isae_simulations_package/share/isae_simulations_package//models/batiment_residence_01/dae_bat_residence_01/toit_noir.jpg
[0.286s] -- Up-to-date: /home/etdisc/ros2_ws/install/isae_simulations_package/share/isae_simulations_package//models/batiment_residence_01/dae_bat_residence_02
[0.286s] -- Up-to-date: /home/etdisc/ros2_ws/install/isae_simulations_package/share/isae_simulations_package//models/batiment_residence_01/dae_bat_residence_02/bat_residence_02.dae
[0.286s] -- Up-to-date: /home/etdisc/ros2_ws/install/isae_simulations_package/share/isae_simulations_package//models/batiment_residence_01/dae_bat_residence_02/gazebo_res_01.jpg
[0.286s] -- Up-to-date: /home/etdisc/ros2_ws/install/isae_simulations_package/share/isae_simulations_package//models/batiment_residence_01/dae_bat_residence_02/toit_noir.jpg
[0.286s] -- Up-to-date: /home/etdisc/ros2_ws/install/isae_simulations_package/share/isae_simulations_package//models/batiment_residence_01/bat_res_01
[0.286s] -- Up-to-date: /home/etdisc/ros2_ws/install/isae_simulations_package/share/isae_simulations_package//models/batiment_residence_01/bat_res_01/gazebo_res_01__.jpg
[0.286s] -- Up-to-date: /home/etdisc/ros2_ws/install/isae_simulations_package/share/isae_simulations_package//models/batiment_residence_01/bat_res_01/bat_residence_01.dae
[0.286s] -- Up-to-date: /home/etdisc/ros2_ws/install/isae_simulations_package/share/isae_simulations_package//models/batiment_residence_01/bat_res_01/gazebo_res_01.jpg
[0.288s] -- Up-to-date: /home/etdisc/ros2_ws/install/isae_simulations_package/share/isae_simulations_package//models/batiment_residence_01/bat_res_01/toit_noir.jpg
[0.289s] -- Up-to-date: /home/etdisc/ros2_ws/install/isae_simulations_package/share/isae_simulations_package//models/batiment_residence_01/model.sdf
[0.289s] -- Up-to-date: /home/etdisc/ros2_ws/install/isae_simulations_package/share/isae_simulations_package//models/hokuyo_ros2_sensor
[0.289s] -- Up-to-date: /home/etdisc/ros2_ws/install/isae_simulations_package/share/isae_simulations_package//models/hokuyo_ros2_sensor/model.config
[0.290s] -- Up-to-date: /home/etdisc/ros2_ws/install/isae_simulations_package/share/isae_simulations_package//models/hokuyo_ros2_sensor/model.sdf
[0.290s] -- Up-to-date: /home/etdisc/ros2_ws/install/isae_simulations_package/share/isae_simulations_package//models/green_decor
[0.290s] -- Up-to-date: /home/etdisc/ros2_ws/install/isae_simulations_package/share/isae_simulations_package//models/green_decor/model.config
[0.291s] -- Up-to-date: /home/etdisc/ros2_ws/install/isae_simulations_package/share/isae_simulations_package//models/green_decor/model.sdf
[0.291s] -- Up-to-date: /home/etdisc/ros2_ws/install/isae_simulations_package/share/isae_simulations_package//models/greencube
[0.297s] -- Up-to-date: /home/etdisc/ros2_ws/install/isae_simulations_package/share/isae_simulations_package//models/greencube/model.config
[0.297s] -- Up-to-date: /home/etdisc/ros2_ws/install/isae_simulations_package/share/isae_simulations_package//models/greencube/model.sdf
[0.297s] -- Up-to-date: /home/etdisc/ros2_ws/install/isae_simulations_package/share/isae_simulations_package//models/bat_res_avion
[0.297s] -- Up-to-date: /home/etdisc/ros2_ws/install/isae_simulations_package/share/isae_simulations_package//models/bat_res_avion/model.config
[0.297s] -- Up-to-date: /home/etdisc/ros2_ws/install/isae_simulations_package/share/isae_simulations_package//models/bat_res_avion/bat_res_avion
[0.297s] -- Up-to-date: /home/etdisc/ros2_ws/install/isae_simulations_package/share/isae_simulations_package//models/bat_res_avion/bat_res_avion/gazebo_res_01__.jpg
[0.298s] -- Up-to-date: /home/etdisc/ros2_ws/install/isae_simulations_package/share/isae_simulations_package//models/bat_res_avion/bat_res_avion/avion.jpeg
[0.298s] -- Up-to-date: /home/etdisc/ros2_ws/install/isae_simulations_package/share/isae_simulations_package//models/bat_res_avion/bat_res_avion/bat_res_avion.dae
[0.298s] -- Up-to-date: /home/etdisc/ros2_ws/install/isae_simulations_package/share/isae_simulations_package//models/bat_res_avion/bat_res_avion/gazebo_res_01.jpg
[0.298s] -- Up-to-date: /home/etdisc/ros2_ws/install/isae_simulations_package/share/isae_simulations_package//models/bat_res_avion/bat_res_avion/toit_noir.jpg
[0.298s] -- Up-to-date: /home/etdisc/ros2_ws/install/isae_simulations_package/share/isae_simulations_package//models/bat_res_avion/model.sdf
[0.298s] -- Up-to-date: /home/etdisc/ros2_ws/install/isae_simulations_package/share/isae_simulations_package//models/whiteBoxIsae
[0.298s] -- Up-to-date: /home/etdisc/ros2_ws/install/isae_simulations_package/share/isae_simulations_package//models/whiteBoxIsae/model.config
[0.298s] -- Up-to-date: /home/etdisc/ros2_ws/install/isae_simulations_package/share/isae_simulations_package//models/whiteBoxIsae/model.sdf
[0.298s] -- Up-to-date: /home/etdisc/ros2_ws/install/isae_simulations_package/share/isae_simulations_package//models/greyBox
[0.298s] -- Up-to-date: /home/etdisc/ros2_ws/install/isae_simulations_package/share/isae_simulations_package//models/greyBox/model.config
[0.298s] -- Up-to-date: /home/etdisc/ros2_ws/install/isae_simulations_package/share/isae_simulations_package//models/greyBox/model.sdf
[0.298s] -- Up-to-date: /home/etdisc/ros2_ws/install/isae_simulations_package/share/isae_simulations_package//models/bat_psa
[0.298s] -- Up-to-date: /home/etdisc/ros2_ws/install/isae_simulations_package/share/isae_simulations_package//models/bat_psa/model.config
[0.312s] -- Up-to-date: /home/etdisc/ros2_ws/install/isae_simulations_package/share/isae_simulations_package//models/bat_psa/bat_psa
[0.312s] -- Up-to-date: /home/etdisc/ros2_ws/install/isae_simulations_package/share/isae_simulations_package//models/bat_psa/bat_psa/room_07_009_without_roof.dae
[0.312s] -- Up-to-date: /home/etdisc/ros2_ws/install/isae_simulations_package/share/isae_simulations_package//models/bat_psa/model.sdf
[0.312s] -- Up-to-date: /home/etdisc/ros2_ws/install/isae_simulations_package/share/isae_simulations_package//models/bat_res_isae
[0.313s] -- Up-to-date: /home/etdisc/ros2_ws/install/isae_simulations_package/share/isae_simulations_package//models/bat_res_isae/model.config
[0.313s] -- Up-to-date: /home/etdisc/ros2_ws/install/isae_simulations_package/share/isae_simulations_package//models/bat_res_isae/bat_isae
[0.313s] -- Up-to-date: /home/etdisc/ros2_ws/install/isae_simulations_package/share/isae_simulations_package//models/bat_res_isae/bat_isae/ecole__.jpg
[0.317s] -- Up-to-date: /home/etdisc/ros2_ws/install/isae_simulations_package/share/isae_simulations_package//models/bat_res_isae/bat_isae/toit_gris.jpg
[0.326s] -- Up-to-date: /home/etdisc/ros2_ws/install/isae_simulations_package/share/isae_simulations_package//models/bat_res_isae/bat_isae/ecole2.jpg
[0.326s] -- Up-to-date: /home/etdisc/ros2_ws/install/isae_simulations_package/share/isae_simulations_package//models/bat_res_isae/bat_isae/bat_isae.dae
[0.326s] -- Up-to-date: /home/etdisc/ros2_ws/install/isae_simulations_package/share/isae_simulations_package//models/bat_res_isae/bat_isae/ecole.jpg
[0.327s] -- Up-to-date: /home/etdisc/ros2_ws/install/isae_simulations_package/share/isae_simulations_package//models/bat_res_isae/bat_isae/ecole_.jpg
[0.327s] -- Up-to-date: /home/etdisc/ros2_ws/install/isae_simulations_package/share/isae_simulations_package//models/bat_res_isae/model.sdf
[0.327s] -- Up-to-date: /home/etdisc/ros2_ws/install/isae_simulations_package/share/isae_simulations_package//models/rover_camera
[0.327s] -- Up-to-date: /home/etdisc/ros2_ws/install/isae_simulations_package/share/isae_simulations_package//models/rover_camera/model.config
[0.327s] -- Up-to-date: /home/etdisc/ros2_ws/install/isae_simulations_package/share/isae_simulations_package//models/rover_camera/model.sdf
[0.327s] -- Up-to-date: /home/etdisc/ros2_ws/install/isae_simulations_package/share/isae_simulations_package//models/Irobot_02_prex
[0.327s] -- Up-to-date: /home/etdisc/ros2_ws/install/isae_simulations_package/share/isae_simulations_package//models/Irobot_02_prex/model.config
[0.327s] -- Up-to-date: /home/etdisc/ros2_ws/install/isae_simulations_package/share/isae_simulations_package//models/Irobot_02_prex/model_V2.sdf
[0.327s] -- Up-to-date: /home/etdisc/ros2_ws/install/isae_simulations_package/share/isae_simulations_package//models/Irobot_02_prex/model.sdf
[0.327s] -- Up-to-date: /home/etdisc/ros2_ws/install/isae_simulations_package/share/isae_simulations_package//models/external_area
[0.327s] -- Up-to-date: /home/etdisc/ros2_ws/install/isae_simulations_package/share/isae_simulations_package//models/external_area/model.config
[0.327s] -- Up-to-date: /home/etdisc/ros2_ws/install/isae_simulations_package/share/isae_simulations_package//models/external_area/model.sdf
[0.327s] -- Up-to-date: /home/etdisc/ros2_ws/install/isae_simulations_package/share/isae_simulations_package//models/brownBox
[0.327s] -- Up-to-date: /home/etdisc/ros2_ws/install/isae_simulations_package/share/isae_simulations_package//models/brownBox/model.config
[0.327s] -- Up-to-date: /home/etdisc/ros2_ws/install/isae_simulations_package/share/isae_simulations_package//models/brownBox/model.sdf
[0.327s] -- Up-to-date: /home/etdisc/ros2_ws/install/isae_simulations_package/share/isae_simulations_package//models/kinect_ros2_sensor
[0.327s] -- Up-to-date: /home/etdisc/ros2_ws/install/isae_simulations_package/share/isae_simulations_package//models/kinect_ros2_sensor/model.config
[0.327s] -- Up-to-date: /home/etdisc/ros2_ws/install/isae_simulations_package/share/isae_simulations_package//models/kinect_ros2_sensor/materials
[0.328s] -- Up-to-date: /home/etdisc/ros2_ws/install/isae_simulations_package/share/isae_simulations_package//models/kinect_ros2_sensor/materials/textures
[0.328s] -- Up-to-date: /home/etdisc/ros2_ws/install/isae_simulations_package/share/isae_simulations_package//models/kinect_ros2_sensor/materials/textures/kinect.png
[0.328s] -- Up-to-date: /home/etdisc/ros2_ws/install/isae_simulations_package/share/isae_simulations_package//models/kinect_ros2_sensor/meshes
[0.328s] -- Up-to-date: /home/etdisc/ros2_ws/install/isae_simulations_package/share/isae_simulations_package//models/kinect_ros2_sensor/meshes/kinect.dae
[0.328s] -- Up-to-date: /home/etdisc/ros2_ws/install/isae_simulations_package/share/isae_simulations_package//models/kinect_ros2_sensor/model.sdf
[0.328s] -- Up-to-date: /home/etdisc/ros2_ws/install/isae_simulations_package/share/isae_simulations_package//models/d435_ros2_sensor
[0.328s] -- Up-to-date: /home/etdisc/ros2_ws/install/isae_simulations_package/share/isae_simulations_package//models/d435_ros2_sensor/model_V1.sdf
[0.328s] -- Up-to-date: /home/etdisc/ros2_ws/install/isae_simulations_package/share/isae_simulations_package//models/d435_ros2_sensor/model.config
[0.328s] -- Up-to-date: /home/etdisc/ros2_ws/install/isae_simulations_package/share/isae_simulations_package//models/d435_ros2_sensor/model_V2.sdf
[0.328s] -- Up-to-date: /home/etdisc/ros2_ws/install/isae_simulations_package/share/isae_simulations_package//models/d435_ros2_sensor/meshes
[0.328s] -- Up-to-date: /home/etdisc/ros2_ws/install/isae_simulations_package/share/isae_simulations_package//models/d435_ros2_sensor/meshes/d435_2.dae
[0.328s] -- Up-to-date: /home/etdisc/ros2_ws/install/isae_simulations_package/share/isae_simulations_package//models/d435_ros2_sensor/meshes/d435.dae
[0.328s] -- Up-to-date: /home/etdisc/ros2_ws/install/isae_simulations_package/share/isae_simulations_package//models/blue_box
[0.328s] -- Up-to-date: /home/etdisc/ros2_ws/install/isae_simulations_package/share/isae_simulations_package//models/blue_box/model.config
[0.328s] -- Up-to-date: /home/etdisc/ros2_ws/install/isae_simulations_package/share/isae_simulations_package//models/blue_box/model.sdf
[0.328s] -- Up-to-date: /home/etdisc/ros2_ws/install/isae_simulations_package/share/isae_simulations_package//models/sensor
[0.328s] -- Up-to-date: /home/etdisc/ros2_ws/install/isae_simulations_package/share/isae_simulations_package//models/sensor/model.config
[0.328s] -- Up-to-date: /home/etdisc/ros2_ws/install/isae_simulations_package/share/isae_simulations_package//models/sensor/model.sdf
[0.328s] -- Up-to-date: /home/etdisc/ros2_ws/install/isae_simulations_package/share/isae_simulations_package//models/brownBoxIsae
[0.328s] -- Up-to-date: /home/etdisc/ros2_ws/install/isae_simulations_package/share/isae_simulations_package//models/brownBoxIsae/model.config
[0.329s] -- Up-to-date: /home/etdisc/ros2_ws/install/isae_simulations_package/share/isae_simulations_package//models/brownBoxIsae/model.sdf
[0.329s] -- Up-to-date: /home/etdisc/ros2_ws/install/isae_simulations_package/share/isae_simulations_package//models/greenBoxtesttextures
[0.329s] -- Up-to-date: /home/etdisc/ros2_ws/install/isae_simulations_package/share/isae_simulations_package//models/greenBoxtesttextures/model.config
[0.329s] -- Up-to-date: /home/etdisc/ros2_ws/install/isae_simulations_package/share/isae_simulations_package//models/greenBoxtesttextures/model.sdf
[0.333s] -- Up-to-date: /home/etdisc/ros2_ws/install/isae_simulations_package/share/isae_simulations_package//models/greenBoxIsae
[0.333s] -- Up-to-date: /home/etdisc/ros2_ws/install/isae_simulations_package/share/isae_simulations_package//models/greenBoxIsae/model.config
[0.333s] -- Up-to-date: /home/etdisc/ros2_ws/install/isae_simulations_package/share/isae_simulations_package//models/greenBoxIsae/model.sdf
[0.333s] -- Up-to-date: /home/etdisc/ros2_ws/install/isae_simulations_package/share/isae_simulations_package//worlds
[0.333s] -- Up-to-date: /home/etdisc/ros2_ws/install/isae_simulations_package/share/isae_simulations_package//worlds/isae_room-07009
[0.333s] -- Up-to-date: /home/etdisc/ros2_ws/install/isae_simulations_package/share/isae_simulations_package//worlds/isae_room-07009/isae_prex_telemetre.world
[0.333s] -- Up-to-date: /home/etdisc/ros2_ws/install/isae_simulations_package/share/isae_simulations_package//worlds/isae_room-07009/room_07_009_08.dae
[0.333s] -- Up-to-date: /home/etdisc/ros2_ws/install/isae_simulations_package/share/isae_simulations_package//worlds/isae_room-07009/isae_prex_camera_only_kinect.world
[0.333s] -- Up-to-date: /home/etdisc/ros2_ws/install/isae_simulations_package/share/isae_simulations_package//worlds/isae_room-07009/P10003342.JPG
[0.333s] -- Up-to-date: /home/etdisc/ros2_ws/install/isae_simulations_package/share/isae_simulations_package//worlds/isae_room-07009/isaetest.world
[0.333s] -- Up-to-date: /home/etdisc/ros2_ws/install/isae_simulations_package/share/isae_simulations_package//worlds/isae_room-07009/leaves_alpha.jpg
[0.333s] -- Up-to-date: /home/etdisc/ros2_ws/install/isae_simulations_package/share/isae_simulations_package//worlds/isae_room-07009/room_07_009.dae
[0.333s] -- Up-to-date: /home/etdisc/ros2_ws/install/isae_simulations_package/share/isae_simulations_package//worlds/isae_room-07009/room_07_009_without_roof.dae
[0.334s] -- Up-to-date: /home/etdisc/ros2_ws/install/isae_simulations_package/share/isae_simulations_package//worlds/isae_room-07009/room_07_009_09.dae
[0.334s] -- Up-to-date: /home/etdisc/ros2_ws/install/isae_simulations_package/share/isae_simulations_package//worlds/isae_room-07009/isae_prex_telemetre_et_camera_full.world
[0.334s] -- Up-to-date: /home/etdisc/ros2_ws/install/isae_simulations_package/share/isae_simulations_package//worlds/isae_room-07009/SkyBox-Mountain.jpg
[0.334s] -- Up-to-date: /home/etdisc/ros2_ws/install/isae_simulations_package/share/isae_simulations_package//worlds/isae_room-07009/myWorld.world
[0.334s] -- Up-to-date: /home/etdisc/ros2_ws/install/isae_simulations_package/share/isae_simulations_package//worlds/isae_room-07009/Dirty Concrete.png
[0.334s] -- Up-to-date: /home/etdisc/ros2_ws/install/isae_simulations_package/share/isae_simulations_package//worlds/isae_room-07009/isae_BE.world
[0.334s] -- Up-to-date: /home/etdisc/ros2_ws/install/isae_simulations_package/share/isae_simulations_package//worlds/isae_room-07009/leaves.jpg
[0.334s] -- Up-to-date: /home/etdisc/ros2_ws/install/isae_simulations_package/share/isae_simulations_package//worlds/isae_room-07009/isae.world
[0.334s] -- Up-to-date: /home/etdisc/ros2_ws/install/isae_simulations_package/share/isae_simulations_package//worlds/isae_room-07009/isae_prex_camera.world
[0.334s] -- Up-to-date: /home/etdisc/ros2_ws/install/isae_simulations_package/share/isae_simulations_package//worlds/isae_room-07009/isae_fisa.world
[0.334s] -- Up-to-date: /home/etdisc/ros2_ws/install/isae_simulations_package/share/isae_simulations_package//config
[0.334s] -- Up-to-date: /home/etdisc/ros2_ws/install/isae_simulations_package/share/isae_simulations_package//config/isae_parameters.yaml
[0.334s] -- Up-to-date: /home/etdisc/ros2_ws/install/isae_simulations_package/share/isae_simulations_package//config/ps3.config.yaml
[0.334s] -- Up-to-date: /home/etdisc/ros2_ws/install/isae_simulations_package/share/isae_simulations_package/environment/isae_simulations_package.sh
[0.334s] -- Up-to-date: /home/etdisc/ros2_ws/install/isae_simulations_package/share/isae_simulations_package/environment/isae_simulations_package.dsv
[0.334s] -- Up-to-date: /home/etdisc/ros2_ws/install/isae_simulations_package/share/ament_index/resource_index/package_run_dependencies/isae_simulations_package
[0.334s] -- Up-to-date: /home/etdisc/ros2_ws/install/isae_simulations_package/share/ament_index/resource_index/parent_prefix_path/isae_simulations_package
[0.334s] -- Up-to-date: /home/etdisc/ros2_ws/install/isae_simulations_package/share/isae_simulations_package/environment/ament_prefix_path.sh
[0.334s] -- Up-to-date: /home/etdisc/ros2_ws/install/isae_simulations_package/share/isae_simulations_package/environment/ament_prefix_path.dsv
[0.335s] -- Up-to-date: /home/etdisc/ros2_ws/install/isae_simulations_package/share/isae_simulations_package/environment/path.sh
[0.335s] -- Up-to-date: /home/etdisc/ros2_ws/install/isae_simulations_package/share/isae_simulations_package/environment/path.dsv
[0.335s] -- Up-to-date: /home/etdisc/ros2_ws/install/isae_simulations_package/share/isae_simulations_package/local_setup.bash
[0.335s] -- Up-to-date: /home/etdisc/ros2_ws/install/isae_simulations_package/share/isae_simulations_package/local_setup.sh
[0.335s] -- Up-to-date: /home/etdisc/ros2_ws/install/isae_simulations_package/share/isae_simulations_package/local_setup.zsh
[0.335s] -- Up-to-date: /home/etdisc/ros2_ws/install/isae_simulations_package/share/isae_simulations_package/local_setup.dsv
[0.335s] -- Installing: /home/etdisc/ros2_ws/install/isae_simulations_package/share/isae_simulations_package/package.dsv
[0.335s] -- Up-to-date: /home/etdisc/ros2_ws/install/isae_simulations_package/share/ament_index/resource_index/packages/isae_simulations_package
[0.339s] -- Up-to-date: /home/etdisc/ros2_ws/install/isae_simulations_package/share/isae_simulations_package/cmake/isae_simulations_packageConfig.cmake
[0.341s] -- Up-to-date: /home/etdisc/ros2_ws/install/isae_simulations_package/share/isae_simulations_package/cmake/isae_simulations_packageConfig-version.cmake
[0.341s] -- Up-to-date: /home/etdisc/ros2_ws/install/isae_simulations_package/share/isae_simulations_package/package.xml
[0.343s] Invoked command in '/home/etdisc/ros2_ws/build/isae_simulations_package' returned '0': CMAKE_PREFIX_PATH=${CMAKE_PREFIX_PATH}:/opt/ros/humble /usr/bin/cmake --install /home/etdisc/ros2_ws/build/isae_simulations_package
