[0.040s] Invoking command in '/home/etdisc/ros2_ws/build/target_tracking': CMAKE_PREFIX_PATH=/home/etdisc/ros2_ws/install/visual_detection:/home/etdisc/ros2_ws/install/control_pkg:/home/etdisc/ros2_ws/install/target_tracking:/home/etdisc/ros2_ws/install/autonomy_architecture:/home/etdisc/ros2_ws/install/isae_simulations_package:/home/etdisc/ros2_ws/install/isae_robot_skillset_client:/home/etdisc/ros2_ws/install/isae_robot_skillset_interfaces:/home/etdisc/ros2_ws/install/isae_robot_skillset_gui_widgets:/home/etdisc/ros2_ws/install/isae_robot_skillset:/home/etdisc/ros2_ws/install/aias_lab_skillset:/home/etdisc/depots/colcon_ws/install/topic_tools:/home/etdisc/depots/colcon_ws/install/topic_tools_interfaces:/home/etdisc/depots/colcon_ws/install/move_to:/home/etdisc/depots/colcon_ws/install/gui_tools:/opt/ros/humble /usr/bin/cmake --build /home/etdisc/ros2_ws/build/target_tracking -- -j4 -l4
[0.183s] Invoked command in '/home/etdisc/ros2_ws/build/target_tracking' returned '0': CMAKE_PREFIX_PATH=/home/etdisc/ros2_ws/install/visual_detection:/home/etdisc/ros2_ws/install/control_pkg:/home/etdisc/ros2_ws/install/target_tracking:/home/etdisc/ros2_ws/install/autonomy_architecture:/home/etdisc/ros2_ws/install/isae_simulations_package:/home/etdisc/ros2_ws/install/isae_robot_skillset_client:/home/etdisc/ros2_ws/install/isae_robot_skillset_interfaces:/home/etdisc/ros2_ws/install/isae_robot_skillset_gui_widgets:/home/etdisc/ros2_ws/install/isae_robot_skillset:/home/etdisc/ros2_ws/install/aias_lab_skillset:/home/etdisc/depots/colcon_ws/install/topic_tools:/home/etdisc/depots/colcon_ws/install/topic_tools_interfaces:/home/etdisc/depots/colcon_ws/install/move_to:/home/etdisc/depots/colcon_ws/install/gui_tools:/opt/ros/humble /usr/bin/cmake --build /home/etdisc/ros2_ws/build/target_tracking -- -j4 -l4
[0.258s] Invoking command in '/home/etdisc/ros2_ws/build/target_tracking': CMAKE_PREFIX_PATH=/home/etdisc/ros2_ws/install/visual_detection:/home/etdisc/ros2_ws/install/control_pkg:/home/etdisc/ros2_ws/install/target_tracking:/home/etdisc/ros2_ws/install/autonomy_architecture:/home/etdisc/ros2_ws/install/isae_simulations_package:/home/etdisc/ros2_ws/install/isae_robot_skillset_client:/home/etdisc/ros2_ws/install/isae_robot_skillset_interfaces:/home/etdisc/ros2_ws/install/isae_robot_skillset_gui_widgets:/home/etdisc/ros2_ws/install/isae_robot_skillset:/home/etdisc/ros2_ws/install/aias_lab_skillset:/home/etdisc/depots/colcon_ws/install/topic_tools:/home/etdisc/depots/colcon_ws/install/topic_tools_interfaces:/home/etdisc/depots/colcon_ws/install/move_to:/home/etdisc/depots/colcon_ws/install/gui_tools:/opt/ros/humble /usr/bin/cmake --install /home/etdisc/ros2_ws/build/target_tracking
[0.273s] -- Install configuration: ""
[0.274s] -- Up-to-date: /home/etdisc/ros2_ws/install/target_tracking/share/target_tracking//launch
[0.274s] -- Up-to-date: /home/etdisc/ros2_ws/install/target_tracking/share/target_tracking//launch/target_tracking.launch.py
[0.275s] -- Up-to-date: /home/etdisc/ros2_ws/install/target_tracking/share/ament_index/resource_index/package_run_dependencies/target_tracking
[0.275s] -- Up-to-date: /home/etdisc/ros2_ws/install/target_tracking/share/ament_index/resource_index/parent_prefix_path/target_tracking
[0.278s] -- Up-to-date: /home/etdisc/ros2_ws/install/target_tracking/share/target_tracking/environment/ament_prefix_path.sh
[0.278s] -- Up-to-date: /home/etdisc/ros2_ws/install/target_tracking/share/target_tracking/environment/ament_prefix_path.dsv
[0.278s] -- Up-to-date: /home/etdisc/ros2_ws/install/target_tracking/share/target_tracking/environment/path.sh
[0.278s] -- Up-to-date: /home/etdisc/ros2_ws/install/target_tracking/share/target_tracking/environment/path.dsv
[0.278s] -- Up-to-date: /home/etdisc/ros2_ws/install/target_tracking/share/target_tracking/local_setup.bash
[0.278s] -- Up-to-date: /home/etdisc/ros2_ws/install/target_tracking/share/target_tracking/local_setup.sh
[0.279s] -- Up-to-date: /home/etdisc/ros2_ws/install/target_tracking/share/target_tracking/local_setup.zsh
[0.282s] -- Up-to-date: /home/etdisc/ros2_ws/install/target_tracking/share/target_tracking/local_setup.dsv
[0.282s] -- Installing: /home/etdisc/ros2_ws/install/target_tracking/share/target_tracking/package.dsv
[0.282s] -- Up-to-date: /home/etdisc/ros2_ws/install/target_tracking/share/ament_index/resource_index/packages/target_tracking
[0.282s] -- Up-to-date: /home/etdisc/ros2_ws/install/target_tracking/share/target_tracking/cmake/target_trackingConfig.cmake
[0.282s] -- Up-to-date: /home/etdisc/ros2_ws/install/target_tracking/share/target_tracking/cmake/target_trackingConfig-version.cmake
[0.282s] -- Up-to-date: /home/etdisc/ros2_ws/install/target_tracking/share/target_tracking/package.xml
[0.285s] Invoked command in '/home/etdisc/ros2_ws/build/target_tracking' returned '0': CMAKE_PREFIX_PATH=/home/etdisc/ros2_ws/install/visual_detection:/home/etdisc/ros2_ws/install/control_pkg:/home/etdisc/ros2_ws/install/target_tracking:/home/etdisc/ros2_ws/install/autonomy_architecture:/home/etdisc/ros2_ws/install/isae_simulations_package:/home/etdisc/ros2_ws/install/isae_robot_skillset_client:/home/etdisc/ros2_ws/install/isae_robot_skillset_interfaces:/home/etdisc/ros2_ws/install/isae_robot_skillset_gui_widgets:/home/etdisc/ros2_ws/install/isae_robot_skillset:/home/etdisc/ros2_ws/install/aias_lab_skillset:/home/etdisc/depots/colcon_ws/install/topic_tools:/home/etdisc/depots/colcon_ws/install/topic_tools_interfaces:/home/etdisc/depots/colcon_ws/install/move_to:/home/etdisc/depots/colcon_ws/install/gui_tools:/opt/ros/humble /usr/bin/cmake --install /home/etdisc/ros2_ws/build/target_tracking
