[0.021s] Invoking command in '/home/etdisc/ros2_ws/src/target_tracking/control_pkg/build/control_pkg': CMAKE_PREFIX_PATH=${CMAKE_PREFIX_PATH}:/opt/ros/humble /usr/bin/cmake --build /home/etdisc/ros2_ws/src/target_tracking/control_pkg/build/control_pkg -- -j8 -l8
[0.097s] [35m[1mConsolidate compiler generated dependencies of target control_node[0m
[0.136s] [ 50%] [32mBuilding CXX object CMakeFiles/control_node.dir/src/control_node.cpp.o[0m
[11.771s] [100%] [32m[1mLinking CXX executable control_node[0m
[12.443s] [100%] Built target control_node
[12.461s] Invoked command in '/home/etdisc/ros2_ws/src/target_tracking/control_pkg/build/control_pkg' returned '0': CMAKE_PREFIX_PATH=${CMAKE_PREFIX_PATH}:/opt/ros/humble /usr/bin/cmake --build /home/etdisc/ros2_ws/src/target_tracking/control_pkg/build/control_pkg -- -j8 -l8
[12.533s] Invoking command in '/home/etdisc/ros2_ws/src/target_tracking/control_pkg/build/control_pkg': CMAKE_PREFIX_PATH=${CMAKE_PREFIX_PATH}:/opt/ros/humble /usr/bin/cmake --install /home/etdisc/ros2_ws/src/target_tracking/control_pkg/build/control_pkg
[12.550s] -- Install configuration: ""
[12.551s] -- Installing: /home/etdisc/ros2_ws/src/target_tracking/control_pkg/install/control_pkg/lib/control_pkg/control_node
[12.557s] -- Set runtime path of "/home/etdisc/ros2_ws/src/target_tracking/control_pkg/install/control_pkg/lib/control_pkg/control_node" to ""
[12.558s] -- Up-to-date: /home/etdisc/ros2_ws/src/target_tracking/control_pkg/install/control_pkg/share/ament_index/resource_index/package_run_dependencies/control_pkg
[12.558s] -- Up-to-date: /home/etdisc/ros2_ws/src/target_tracking/control_pkg/install/control_pkg/share/ament_index/resource_index/parent_prefix_path/control_pkg
[12.558s] -- Up-to-date: /home/etdisc/ros2_ws/src/target_tracking/control_pkg/install/control_pkg/share/control_pkg/environment/ament_prefix_path.sh
[12.558s] -- Up-to-date: /home/etdisc/ros2_ws/src/target_tracking/control_pkg/install/control_pkg/share/control_pkg/environment/ament_prefix_path.dsv
[12.559s] -- Up-to-date: /home/etdisc/ros2_ws/src/target_tracking/control_pkg/install/control_pkg/share/control_pkg/environment/path.sh
[12.559s] -- Up-to-date: /home/etdisc/ros2_ws/src/target_tracking/control_pkg/install/control_pkg/share/control_pkg/environment/path.dsv
[12.559s] -- Up-to-date: /home/etdisc/ros2_ws/src/target_tracking/control_pkg/install/control_pkg/share/control_pkg/local_setup.bash
[12.559s] -- Up-to-date: /home/etdisc/ros2_ws/src/target_tracking/control_pkg/install/control_pkg/share/control_pkg/local_setup.sh
[12.560s] -- Up-to-date: /home/etdisc/ros2_ws/src/target_tracking/control_pkg/install/control_pkg/share/control_pkg/local_setup.zsh
[12.560s] -- Up-to-date: /home/etdisc/ros2_ws/src/target_tracking/control_pkg/install/control_pkg/share/control_pkg/local_setup.dsv
[12.561s] -- Installing: /home/etdisc/ros2_ws/src/target_tracking/control_pkg/install/control_pkg/share/control_pkg/package.dsv
[12.561s] -- Up-to-date: /home/etdisc/ros2_ws/src/target_tracking/control_pkg/install/control_pkg/share/ament_index/resource_index/packages/control_pkg
[12.561s] -- Up-to-date: /home/etdisc/ros2_ws/src/target_tracking/control_pkg/install/control_pkg/share/control_pkg/cmake/control_pkgConfig.cmake
[12.562s] -- Up-to-date: /home/etdisc/ros2_ws/src/target_tracking/control_pkg/install/control_pkg/share/control_pkg/cmake/control_pkgConfig-version.cmake
[12.562s] -- Up-to-date: /home/etdisc/ros2_ws/src/target_tracking/control_pkg/install/control_pkg/share/control_pkg/package.xml
[12.567s] Invoked command in '/home/etdisc/ros2_ws/src/target_tracking/control_pkg/build/control_pkg' returned '0': CMAKE_PREFIX_PATH=${CMAKE_PREFIX_PATH}:/opt/ros/humble /usr/bin/cmake --install /home/etdisc/ros2_ws/src/target_tracking/control_pkg/build/control_pkg
