[0.018s] Invoking command in '/home/etdisc/ros2_ws/src/target_tracking/control_pkg/build/control_pkg': CMAKE_PREFIX_PATH=${CMAKE_PREFIX_PATH}:/opt/ros/humble /usr/bin/cmake /home/etdisc/ros2_ws/src/target_tracking/control_pkg -DCMAKE_INSTALL_PREFIX=/home/etdisc/ros2_ws/src/target_tracking/control_pkg/install/control_pkg
[0.118s] -- The C compiler identification is GNU 11.4.0
[0.210s] -- The CXX compiler identification is GNU 11.4.0
[0.223s] -- Detecting C compiler ABI info
[0.342s] -- Detecting C compiler ABI info - done
[0.353s] -- Check for working C compiler: /usr/bin/cc - skipped
[0.353s] -- Detecting C compile features
[0.354s] -- Detecting C compile features - done
[0.358s] -- Detecting CXX compiler ABI info
[0.500s] -- Detecting CXX compiler ABI info - done
[0.512s] -- Check for working CXX compiler: /usr/bin/c++ - skipped
[0.513s] -- Detecting CXX compile features
[0.513s] -- Detecting CXX compile features - done
[0.518s] -- Found ament_cmake: 1.3.9 (/opt/ros/humble/share/ament_cmake/cmake)
[0.742s] -- Found Python3: /usr/bin/python3 (found version "3.10.12") found components: Interpreter 
[0.883s] -- Found rclcpp: 16.0.9 (/opt/ros/humble/share/rclcpp/cmake)
[0.963s] -- Found rosidl_generator_c: 3.1.5 (/opt/ros/humble/share/rosidl_generator_c/cmake)
[0.972s] -- Found rosidl_adapter: 3.1.5 (/opt/ros/humble/share/rosidl_adapter/cmake)
[0.990s] -- Found rosidl_generator_cpp: 3.1.5 (/opt/ros/humble/share/rosidl_generator_cpp/cmake)
[1.011s] -- Using all available rosidl_typesupport_c: rosidl_typesupport_fastrtps_c;rosidl_typesupport_introspection_c
[1.043s] -- Using all available rosidl_typesupport_cpp: rosidl_typesupport_fastrtps_cpp;rosidl_typesupport_introspection_cpp
[1.159s] -- Found rmw_implementation_cmake: 6.1.2 (/opt/ros/humble/share/rmw_implementation_cmake/cmake)
[1.164s] -- Found rmw_fastrtps_cpp: 6.2.6 (/opt/ros/humble/share/rmw_fastrtps_cpp/cmake)
[1.368s] -- Found OpenSSL: /usr/lib/x86_64-linux-gnu/libcrypto.so (found version "3.0.2")  
[1.411s] -- Found FastRTPS: /opt/ros/humble/include  
[1.488s] -- Using RMW implementation 'rmw_fastrtps_cpp' as default
[1.505s] -- Looking for pthread.h
[1.639s] -- Looking for pthread.h - found
[1.640s] -- Performing Test CMAKE_HAVE_LIBC_PTHREAD
[1.770s] -- Performing Test CMAKE_HAVE_LIBC_PTHREAD - Success
[1.771s] -- Found Threads: TRUE  
[2.022s] -- Found geometry_msgs: 4.2.3 (/opt/ros/humble/share/geometry_msgs/cmake)
[2.088s] -- Found sensor_msgs: 4.2.3 (/opt/ros/humble/share/sensor_msgs/cmake)
[2.206s] -- Found ament_lint_auto: 0.12.11 (/opt/ros/humble/share/ament_lint_auto/cmake)
[2.335s] -- Added test 'cppcheck' to perform static code analysis on C / C++ code
[2.336s] -- Configured cppcheck include dirs: $<BUILD_INTERFACE:/home/etdisc/ros2_ws/src/target_tracking/control_pkg/include>
[2.336s] -- Configured cppcheck exclude dirs and/or files: 
[2.339s] -- Added test 'lint_cmake' to check CMake code style
[2.350s] -- Added test 'uncrustify' to check C / C++ code style
[2.351s] -- Configured uncrustify additional arguments: 
[2.353s] -- Added test 'xmllint' to check XML markup files
[2.356s] -- Configuring done
[2.375s] -- Generating done
[2.379s] -- Build files have been written to: /home/etdisc/ros2_ws/src/target_tracking/control_pkg/build/control_pkg
[2.402s] Invoked command in '/home/etdisc/ros2_ws/src/target_tracking/control_pkg/build/control_pkg' returned '0': CMAKE_PREFIX_PATH=${CMAKE_PREFIX_PATH}:/opt/ros/humble /usr/bin/cmake /home/etdisc/ros2_ws/src/target_tracking/control_pkg -DCMAKE_INSTALL_PREFIX=/home/etdisc/ros2_ws/src/target_tracking/control_pkg/install/control_pkg
[2.404s] Invoking command in '/home/etdisc/ros2_ws/src/target_tracking/control_pkg/build/control_pkg': CMAKE_PREFIX_PATH=${CMAKE_PREFIX_PATH}:/opt/ros/humble /usr/bin/cmake --build /home/etdisc/ros2_ws/src/target_tracking/control_pkg/build/control_pkg -- -j8 -l8
[2.529s] [ 50%] [32mBuilding CXX object CMakeFiles/control_node.dir/src/control_node.cpp.o[0m
[8.441s] [01m[K/home/etdisc/ros2_ws/src/target_tracking/control_pkg/src/control_node.cpp:[m[K In member function ‘[01m[Kvoid ControlNode::detection_callback(const Point&)[m[K’:
[8.441s] [01m[K/home/etdisc/ros2_ws/src/target_tracking/control_pkg/src/control_node.cpp:30:7:[m[K [01;35m[Kwarning: [m[Kthis ‘[01m[Kif[m[K’ clause does not guard... [[01;35m[K]8;;https://gcc.gnu.org/onlinedocs/gcc/Warning-Options.html#index-Wmisleading-indentation-Wmisleading-indentation]8;;[m[K]
[8.441s]    30 |       [01;35m[Kif[m[K (detect.x ==-1 && detect.y ==-1)
[8.441s]       |       [01;35m[K^~[m[K
[8.441s] [01m[K/home/etdisc/ros2_ws/src/target_tracking/control_pkg/src/control_node.cpp:32:9:[m[K [01;36m[Knote: [m[K...this statement, but the latter is misleadingly indented as if it were guarded by the ‘[01m[Kif[m[K’
[8.441s]    32 |         [01;36m[Kprintf[m[K("Entered the condition");
[8.441s]       |         [01;36m[K^~~~~~[m[K
[8.442s] [01m[K/home/etdisc/ros2_ws/src/target_tracking/control_pkg/src/control_node.cpp:23:62:[m[K [01;35m[Kwarning: [m[Kunused parameter ‘[01m[Kpoint[m[K’ [[01;35m[K]8;;https://gcc.gnu.org/onlinedocs/gcc/Warning-Options.html#index-Wunused-parameter-Wunused-parameter]8;;[m[K]
[8.442s]    23 |     void detection_callback([01;35m[Kconst geometry_msgs::msg::Point& point[m[K)
[8.442s]       |                             [01;35m[K~~~~~~~~~~~~~~~~~~~~~~~~~~~~~~~~~^~~~~[m[K
[19.695s] [100%] [32m[1mLinking CXX executable control_node[0m
[20.309s] [100%] Built target control_node
[20.328s] Invoked command in '/home/etdisc/ros2_ws/src/target_tracking/control_pkg/build/control_pkg' returned '0': CMAKE_PREFIX_PATH=${CMAKE_PREFIX_PATH}:/opt/ros/humble /usr/bin/cmake --build /home/etdisc/ros2_ws/src/target_tracking/control_pkg/build/control_pkg -- -j8 -l8
[20.402s] Invoking command in '/home/etdisc/ros2_ws/src/target_tracking/control_pkg/build/control_pkg': CMAKE_PREFIX_PATH=${CMAKE_PREFIX_PATH}:/opt/ros/humble /usr/bin/cmake --install /home/etdisc/ros2_ws/src/target_tracking/control_pkg/build/control_pkg
[20.416s] -- Install configuration: ""
[20.416s] -- Installing: /home/etdisc/ros2_ws/src/target_tracking/control_pkg/install/control_pkg/lib/control_pkg/control_node
[20.422s] -- Set runtime path of "/home/etdisc/ros2_ws/src/target_tracking/control_pkg/install/control_pkg/lib/control_pkg/control_node" to ""
[20.423s] -- Installing: /home/etdisc/ros2_ws/src/target_tracking/control_pkg/install/control_pkg/share/ament_index/resource_index/package_run_dependencies/control_pkg
[20.423s] -- Installing: /home/etdisc/ros2_ws/src/target_tracking/control_pkg/install/control_pkg/share/ament_index/resource_index/parent_prefix_path/control_pkg
[20.423s] -- Installing: /home/etdisc/ros2_ws/src/target_tracking/control_pkg/install/control_pkg/share/control_pkg/environment/ament_prefix_path.sh
[20.424s] -- Installing: /home/etdisc/ros2_ws/src/target_tracking/control_pkg/install/control_pkg/share/control_pkg/environment/ament_prefix_path.dsv
[20.424s] -- Installing: /home/etdisc/ros2_ws/src/target_tracking/control_pkg/install/control_pkg/share/control_pkg/environment/path.sh
[20.424s] -- Installing: /home/etdisc/ros2_ws/src/target_tracking/control_pkg/install/control_pkg/share/control_pkg/environment/path.dsv
[20.424s] -- Installing: /home/etdisc/ros2_ws/src/target_tracking/control_pkg/install/control_pkg/share/control_pkg/local_setup.bash
[20.425s] -- Installing: /home/etdisc/ros2_ws/src/target_tracking/control_pkg/install/control_pkg/share/control_pkg/local_setup.sh
[20.425s] -- Installing: /home/etdisc/ros2_ws/src/target_tracking/control_pkg/install/control_pkg/share/control_pkg/local_setup.zsh
[20.425s] -- Installing: /home/etdisc/ros2_ws/src/target_tracking/control_pkg/install/control_pkg/share/control_pkg/local_setup.dsv
[20.425s] -- Installing: /home/etdisc/ros2_ws/src/target_tracking/control_pkg/install/control_pkg/share/control_pkg/package.dsv
[20.426s] -- Installing: /home/etdisc/ros2_ws/src/target_tracking/control_pkg/install/control_pkg/share/ament_index/resource_index/packages/control_pkg
[20.426s] -- Installing: /home/etdisc/ros2_ws/src/target_tracking/control_pkg/install/control_pkg/share/control_pkg/cmake/control_pkgConfig.cmake
[20.427s] -- Installing: /home/etdisc/ros2_ws/src/target_tracking/control_pkg/install/control_pkg/share/control_pkg/cmake/control_pkgConfig-version.cmake
[20.427s] -- Installing: /home/etdisc/ros2_ws/src/target_tracking/control_pkg/install/control_pkg/share/control_pkg/package.xml
[20.430s] Invoked command in '/home/etdisc/ros2_ws/src/target_tracking/control_pkg/build/control_pkg' returned '0': CMAKE_PREFIX_PATH=${CMAKE_PREFIX_PATH}:/opt/ros/humble /usr/bin/cmake --install /home/etdisc/ros2_ws/src/target_tracking/control_pkg/build/control_pkg
