[0.023s] Invoking command in '/home/etdisc/ros2_ws/src/target_tracking/control_pkg/build/control_pkg': CMAKE_PREFIX_PATH=${CMAKE_PREFIX_PATH}:/opt/ros/humble /usr/bin/cmake --build /home/etdisc/ros2_ws/src/target_tracking/control_pkg/build/control_pkg -- -j8 -l8
[0.103s] [35m[1mConsolidate compiler generated dependencies of target control_node[0m
[0.138s] [ 50%] [32mBuilding CXX object CMakeFiles/control_node.dir/src/control_node.cpp.o[0m
[3.686s] [01m[K/home/etdisc/ros2_ws/src/target_tracking/control_pkg/src/control_node.cpp:[m[K In member function ‘[01m[Kvoid ControlNode::detection_callback(const Point&)[m[K’:
[3.686s] [01m[K/home/etdisc/ros2_ws/src/target_tracking/control_pkg/src/control_node.cpp:28:16:[m[K [01;35m[Kwarning: [m[Kformat ‘[01m[K%c[m[K’ expects argument of type ‘[01m[Kint[m[K’, but argument 2 has type ‘[01m[Kconst Point[m[K’ {aka ‘[01m[Kconst geometry_msgs::msg::Point_<std::allocator<void> >[m[K’} [[01;35m[K]8;;https://gcc.gnu.org/onlinedocs/gcc/Warning-Options.html#index-Wformat=-Wformat=]8;;[m[K]
[3.686s]    28 |       printf("[01;35m[K%c[m[K",[32m[Kpoint[m[K);
[3.686s]       |               [01;35m[K~^[m[K  [32m[K~~~~~[m[K
[3.686s]       |                [01;35m[K|[m[K  [32m[K|[m[K
[3.686s]       |                [01;35m[K|[m[K  [32m[Kconst Point {aka const geometry_msgs::msg::Point_<std::allocator<void> >}[m[K
[3.686s]       |                [01;35m[Kint[m[K
[12.726s] [100%] [32m[1mLinking CXX executable control_node[0m
[13.346s] [100%] Built target control_node
[13.368s] Invoked command in '/home/etdisc/ros2_ws/src/target_tracking/control_pkg/build/control_pkg' returned '0': CMAKE_PREFIX_PATH=${CMAKE_PREFIX_PATH}:/opt/ros/humble /usr/bin/cmake --build /home/etdisc/ros2_ws/src/target_tracking/control_pkg/build/control_pkg -- -j8 -l8
[13.439s] Invoking command in '/home/etdisc/ros2_ws/src/target_tracking/control_pkg/build/control_pkg': CMAKE_PREFIX_PATH=${CMAKE_PREFIX_PATH}:/opt/ros/humble /usr/bin/cmake --install /home/etdisc/ros2_ws/src/target_tracking/control_pkg/build/control_pkg
[13.453s] -- Install configuration: ""
[13.453s] -- Installing: /home/etdisc/ros2_ws/src/target_tracking/control_pkg/install/control_pkg/lib/control_pkg/control_node
[13.461s] -- Set runtime path of "/home/etdisc/ros2_ws/src/target_tracking/control_pkg/install/control_pkg/lib/control_pkg/control_node" to ""
[13.461s] -- Up-to-date: /home/etdisc/ros2_ws/src/target_tracking/control_pkg/install/control_pkg/share/ament_index/resource_index/package_run_dependencies/control_pkg
[13.461s] -- Up-to-date: /home/etdisc/ros2_ws/src/target_tracking/control_pkg/install/control_pkg/share/ament_index/resource_index/parent_prefix_path/control_pkg
[13.461s] -- Up-to-date: /home/etdisc/ros2_ws/src/target_tracking/control_pkg/install/control_pkg/share/control_pkg/environment/ament_prefix_path.sh
[13.461s] -- Up-to-date: /home/etdisc/ros2_ws/src/target_tracking/control_pkg/install/control_pkg/share/control_pkg/environment/ament_prefix_path.dsv
[13.461s] -- Up-to-date: /home/etdisc/ros2_ws/src/target_tracking/control_pkg/install/control_pkg/share/control_pkg/environment/path.sh
[13.461s] -- Up-to-date: /home/etdisc/ros2_ws/src/target_tracking/control_pkg/install/control_pkg/share/control_pkg/environment/path.dsv
[13.461s] -- Up-to-date: /home/etdisc/ros2_ws/src/target_tracking/control_pkg/install/control_pkg/share/control_pkg/local_setup.bash
[13.461s] -- Up-to-date: /home/etdisc/ros2_ws/src/target_tracking/control_pkg/install/control_pkg/share/control_pkg/local_setup.sh
[13.462s] -- Up-to-date: /home/etdisc/ros2_ws/src/target_tracking/control_pkg/install/control_pkg/share/control_pkg/local_setup.zsh
[13.462s] -- Up-to-date: /home/etdisc/ros2_ws/src/target_tracking/control_pkg/install/control_pkg/share/control_pkg/local_setup.dsv
[13.462s] -- Installing: /home/etdisc/ros2_ws/src/target_tracking/control_pkg/install/control_pkg/share/control_pkg/package.dsv
[13.462s] -- Up-to-date: /home/etdisc/ros2_ws/src/target_tracking/control_pkg/install/control_pkg/share/ament_index/resource_index/packages/control_pkg
[13.463s] -- Up-to-date: /home/etdisc/ros2_ws/src/target_tracking/control_pkg/install/control_pkg/share/control_pkg/cmake/control_pkgConfig.cmake
[13.463s] -- Up-to-date: /home/etdisc/ros2_ws/src/target_tracking/control_pkg/install/control_pkg/share/control_pkg/cmake/control_pkgConfig-version.cmake
[13.463s] -- Up-to-date: /home/etdisc/ros2_ws/src/target_tracking/control_pkg/install/control_pkg/share/control_pkg/package.xml
[13.466s] Invoked command in '/home/etdisc/ros2_ws/src/target_tracking/control_pkg/build/control_pkg' returned '0': CMAKE_PREFIX_PATH=${CMAKE_PREFIX_PATH}:/opt/ros/humble /usr/bin/cmake --install /home/etdisc/ros2_ws/src/target_tracking/control_pkg/build/control_pkg
