[0.051s] Invoking command in '/home/etdisc/ros2_ws/build/aias_lab_skillset': CMAKE_PREFIX_PATH=/home/etdisc/ros2_ws/install/isae_robot_skillset:/home/etdisc/ros2_ws/install/isae_robot_skillset_interfaces:/home/etdisc/ros2_ws/install/target_tracking:/home/etdisc/ros2_ws/install/autonomy_architecture:/home/etdisc/ros2_ws/install/visual_detection:/home/etdisc/ros2_ws/install/isae_simulations_package:/home/etdisc/ros2_ws/install/isae_robot_skillset_client:/home/etdisc/ros2_ws/install/isae_robot_skillset_gui_widgets:/home/etdisc/ros2_ws/install/control_pkg:/home/etdisc/ros2_ws/install/aias_lab_skillset:/home/etdisc/depots/colcon_ws/install/topic_tools:/home/etdisc/depots/colcon_ws/install/topic_tools_interfaces:/home/etdisc/depots/colcon_ws/install/move_to:/home/etdisc/depots/colcon_ws/install/gui_tools:/opt/ros/humble LD_LIBRARY_PATH=/home/etdisc/ros2_ws/install/isae_robot_skillset_interfaces/lib:/home/etdisc/ros2_ws/install/isae_robot_skillset_gui_widgets/lib:/home/etdisc/depots/colcon_ws/install/topic_tools/lib:/home/etdisc/depots/colcon_ws/install/topic_tools_interfaces/lib:/home/etdisc/depots/colcon_ws/install/move_to/lib:/home/etdisc/depots/colcon_ws/install/gui_tools/lib:/usr/lib/x86_64-linux-gnu/gazebo-11/plugins:/opt/ros/humble/opt/rviz_ogre_vendor/lib:/opt/ros/humble/lib/x86_64-linux-gnu:/opt/ros/humble/lib:/usr/share/gazebo/../../lib/x86_64-linux-gnu/gazebo-11/plugins /usr/bin/cmake --build /home/etdisc/ros2_ws/build/aias_lab_skillset -- -j4 -l4
[0.166s] [35m[1mConsolidate compiler generated dependencies of target aias_lab_skillset[0m
[0.215s] [ 25%] [32mBuilding CXX object CMakeFiles/aias_lab_skillset.dir/src/Node.cpp.o[0m
[20.866s] [ 50%] [32m[1mLinking CXX static library libaias_lab_skillset.a[0m
[21.143s] [ 50%] Built target aias_lab_skillset
[21.194s] [ 75%] [32m[1mLinking CXX executable aias_lab_skillset_node[0m
[24.827s] [100%] Built target aias_lab_skillset_node
[24.853s] Invoked command in '/home/etdisc/ros2_ws/build/aias_lab_skillset' returned '0': CMAKE_PREFIX_PATH=/home/etdisc/ros2_ws/install/isae_robot_skillset:/home/etdisc/ros2_ws/install/isae_robot_skillset_interfaces:/home/etdisc/ros2_ws/install/target_tracking:/home/etdisc/ros2_ws/install/autonomy_architecture:/home/etdisc/ros2_ws/install/visual_detection:/home/etdisc/ros2_ws/install/isae_simulations_package:/home/etdisc/ros2_ws/install/isae_robot_skillset_client:/home/etdisc/ros2_ws/install/isae_robot_skillset_gui_widgets:/home/etdisc/ros2_ws/install/control_pkg:/home/etdisc/ros2_ws/install/aias_lab_skillset:/home/etdisc/depots/colcon_ws/install/topic_tools:/home/etdisc/depots/colcon_ws/install/topic_tools_interfaces:/home/etdisc/depots/colcon_ws/install/move_to:/home/etdisc/depots/colcon_ws/install/gui_tools:/opt/ros/humble LD_LIBRARY_PATH=/home/etdisc/ros2_ws/install/isae_robot_skillset_interfaces/lib:/home/etdisc/ros2_ws/install/isae_robot_skillset_gui_widgets/lib:/home/etdisc/depots/colcon_ws/install/topic_tools/lib:/home/etdisc/depots/colcon_ws/install/topic_tools_interfaces/lib:/home/etdisc/depots/colcon_ws/install/move_to/lib:/home/etdisc/depots/colcon_ws/install/gui_tools/lib:/usr/lib/x86_64-linux-gnu/gazebo-11/plugins:/opt/ros/humble/opt/rviz_ogre_vendor/lib:/opt/ros/humble/lib/x86_64-linux-gnu:/opt/ros/humble/lib:/usr/share/gazebo/../../lib/x86_64-linux-gnu/gazebo-11/plugins /usr/bin/cmake --build /home/etdisc/ros2_ws/build/aias_lab_skillset -- -j4 -l4
[24.930s] Invoking command in '/home/etdisc/ros2_ws/build/aias_lab_skillset': CMAKE_PREFIX_PATH=/home/etdisc/ros2_ws/install/isae_robot_skillset:/home/etdisc/ros2_ws/install/isae_robot_skillset_interfaces:/home/etdisc/ros2_ws/install/target_tracking:/home/etdisc/ros2_ws/install/autonomy_architecture:/home/etdisc/ros2_ws/install/visual_detection:/home/etdisc/ros2_ws/install/isae_simulations_package:/home/etdisc/ros2_ws/install/isae_robot_skillset_client:/home/etdisc/ros2_ws/install/isae_robot_skillset_gui_widgets:/home/etdisc/ros2_ws/install/control_pkg:/home/etdisc/ros2_ws/install/aias_lab_skillset:/home/etdisc/depots/colcon_ws/install/topic_tools:/home/etdisc/depots/colcon_ws/install/topic_tools_interfaces:/home/etdisc/depots/colcon_ws/install/move_to:/home/etdisc/depots/colcon_ws/install/gui_tools:/opt/ros/humble LD_LIBRARY_PATH=/home/etdisc/ros2_ws/install/isae_robot_skillset_interfaces/lib:/home/etdisc/ros2_ws/install/isae_robot_skillset_gui_widgets/lib:/home/etdisc/depots/colcon_ws/install/topic_tools/lib:/home/etdisc/depots/colcon_ws/install/topic_tools_interfaces/lib:/home/etdisc/depots/colcon_ws/install/move_to/lib:/home/etdisc/depots/colcon_ws/install/gui_tools/lib:/usr/lib/x86_64-linux-gnu/gazebo-11/plugins:/opt/ros/humble/opt/rviz_ogre_vendor/lib:/opt/ros/humble/lib/x86_64-linux-gnu:/opt/ros/humble/lib:/usr/share/gazebo/../../lib/x86_64-linux-gnu/gazebo-11/plugins /usr/bin/cmake --install /home/etdisc/ros2_ws/build/aias_lab_skillset
[24.939s] -- Install configuration: ""
[24.939s] -- Up-to-date: /home/etdisc/ros2_ws/install/aias_lab_skillset/include
[24.939s] -- Up-to-date: /home/etdisc/ros2_ws/install/aias_lab_skillset/include/Node.hpp
[24.940s] -- Up-to-date: /home/etdisc/ros2_ws/install/aias_lab_skillset/include/AiasLabSkillsetNode.hpp
[24.940s] -- Installing: /home/etdisc/ros2_ws/install/aias_lab_skillset/lib/libaias_lab_skillset.a
[24.961s] -- Installing: /home/etdisc/ros2_ws/install/aias_lab_skillset/lib/aias_lab_skillset/aias_lab_skillset_node
[24.978s] -- Set runtime path of "/home/etdisc/ros2_ws/install/aias_lab_skillset/lib/aias_lab_skillset/aias_lab_skillset_node" to ""
[24.978s] -- Up-to-date: /home/etdisc/ros2_ws/install/aias_lab_skillset/share/ament_index/resource_index/package_run_dependencies/aias_lab_skillset
[24.979s] -- Up-to-date: /home/etdisc/ros2_ws/install/aias_lab_skillset/share/ament_index/resource_index/parent_prefix_path/aias_lab_skillset
[24.979s] -- Up-to-date: /home/etdisc/ros2_ws/install/aias_lab_skillset/share/aias_lab_skillset/environment/ament_prefix_path.sh
[24.979s] -- Up-to-date: /home/etdisc/ros2_ws/install/aias_lab_skillset/share/aias_lab_skillset/environment/ament_prefix_path.dsv
[24.979s] -- Up-to-date: /home/etdisc/ros2_ws/install/aias_lab_skillset/share/aias_lab_skillset/environment/path.sh
[24.980s] -- Up-to-date: /home/etdisc/ros2_ws/install/aias_lab_skillset/share/aias_lab_skillset/environment/path.dsv
[24.980s] -- Up-to-date: /home/etdisc/ros2_ws/install/aias_lab_skillset/share/aias_lab_skillset/local_setup.bash
[24.980s] -- Up-to-date: /home/etdisc/ros2_ws/install/aias_lab_skillset/share/aias_lab_skillset/local_setup.sh
[24.980s] -- Up-to-date: /home/etdisc/ros2_ws/install/aias_lab_skillset/share/aias_lab_skillset/local_setup.zsh
[24.981s] -- Up-to-date: /home/etdisc/ros2_ws/install/aias_lab_skillset/share/aias_lab_skillset/local_setup.dsv
[24.981s] -- Installing: /home/etdisc/ros2_ws/install/aias_lab_skillset/share/aias_lab_skillset/package.dsv
[24.981s] -- Up-to-date: /home/etdisc/ros2_ws/install/aias_lab_skillset/share/ament_index/resource_index/packages/aias_lab_skillset
[24.981s] -- Up-to-date: /home/etdisc/ros2_ws/install/aias_lab_skillset/share/aias_lab_skillset/cmake/aias_lab_skillsetExport.cmake
[24.981s] -- Up-to-date: /home/etdisc/ros2_ws/install/aias_lab_skillset/share/aias_lab_skillset/cmake/aias_lab_skillsetExport-noconfig.cmake
[24.982s] -- Up-to-date: /home/etdisc/ros2_ws/install/aias_lab_skillset/share/aias_lab_skillset/cmake/ament_cmake_export_targets-extras.cmake
[24.982s] -- Up-to-date: /home/etdisc/ros2_ws/install/aias_lab_skillset/share/aias_lab_skillset/cmake/aias_lab_skillsetConfig.cmake
[24.982s] -- Up-to-date: /home/etdisc/ros2_ws/install/aias_lab_skillset/share/aias_lab_skillset/cmake/aias_lab_skillsetConfig-version.cmake
[24.982s] -- Up-to-date: /home/etdisc/ros2_ws/install/aias_lab_skillset/share/aias_lab_skillset/package.xml
[24.985s] Invoked command in '/home/etdisc/ros2_ws/build/aias_lab_skillset' returned '0': CMAKE_PREFIX_PATH=/home/etdisc/ros2_ws/install/isae_robot_skillset:/home/etdisc/ros2_ws/install/isae_robot_skillset_interfaces:/home/etdisc/ros2_ws/install/target_tracking:/home/etdisc/ros2_ws/install/autonomy_architecture:/home/etdisc/ros2_ws/install/visual_detection:/home/etdisc/ros2_ws/install/isae_simulations_package:/home/etdisc/ros2_ws/install/isae_robot_skillset_client:/home/etdisc/ros2_ws/install/isae_robot_skillset_gui_widgets:/home/etdisc/ros2_ws/install/control_pkg:/home/etdisc/ros2_ws/install/aias_lab_skillset:/home/etdisc/depots/colcon_ws/install/topic_tools:/home/etdisc/depots/colcon_ws/install/topic_tools_interfaces:/home/etdisc/depots/colcon_ws/install/move_to:/home/etdisc/depots/colcon_ws/install/gui_tools:/opt/ros/humble LD_LIBRARY_PATH=/home/etdisc/ros2_ws/install/isae_robot_skillset_interfaces/lib:/home/etdisc/ros2_ws/install/isae_robot_skillset_gui_widgets/lib:/home/etdisc/depots/colcon_ws/install/topic_tools/lib:/home/etdisc/depots/colcon_ws/install/topic_tools_interfaces/lib:/home/etdisc/depots/colcon_ws/install/move_to/lib:/home/etdisc/depots/colcon_ws/install/gui_tools/lib:/usr/lib/x86_64-linux-gnu/gazebo-11/plugins:/opt/ros/humble/opt/rviz_ogre_vendor/lib:/opt/ros/humble/lib/x86_64-linux-gnu:/opt/ros/humble/lib:/usr/share/gazebo/../../lib/x86_64-linux-gnu/gazebo-11/plugins /usr/bin/cmake --install /home/etdisc/ros2_ws/build/aias_lab_skillset
